<?xml version="1.0" encoding="UTF-8"?>
<testsuite xmlns:xsi="http://www.w3.org/2001/XMLSchema-instance" xsi:noNamespaceSchemaLocation="https://maven.apache.org/surefire/maven-surefire-plugin/xsd/surefire-test-report-3.0.xsd" version="3.0" name="tweettest.TweetAPIClientTest" time="17.16" tests="46" errors="0" skipped="0" failures="7">
  <properties>
    <property name="gopherProxySet" value="false"/>
    <property name="awt.toolkit" value="sun.lwawt.macosx.LWCToolkit"/>
    <property name="java.specification.version" value="11"/>
    <property name="sun.cpu.isalist" value=""/>
    <property name="sun.jnu.encoding" value="UTF-8"/>
    <property name="java.class.path" value="/Users/lyes/IdeaProjects/Team4_RestAPIAutomation/Twitter/target/test-classes:/Users/lyes/IdeaProjects/Team4_RestAPIAutomation/Twitter/target/classes:/Users/lyes/IdeaProjects/Team4_RestAPIAutomation/Generic/target/Generic-1.0-SNAPSHOT.jar:/Users/lyes/.m2/repository/org/testng/testng/7.1.0/testng-7.1.0.jar:/Users/lyes/.m2/repository/com/beust/jcommander/1.72/jcommander-1.72.jar:/Users/lyes/.m2/repository/com/google/inject/guice/4.1.0/guice-4.1.0-no_aop.jar:/Users/lyes/.m2/repository/javax/inject/javax.inject/1/javax.inject-1.jar:/Users/lyes/.m2/repository/aopalliance/aopalliance/1.0/aopalliance-1.0.jar:/Users/lyes/.m2/repository/com/google/guava/guava/19.0/guava-19.0.jar:/Users/lyes/.m2/repository/org/yaml/snakeyaml/1.21/snakeyaml-1.21.jar:/Users/lyes/.m2/repository/io/rest-assured/rest-assured/4.3.3/rest-assured-4.3.3.jar:/Users/lyes/.m2/repository/org/codehaus/groovy/groovy/3.0.7/groovy-3.0.7.jar:/Users/lyes/.m2/repository/org/codehaus/groovy/groovy-xml/3.0.7/groovy-xml-3.0.7.jar:/Users/lyes/.m2/repository/org/hamcrest/hamcrest/2.1/hamcrest-2.1.jar:/Users/lyes/.m2/repository/org/ccil/cowan/tagsoup/tagsoup/1.2.1/tagsoup-1.2.1.jar:/Users/lyes/.m2/repository/io/rest-assured/rest-assured-all/4.3.3/rest-assured-all-4.3.3.jar:/Users/lyes/.m2/repository/org/apache/commons/commons-lang3/3.11/commons-lang3-3.11.jar:/Users/lyes/.m2/repository/jakarta/xml/bind/jakarta.xml.bind-api/2.3.3/jakarta.xml.bind-api-2.3.3.jar:/Users/lyes/.m2/repository/jakarta/activation/jakarta.activation-api/1.2.2/jakarta.activation-api-1.2.2.jar:/Users/lyes/.m2/repository/com/sun/xml/bind/jaxb-impl/2.3.3/jaxb-impl-2.3.3.jar:/Users/lyes/.m2/repository/org/codehaus/groovy/groovy-json/3.0.7/groovy-json-3.0.7.jar:/Users/lyes/.m2/repository/com/github/scribejava/scribejava-apis/2.5.3/scribejava-apis-2.5.3.jar:/Users/lyes/.m2/repository/com/github/scribejava/scribejava-core/2.5.3/scribejava-core-2.5.3.jar:/Users/lyes/.m2/repository/com/fasterxml/jackson/core/jackson-databind/2.12.2/jackson-databind-2.12.2.jar:/Users/lyes/.m2/repository/com/fasterxml/jackson/core/jackson-annotations/2.12.2/jackson-annotations-2.12.2.jar:/Users/lyes/.m2/repository/com/fasterxml/jackson/core/jackson-core/2.12.2/jackson-core-2.12.2.jar:/Users/lyes/.m2/repository/com/mashape/unirest/unirest-java/1.4.9/unirest-java-1.4.9.jar:/Users/lyes/.m2/repository/org/apache/httpcomponents/httpclient/4.5.13/httpclient-4.5.13.jar:/Users/lyes/.m2/repository/org/apache/httpcomponents/httpcore/4.4.13/httpcore-4.4.13.jar:/Users/lyes/.m2/repository/commons-logging/commons-logging/1.2/commons-logging-1.2.jar:/Users/lyes/.m2/repository/commons-codec/commons-codec/1.11/commons-codec-1.11.jar:/Users/lyes/.m2/repository/org/apache/httpcomponents/httpasyncclient/4.1.4/httpasyncclient-4.1.4.jar:/Users/lyes/.m2/repository/org/apache/httpcomponents/httpcore-nio/4.4.10/httpcore-nio-4.4.10.jar:/Users/lyes/.m2/repository/org/apache/httpcomponents/httpmime/4.5.13/httpmime-4.5.13.jar:/Users/lyes/.m2/repository/org/json/json/20210307/json-20210307.jar:/Users/lyes/.m2/repository/io/rest-assured/json-path/4.3.3/json-path-4.3.3.jar:/Users/lyes/.m2/repository/io/rest-assured/rest-assured-common/4.3.3/rest-assured-common-4.3.3.jar:/Users/lyes/.m2/repository/com/googlecode/json-simple/json-simple/1.1.1/json-simple-1.1.1.jar:/Users/lyes/.m2/repository/junit/junit/4.10/junit-4.10.jar:/Users/lyes/.m2/repository/org/hamcrest/hamcrest-core/1.1/hamcrest-core-1.1.jar:/Users/lyes/.m2/repository/io/rest-assured/json-schema-validator/4.3.3/json-schema-validator-4.3.3.jar:/Users/lyes/.m2/repository/com/github/java-json-tools/json-schema-validator/2.2.14/json-schema-validator-2.2.14.jar:/Users/lyes/.m2/repository/com/github/java-json-tools/jackson-coreutils-equivalence/1.0/jackson-coreutils-equivalence-1.0.jar:/Users/lyes/.m2/repository/com/github/java-json-tools/jackson-coreutils/2.0/jackson-coreutils-2.0.jar:/Users/lyes/.m2/repository/com/github/java-json-tools/msg-simple/1.2/msg-simple-1.2.jar:/Users/lyes/.m2/repository/com/github/java-json-tools/btf/1.3/btf-1.3.jar:/Users/lyes/.m2/repository/com/github/java-json-tools/json-schema-core/1.2.14/json-schema-core-1.2.14.jar:/Users/lyes/.m2/repository/com/github/java-json-tools/uri-template/0.10/uri-template-0.10.jar:/Users/lyes/.m2/repository/org/mozilla/rhino/1.7.7.2/rhino-1.7.7.2.jar:/Users/lyes/.m2/repository/com/sun/mail/mailapi/1.6.2/mailapi-1.6.2.jar:/Users/lyes/.m2/repository/joda-time/joda-time/2.10.5/joda-time-2.10.5.jar:/Users/lyes/.m2/repository/com/googlecode/libphonenumber/libphonenumber/8.11.1/libphonenumber-8.11.1.jar:/Users/lyes/.m2/repository/com/google/code/findbugs/jsr305/3.0.2/jsr305-3.0.2.jar:/Users/lyes/.m2/repository/net/sf/jopt-simple/jopt-simple/5.0.4/jopt-simple-5.0.4.jar:/Users/lyes/.m2/repository/io/rest-assured/xml-path/4.3.3/xml-path-4.3.3.jar:"/>
    <property name="java.vm.vendor" value="Oracle Corporation"/>
    <property name="sun.arch.data.model" value="64"/>
    <property name="java.vendor.url" value="https://openjdk.java.net/"/>
    <property name="user.timezone" value="America/Chicago"/>
    <property name="java.vm.specification.version" value="11"/>
    <property name="os.name" value="Mac OS X"/>
    <property name="sun.java.launcher" value="SUN_STANDARD"/>
    <property name="user.country" value="US"/>
    <property name="sun.boot.library.path" value="/Library/Java/JavaVirtualMachines/jdk-11.0.9.jdk/Contents/Home/lib"/>
    <property name="sun.java.command" value="/Users/lyes/IdeaProjects/Team4_RestAPIAutomation/Twitter/target/surefire/surefirebooter11260477131984648523.jar /Users/lyes/IdeaProjects/Team4_RestAPIAutomation/Twitter/target/surefire 2021-04-09T02-08-00_624-jvmRun1 surefire7984030536352819005tmp surefire_016837234414090907571tmp"/>
    <property name="http.nonProxyHosts" value="local|*.local|169.254/16|*.169.254/16"/>
    <property name="jdk.debug" value="release"/>
    <property name="surefire.test.class.path" value="/Users/lyes/IdeaProjects/Team4_RestAPIAutomation/Twitter/target/test-classes:/Users/lyes/IdeaProjects/Team4_RestAPIAutomation/Twitter/target/classes:/Users/lyes/IdeaProjects/Team4_RestAPIAutomation/Generic/target/Generic-1.0-SNAPSHOT.jar:/Users/lyes/.m2/repository/org/testng/testng/7.1.0/testng-7.1.0.jar:/Users/lyes/.m2/repository/com/beust/jcommander/1.72/jcommander-1.72.jar:/Users/lyes/.m2/repository/com/google/inject/guice/4.1.0/guice-4.1.0-no_aop.jar:/Users/lyes/.m2/repository/javax/inject/javax.inject/1/javax.inject-1.jar:/Users/lyes/.m2/repository/aopalliance/aopalliance/1.0/aopalliance-1.0.jar:/Users/lyes/.m2/repository/com/google/guava/guava/19.0/guava-19.0.jar:/Users/lyes/.m2/repository/org/yaml/snakeyaml/1.21/snakeyaml-1.21.jar:/Users/lyes/.m2/repository/io/rest-assured/rest-assured/4.3.3/rest-assured-4.3.3.jar:/Users/lyes/.m2/repository/org/codehaus/groovy/groovy/3.0.7/groovy-3.0.7.jar:/Users/lyes/.m2/repository/org/codehaus/groovy/groovy-xml/3.0.7/groovy-xml-3.0.7.jar:/Users/lyes/.m2/repository/org/hamcrest/hamcrest/2.1/hamcrest-2.1.jar:/Users/lyes/.m2/repository/org/ccil/cowan/tagsoup/tagsoup/1.2.1/tagsoup-1.2.1.jar:/Users/lyes/.m2/repository/io/rest-assured/rest-assured-all/4.3.3/rest-assured-all-4.3.3.jar:/Users/lyes/.m2/repository/org/apache/commons/commons-lang3/3.11/commons-lang3-3.11.jar:/Users/lyes/.m2/repository/jakarta/xml/bind/jakarta.xml.bind-api/2.3.3/jakarta.xml.bind-api-2.3.3.jar:/Users/lyes/.m2/repository/jakarta/activation/jakarta.activation-api/1.2.2/jakarta.activation-api-1.2.2.jar:/Users/lyes/.m2/repository/com/sun/xml/bind/jaxb-impl/2.3.3/jaxb-impl-2.3.3.jar:/Users/lyes/.m2/repository/org/codehaus/groovy/groovy-json/3.0.7/groovy-json-3.0.7.jar:/Users/lyes/.m2/repository/com/github/scribejava/scribejava-apis/2.5.3/scribejava-apis-2.5.3.jar:/Users/lyes/.m2/repository/com/github/scribejava/scribejava-core/2.5.3/scribejava-core-2.5.3.jar:/Users/lyes/.m2/repository/com/fasterxml/jackson/core/jackson-databind/2.12.2/jackson-databind-2.12.2.jar:/Users/lyes/.m2/repository/com/fasterxml/jackson/core/jackson-annotations/2.12.2/jackson-annotations-2.12.2.jar:/Users/lyes/.m2/repository/com/fasterxml/jackson/core/jackson-core/2.12.2/jackson-core-2.12.2.jar:/Users/lyes/.m2/repository/com/mashape/unirest/unirest-java/1.4.9/unirest-java-1.4.9.jar:/Users/lyes/.m2/repository/org/apache/httpcomponents/httpclient/4.5.13/httpclient-4.5.13.jar:/Users/lyes/.m2/repository/org/apache/httpcomponents/httpcore/4.4.13/httpcore-4.4.13.jar:/Users/lyes/.m2/repository/commons-logging/commons-logging/1.2/commons-logging-1.2.jar:/Users/lyes/.m2/repository/commons-codec/commons-codec/1.11/commons-codec-1.11.jar:/Users/lyes/.m2/repository/org/apache/httpcomponents/httpasyncclient/4.1.4/httpasyncclient-4.1.4.jar:/Users/lyes/.m2/repository/org/apache/httpcomponents/httpcore-nio/4.4.10/httpcore-nio-4.4.10.jar:/Users/lyes/.m2/repository/org/apache/httpcomponents/httpmime/4.5.13/httpmime-4.5.13.jar:/Users/lyes/.m2/repository/org/json/json/20210307/json-20210307.jar:/Users/lyes/.m2/repository/io/rest-assured/json-path/4.3.3/json-path-4.3.3.jar:/Users/lyes/.m2/repository/io/rest-assured/rest-assured-common/4.3.3/rest-assured-common-4.3.3.jar:/Users/lyes/.m2/repository/com/googlecode/json-simple/json-simple/1.1.1/json-simple-1.1.1.jar:/Users/lyes/.m2/repository/junit/junit/4.10/junit-4.10.jar:/Users/lyes/.m2/repository/org/hamcrest/hamcrest-core/1.1/hamcrest-core-1.1.jar:/Users/lyes/.m2/repository/io/rest-assured/json-schema-validator/4.3.3/json-schema-validator-4.3.3.jar:/Users/lyes/.m2/repository/com/github/java-json-tools/json-schema-validator/2.2.14/json-schema-validator-2.2.14.jar:/Users/lyes/.m2/repository/com/github/java-json-tools/jackson-coreutils-equivalence/1.0/jackson-coreutils-equivalence-1.0.jar:/Users/lyes/.m2/repository/com/github/java-json-tools/jackson-coreutils/2.0/jackson-coreutils-2.0.jar:/Users/lyes/.m2/repository/com/github/java-json-tools/msg-simple/1.2/msg-simple-1.2.jar:/Users/lyes/.m2/repository/com/github/java-json-tools/btf/1.3/btf-1.3.jar:/Users/lyes/.m2/repository/com/github/java-json-tools/json-schema-core/1.2.14/json-schema-core-1.2.14.jar:/Users/lyes/.m2/repository/com/github/java-json-tools/uri-template/0.10/uri-template-0.10.jar:/Users/lyes/.m2/repository/org/mozilla/rhino/1.7.7.2/rhino-1.7.7.2.jar:/Users/lyes/.m2/repository/com/sun/mail/mailapi/1.6.2/mailapi-1.6.2.jar:/Users/lyes/.m2/repository/joda-time/joda-time/2.10.5/joda-time-2.10.5.jar:/Users/lyes/.m2/repository/com/googlecode/libphonenumber/libphonenumber/8.11.1/libphonenumber-8.11.1.jar:/Users/lyes/.m2/repository/com/google/code/findbugs/jsr305/3.0.2/jsr305-3.0.2.jar:/Users/lyes/.m2/repository/net/sf/jopt-simple/jopt-simple/5.0.4/jopt-simple-5.0.4.jar:/Users/lyes/.m2/repository/io/rest-assured/xml-path/4.3.3/xml-path-4.3.3.jar:"/>
    <property name="sun.cpu.endian" value="little"/>
    <property name="user.home" value="/Users/lyes"/>
    <property name="user.language" value="en"/>
    <property name="java.specification.vendor" value="Oracle Corporation"/>
    <property name="java.version.date" value="2020-10-20"/>
    <property name="java.home" value="/Library/Java/JavaVirtualMachines/jdk-11.0.9.jdk/Contents/Home"/>
    <property name="testng.dtd.http" value="true"/>
    <property name="file.separator" value="/"/>
    <property name="basedir" value="/Users/lyes/IdeaProjects/Team4_RestAPIAutomation/Twitter"/>
    <property name="java.vm.compressedOopsMode" value="Zero based"/>
    <property name="line.separator" value="&#10;"/>
    <property name="java.specification.name" value="Java Platform API Specification"/>
    <property name="java.vm.specification.vendor" value="Oracle Corporation"/>
    <property name="java.awt.graphicsenv" value="sun.awt.CGraphicsEnvironment"/>
    <property name="surefire.real.class.path" value="/Users/lyes/IdeaProjects/Team4_RestAPIAutomation/Twitter/target/surefire/surefirebooter11260477131984648523.jar"/>
    <property name="sun.management.compiler" value="HotSpot 64-Bit Tiered Compilers"/>
    <property name="ftp.nonProxyHosts" value="local|*.local|169.254/16|*.169.254/16"/>
    <property name="java.runtime.version" value="11.0.9+7-LTS"/>
    <property name="user.name" value="lyes"/>
    <property name="path.separator" value=":"/>
    <property name="os.version" value="10.16"/>
    <property name="java.runtime.name" value="Java(TM) SE Runtime Environment"/>
    <property name="file.encoding" value="UTF-8"/>
    <property name="java.vm.name" value="Java HotSpot(TM) 64-Bit Server VM"/>
    <property name="java.vendor.version" value="18.9"/>
    <property name="localRepository" value="/Users/lyes/.m2/repository"/>
    <property name="java.vendor.url.bug" value="https://bugreport.java.com/bugreport/"/>
    <property name="java.io.tmpdir" value="/var/folders/hj/j6pdy9px7y758gn4nv3q4ypm0000gn/T/"/>
    <property name="idea.version" value="2020.3.1"/>
    <property name="java.version" value="11.0.9"/>
    <property name="user.dir" value="/Users/lyes/IdeaProjects/Team4_RestAPIAutomation/Twitter"/>
    <property name="os.arch" value="x86_64"/>
    <property name="java.vm.specification.name" value="Java Virtual Machine Specification"/>
    <property name="java.awt.printerjob" value="sun.lwawt.macosx.CPrinterJob"/>
    <property name="sun.os.patch.level" value="unknown"/>
    <property name="java.library.path" value="/Users/lyes/Library/Java/Extensions:/Library/Java/Extensions:/Network/Library/Java/Extensions:/System/Library/Java/Extensions:/usr/lib/java:."/>
    <property name="java.vendor" value="Oracle Corporation"/>
    <property name="java.vm.info" value="mixed mode"/>
    <property name="java.vm.version" value="11.0.9+7-LTS"/>
    <property name="sun.io.unicode.encoding" value="UnicodeBig"/>
    <property name="java.class.version" value="55.0"/>
    <property name="socksNonProxyHosts" value="local|*.local|169.254/16|*.169.254/16"/>
  </properties>
  <testcase name="testUserCanTweetSuccessfully" classname="tweettest.TweetAPIClientTest" time="2.432"/>
  <testcase name="testUserCanTweetSuccessfullyAddingRandomUUID" classname="tweettest.TweetAPIClientTest" time="0.353"/>
  <testcase name="testUserCanNotTweetTheSameTweetTwiceInARow" classname="tweettest.TweetAPIClientTest" time="0.415">
    <failure message="1 expectation failed.&#10;Expected status code &lt;403&gt; but was &lt;200&gt;.&#10;" type="java.lang.AssertionError"><![CDATA[java.lang.AssertionError: 
1 expectation failed.
Expected status code <403> but was <200>.

	at tweettest.TweetAPIClientTest.testUserCanNotTweetTheSameTweetTwiceInARow(TweetAPIClientTest.java:47)
]]></failure>
  </testcase>
  <testcase name="testDeleteTweet" classname="tweettest.TweetAPIClientTest" time="0.337"/>
  <testcase name="testResponseTime" classname="tweettest.TweetAPIClientTest" time="0.635">
    <system-out><![CDATA[315
]]></system-out>
  </testcase>
  <testcase name="testHeaderValue" classname="tweettest.TweetAPIClientTest" time="0.33">
    <system-out><![CDATA[cache-control=no-cache, no-store, must-revalidate, pre-check=0, post-check=0
content-disposition=attachment; filename=json.json
content-encoding=gzip
content-length=2512
content-type=application/json;charset=utf-8
date=Fri, 09 Apr 2021 07:08:07 GMT
expires=Tue, 31 Mar 1981 05:00:00 GMT
last-modified=Fri, 09 Apr 2021 07:08:07 GMT
pragma=no-cache
server=tsa_b
set-cookie=personalization_id="v1_CwYm1DHdY7FwwF4VTRuAaQ=="; Max-Age=63072000; Expires=Sun, 09 Apr 2023 07:08:07 GMT; Path=/; Domain=.twitter.com; Secure; SameSite=None
set-cookie=lang=en; Path=/
set-cookie=guest_id=v1%3A161795208696529890; Max-Age=63072000; Expires=Sun, 09 Apr 2023 07:08:07 GMT; Path=/; Domain=.twitter.com; Secure; SameSite=None
status=200 OK
strict-transport-security=max-age=631138519
x-access-level=read-write
x-connection-hash=140bd380c0882786d972c899d4880348
x-content-type-options=nosniff
x-frame-options=SAMEORIGIN
x-rate-limit-limit=15
x-rate-limit-remaining=12
x-rate-limit-reset=1617952986
x-response-time=60
x-transaction=006e5c1000c5101b
x-twitter-response-tags=BouncerCompliant
x-xss-protection=0
]]></system-out>
  </testcase>
  <testcase name="testPropertyFromResponse" classname="tweettest.TweetAPIClientTest" time="0.36">
    <system-out><![CDATA[true
]]></system-out>
  </testcase>
  <testcase name="testGetAccountSettings" classname="tweettest.TweetAPIClientTest" time="0.354">
    <system-out><![CDATA[{
    "protected": false,
    "screen_name": "LKhemouche",
    "always_use_https": true,
    "use_cookie_personalization": true,
    "sleep_time": {
        "enabled": false,
        "end_time": null,
        "start_time": null
    },
    "geo_enabled": false,
    "language": "en",
    "discoverable_by_email": false,
    "discoverable_by_mobile_phone": true,
    "display_sensitive_media": false,
    "allow_contributor_request": "all",
    "allow_dms_from": "following",
    "allow_dm_groups_from": "following",
    "translator_type": "none"
}
]]></system-out>
  </testcase>
  <testcase name="testPostLanguage" classname="tweettest.TweetAPIClientTest" time="0.29">
    <system-out><![CDATA[{
    "protected": false,
    "screen_name": "LKhemouche",
    "always_use_https": true,
    "use_cookie_personalization": true,
    "sleep_time": {
        "enabled": false,
        "end_time": null,
        "start_time": null
    },
    "geo_enabled": false,
    "language": "en",
    "discoverable_by_email": false,
    "discoverable_by_mobile_phone": true,
    "display_sensitive_media": false,
    "allow_contributor_request": "all",
    "allow_dms_from": "following",
    "allow_dm_groups_from": "following",
    "translator_type": "none"
}
]]></system-out>
  </testcase>
  <testcase name="testSearchTweets" classname="tweettest.TweetAPIClientTest" time="0.304">
    <system-out><![CDATA[{
    "created_at": "Fri Apr 02 21:32:53 +0000 2021",
    "id": 1378098132874055681,
    "id_str": "1378098132874055681",
    "text": "I am verifying property from response82115ed8-5fc5-4e67-b893-8829708beed5",
    "truncated": false,
    "entities": {
        "hashtags": [
            
        ],
        "symbols": [
            
        ],
        "user_mentions": [
            
        ],
        "urls": [
            
        ]
    },
    "source": "",
    "in_reply_to_status_id": null,
    "in_reply_to_status_id_str": null,
    "in_reply_to_user_id": null,
    "in_reply_to_user_id_str": null,
    "in_reply_to_screen_name": null,
    "user": {
        "id": 1376019233793048576,
        "id_str": "1376019233793048576",
        "name": "Lyes Khemouche",
        "screen_name": "LKhemouche",
        "location": "",
        "description": "",
        "url": null,
        "entities": {
            "description": {
                "urls": [
                    
                ]
            }
        },
        "protected": false,
        "followers_count": 4,
        "friends_count": 2,
        "listed_count": 2,
        "created_at": "Sun Mar 28 03:52:18 +0000 2021",
        "favourites_count": 0,
        "utc_offset": null,
        "time_zone": null,
        "geo_enabled": false,
        "verified": false,
        "statuses_count": 27,
        "lang": null,
        "contributors_enabled": false,
        "is_translator": false,
        "is_translation_enabled": false,
        "profile_background_color": "F5F8FA",
        "profile_background_image_url": null,
        "profile_background_image_url_https": null,
        "profile_background_tile": false,
        "profile_image_url": "http://abs.twimg.com/sticky/default_profile_images/default_profile_normal.png",
        "profile_image_url_https": "https://abs.twimg.com/sticky/default_profile_images/default_profile_normal.png",
        "profile_link_color": "1DA1F2",
        "profile_sidebar_border_color": "C0DEED",
        "profile_sidebar_fill_color": "DDEEF6",
        "profile_text_color": "333333",
        "profile_use_background_image": true,
        "has_extended_profile": true,
        "default_profile": true,
        "default_profile_image": true,
        "following": false,
        "follow_request_sent": false,
        "notifications": false,
        "translator_type": "none"
    },
    "geo": null,
    "coordinates": null,
    "place": null,
    "contributors": null,
    "is_quote_status": false,
    "retweet_count": 0,
    "favorite_count": 0,
    "favorited": false,
    "retweeted": false,
    "lang": "en"
}
]]></system-out>
  </testcase>
  <testcase name="testGetName" classname="tweettest.TweetAPIClientTest" time="0.305">
    <system-out><![CDATA[{
    "created_at": "Fri Apr 02 21:32:53 +0000 2021",
    "id": 1378098132874055681,
    "id_str": "1378098132874055681",
    "text": "I am verifying property from response82115ed8-5fc5-4e67-b893-8829708beed5",
    "truncated": false,
    "entities": {
        "hashtags": [
            
        ],
        "symbols": [
            
        ],
        "user_mentions": [
            
        ],
        "urls": [
            
        ]
    },
    "source": "",
    "in_reply_to_status_id": null,
    "in_reply_to_status_id_str": null,
    "in_reply_to_user_id": null,
    "in_reply_to_user_id_str": null,
    "in_reply_to_screen_name": null,
    "user": {
        "id": 1376019233793048576,
        "id_str": "1376019233793048576",
        "name": "Lyes Khemouche",
        "screen_name": "LKhemouche",
        "location": "",
        "description": "",
        "url": null,
        "entities": {
            "description": {
                "urls": [
                    
                ]
            }
        },
        "protected": false,
        "followers_count": 4,
        "friends_count": 2,
        "listed_count": 2,
        "created_at": "Sun Mar 28 03:52:18 +0000 2021",
        "favourites_count": 0,
        "utc_offset": null,
        "time_zone": null,
        "geo_enabled": false,
        "verified": false,
        "statuses_count": 27,
        "lang": null,
        "contributors_enabled": false,
        "is_translator": false,
        "is_translation_enabled": false,
        "profile_background_color": "F5F8FA",
        "profile_background_image_url": null,
        "profile_background_image_url_https": null,
        "profile_background_tile": false,
        "profile_image_url": "http://abs.twimg.com/sticky/default_profile_images/default_profile_normal.png",
        "profile_image_url_https": "https://abs.twimg.com/sticky/default_profile_images/default_profile_normal.png",
        "profile_link_color": "1DA1F2",
        "profile_sidebar_border_color": "C0DEED",
        "profile_sidebar_fill_color": "DDEEF6",
        "profile_text_color": "333333",
        "profile_use_background_image": true,
        "has_extended_profile": true,
        "default_profile": true,
        "default_profile_image": true,
        "following": false,
        "follow_request_sent": false,
        "notifications": false,
        "translator_type": "none"
    },
    "geo": null,
    "coordinates": null,
    "place": null,
    "contributors": null,
    "is_quote_status": false,
    "retweet_count": 0,
    "favorite_count": 0,
    "favorited": false,
    "retweeted": false,
    "lang": "en"
}
]]></system-out>
  </testcase>
  <testcase name="testRetweet" classname="tweettest.TweetAPIClientTest" time="0.304">
    <failure message="expected [RT @LKhemouche: I am learning Rest API using Rest Assured and my First Tweet Same Tweet] but found [null]" type="java.lang.AssertionError"><![CDATA[java.lang.AssertionError: expected [RT @LKhemouche: I am learning Rest API using Rest Assured and my First Tweet Same Tweet] but found [null]
	at tweettest.TweetAPIClientTest.testRetweet(TweetAPIClientTest.java:126)
]]></failure>
    <system-out><![CDATA[{
    "errors": [
        {
            "code": 327,
            "message": "You have already retweeted this Tweet."
        }
    ]
}
]]></system-out>
  </testcase>
  <testcase name="testUserCannotRetweetTwice" classname="tweettest.TweetAPIClientTest" time="0.33">
    <system-out><![CDATA[{
    "errors": [
        {
            "code": 327,
            "message": "You have already retweeted this Tweet."
        }
    ]
}
]]></system-out>
  </testcase>
  <testcase name="testUpdateTweet" classname="tweettest.TweetAPIClientTest" time="0.339">
    <system-out><![CDATA[{
    "created_at": "Fri Apr 09 07:08:09 +0000 2021",
    "id": 1380417231436275713,
    "id_str": "1380417231436275713",
    "text": "I updated my using Assured Rest API21379117354064486411",
    "truncated": false,
    "entities": {
        "hashtags": [
            
        ],
        "symbols": [
            
        ],
        "user_mentions": [
            
        ],
        "urls": [
            
        ]
    },
    "source": "",
    "in_reply_to_status_id": null,
    "in_reply_to_status_id_str": null,
    "in_reply_to_user_id": null,
    "in_reply_to_user_id_str": null,
    "in_reply_to_screen_name": null,
    "user": {
        "id": 1376019233793048576,
        "id_str": "1376019233793048576",
        "name": "Lyes Khemouche",
        "screen_name": "LKhemouche",
        "location": "",
        "description": "",
        "url": null,
        "entities": {
            "description": {
                "urls": [
                    
                ]
            }
        },
        "protected": false,
        "followers_count": 4,
        "friends_count": 2,
        "listed_count": 2,
        "created_at": "Sun Mar 28 03:52:18 +0000 2021",
        "favourites_count": 0,
        "utc_offset": null,
        "time_zone": null,
        "geo_enabled": false,
        "verified": false,
        "statuses_count": 28,
        "lang": null,
        "contributors_enabled": false,
        "is_translator": false,
        "is_translation_enabled": false,
        "profile_background_color": "F5F8FA",
        "profile_background_image_url": null,
        "profile_background_image_url_https": null,
        "profile_background_tile": false,
        "profile_image_url": "http://abs.twimg.com/sticky/default_profile_images/default_profile_normal.png",
        "profile_image_url_https": "https://abs.twimg.com/sticky/default_profile_images/default_profile_normal.png",
        "profile_link_color": "1DA1F2",
        "profile_sidebar_border_color": "C0DEED",
        "profile_sidebar_fill_color": "DDEEF6",
        "profile_text_color": "333333",
        "profile_use_background_image": true,
        "has_extended_profile": true,
        "default_profile": true,
        "default_profile_image": true,
        "following": false,
        "follow_request_sent": false,
        "notifications": false,
        "translator_type": "none"
    },
    "geo": null,
    "coordinates": null,
    "place": null,
    "contributors": null,
    "is_quote_status": false,
    "retweet_count": 0,
    "favorite_count": 0,
    "favorited": false,
    "retweeted": false,
    "lang": "en"
}
]]></system-out>
  </testcase>
  <testcase name="testUnRetweet" classname="tweettest.TweetAPIClientTest" time="0.309">
    <system-out><![CDATA[{
    "created_at": "Mon Apr 05 17:02:54 +0000 2021",
    "id": 1379117354064486411,
    "id_str": "1379117354064486411",
    "text": "This is the first time I tweet using Assured Rest API",
    "truncated": false,
    "entities": {
        "hashtags": [
            
        ],
        "symbols": [
            
        ],
        "user_mentions": [
            
        ],
        "urls": [
            
        ]
    },
    "source": "",
    "in_reply_to_status_id": null,
    "in_reply_to_status_id_str": null,
    "in_reply_to_user_id": null,
    "in_reply_to_user_id_str": null,
    "in_reply_to_screen_name": null,
    "user": {
        "id": 1376019233793048576,
        "id_str": "1376019233793048576",
        "name": "Lyes Khemouche",
        "screen_name": "LKhemouche",
        "location": "",
        "description": "",
        "url": null,
        "entities": {
            "description": {
                "urls": [
                    
                ]
            }
        },
        "protected": false,
        "followers_count": 4,
        "friends_count": 2,
        "listed_count": 2,
        "created_at": "Sun Mar 28 03:52:18 +0000 2021",
        "favourites_count": 0,
        "utc_offset": null,
        "time_zone": null,
        "geo_enabled": false,
        "verified": false,
        "statuses_count": 28,
        "lang": null,
        "contributors_enabled": false,
        "is_translator": false,
        "is_translation_enabled": false,
        "profile_background_color": "F5F8FA",
        "profile_background_image_url": null,
        "profile_background_image_url_https": null,
        "profile_background_tile": false,
        "profile_image_url": "http://abs.twimg.com/sticky/default_profile_images/default_profile_normal.png",
        "profile_image_url_https": "https://abs.twimg.com/sticky/default_profile_images/default_profile_normal.png",
        "profile_link_color": "1DA1F2",
        "profile_sidebar_border_color": "C0DEED",
        "profile_sidebar_fill_color": "DDEEF6",
        "profile_text_color": "333333",
        "profile_use_background_image": true,
        "has_extended_profile": true,
        "default_profile": true,
        "default_profile_image": true,
        "following": false,
        "follow_request_sent": false,
        "notifications": false,
        "translator_type": "none"
    },
    "geo": null,
    "coordinates": null,
    "place": null,
    "contributors": null,
    "is_quote_status": false,
    "retweet_count": 0,
    "favorite_count": 0,
    "favorited": false,
    "retweeted": false,
    "lang": "en"
}
]]></system-out>
  </testcase>
  <testcase name="testGetRetweet" classname="tweettest.TweetAPIClientTest" time="0.291">
    <failure message="expected [RT @LKhemouche: This is the first time I tweet using Assured Rest API] but found [null]" type="java.lang.AssertionError"><![CDATA[java.lang.AssertionError: expected [RT @LKhemouche: This is the first time I tweet using Assured Rest API] but found [null]
	at tweettest.TweetAPIClientTest.testGetRetweet(TweetAPIClientTest.java:163)
]]></failure>
    <system-out><![CDATA[[
    
]
]]></system-out>
  </testcase>
  <testcase name="testCreateFavoriteTweet" classname="tweettest.TweetAPIClientTest" time="0.315">
    <system-out><![CDATA[{
    "created_at": "Mon Apr 05 17:02:54 +0000 2021",
    "id": 1379117354064486411,
    "id_str": "1379117354064486411",
    "text": "This is the first time I tweet using Assured Rest API",
    "truncated": false,
    "entities": {
        "hashtags": [
            
        ],
        "symbols": [
            
        ],
        "user_mentions": [
            
        ],
        "urls": [
            
        ]
    },
    "source": "",
    "in_reply_to_status_id": null,
    "in_reply_to_status_id_str": null,
    "in_reply_to_user_id": null,
    "in_reply_to_user_id_str": null,
    "in_reply_to_screen_name": null,
    "user": {
        "id": 1376019233793048576,
        "id_str": "1376019233793048576",
        "name": "Lyes Khemouche",
        "screen_name": "LKhemouche",
        "location": "",
        "description": "",
        "url": null,
        "entities": {
            "description": {
                "urls": [
                    
                ]
            }
        },
        "protected": false,
        "followers_count": 4,
        "friends_count": 2,
        "listed_count": 2,
        "created_at": "Sun Mar 28 03:52:18 +0000 2021",
        "favourites_count": 1,
        "utc_offset": null,
        "time_zone": null,
        "geo_enabled": false,
        "verified": false,
        "statuses_count": 28,
        "lang": null,
        "contributors_enabled": false,
        "is_translator": false,
        "is_translation_enabled": false,
        "profile_background_color": "F5F8FA",
        "profile_background_image_url": null,
        "profile_background_image_url_https": null,
        "profile_background_tile": false,
        "profile_image_url": "http://abs.twimg.com/sticky/default_profile_images/default_profile_normal.png",
        "profile_image_url_https": "https://abs.twimg.com/sticky/default_profile_images/default_profile_normal.png",
        "profile_link_color": "1DA1F2",
        "profile_sidebar_border_color": "C0DEED",
        "profile_sidebar_fill_color": "DDEEF6",
        "profile_text_color": "333333",
        "profile_use_background_image": true,
        "has_extended_profile": true,
        "default_profile": true,
        "default_profile_image": true,
        "following": false,
        "follow_request_sent": false,
        "notifications": false,
        "translator_type": "none"
    },
    "geo": null,
    "coordinates": null,
    "place": null,
    "contributors": null,
    "is_quote_status": false,
    "retweet_count": 0,
    "favorite_count": 1,
    "favorited": true,
    "retweeted": false,
    "lang": "en"
}
]]></system-out>
  </testcase>
  <testcase name="testUserCannotCreateFavoriteTweetTwice" classname="tweettest.TweetAPIClientTest" time="0.277">
    <system-out><![CDATA[{
    "errors": [
        {
            "code": 139,
            "message": "You have already favorited this status."
        }
    ]
}
]]></system-out>
  </testcase>
  <testcase name="testDestroyFavoriteTweet" classname="tweettest.TweetAPIClientTest" time="0.327">
    <system-out><![CDATA[{
    "created_at": "Mon Apr 05 17:02:54 +0000 2021",
    "id": 1379117354064486411,
    "id_str": "1379117354064486411",
    "text": "This is the first time I tweet using Assured Rest API",
    "truncated": false,
    "entities": {
        "hashtags": [
            
        ],
        "symbols": [
            
        ],
        "user_mentions": [
            
        ],
        "urls": [
            
        ]
    },
    "source": "",
    "in_reply_to_status_id": null,
    "in_reply_to_status_id_str": null,
    "in_reply_to_user_id": null,
    "in_reply_to_user_id_str": null,
    "in_reply_to_screen_name": null,
    "user": {
        "id": 1376019233793048576,
        "id_str": "1376019233793048576",
        "name": "Lyes Khemouche",
        "screen_name": "LKhemouche",
        "location": "",
        "description": "",
        "url": null,
        "entities": {
            "description": {
                "urls": [
                    
                ]
            }
        },
        "protected": false,
        "followers_count": 4,
        "friends_count": 2,
        "listed_count": 2,
        "created_at": "Sun Mar 28 03:52:18 +0000 2021",
        "favourites_count": 0,
        "utc_offset": null,
        "time_zone": null,
        "geo_enabled": false,
        "verified": false,
        "statuses_count": 28,
        "lang": null,
        "contributors_enabled": false,
        "is_translator": false,
        "is_translation_enabled": false,
        "profile_background_color": "F5F8FA",
        "profile_background_image_url": null,
        "profile_background_image_url_https": null,
        "profile_background_tile": false,
        "profile_image_url": "http://abs.twimg.com/sticky/default_profile_images/default_profile_normal.png",
        "profile_image_url_https": "https://abs.twimg.com/sticky/default_profile_images/default_profile_normal.png",
        "profile_link_color": "1DA1F2",
        "profile_sidebar_border_color": "C0DEED",
        "profile_sidebar_fill_color": "DDEEF6",
        "profile_text_color": "333333",
        "profile_use_background_image": true,
        "has_extended_profile": true,
        "default_profile": true,
        "default_profile_image": true,
        "following": false,
        "follow_request_sent": false,
        "notifications": false,
        "translator_type": "none"
    },
    "geo": null,
    "coordinates": null,
    "place": null,
    "contributors": null,
    "is_quote_status": false,
    "retweet_count": 0,
    "favorite_count": 1,
    "favorited": false,
    "retweeted": false,
    "lang": "en"
}
]]></system-out>
  </testcase>
  <testcase name="testLookupTweets" classname="tweettest.TweetAPIClientTest" time="0.315">
    <system-out><![CDATA[[
    {
        "created_at": "Mon Apr 05 17:02:54 +0000 2021",
        "id": 1379117354064486411,
        "id_str": "1379117354064486411",
        "text": "This is the first time I tweet using Assured Rest API",
        "truncated": false,
        "entities": {
            "hashtags": [
                
            ],
            "symbols": [
                
            ],
            "user_mentions": [
                
            ],
            "urls": [
                
            ]
        },
        "source": "",
        "in_reply_to_status_id": null,
        "in_reply_to_status_id_str": null,
        "in_reply_to_user_id": null,
        "in_reply_to_user_id_str": null,
        "in_reply_to_screen_name": null,
        "user": {
            "id": 1376019233793048576,
            "id_str": "1376019233793048576",
            "name": "Lyes Khemouche",
            "screen_name": "LKhemouche",
            "location": "",
            "description": "",
            "url": null,
            "entities": {
                "description": {
                    "urls": [
                        
                    ]
                }
            },
            "protected": false,
            "followers_count": 4,
            "friends_count": 2,
            "listed_count": 2,
            "created_at": "Sun Mar 28 03:52:18 +0000 2021",
            "favourites_count": 0,
            "utc_offset": null,
            "time_zone": null,
            "geo_enabled": false,
            "verified": false,
            "statuses_count": 28,
            "lang": null,
            "contributors_enabled": false,
            "is_translator": false,
            "is_translation_enabled": false,
            "profile_background_color": "F5F8FA",
            "profile_background_image_url": null,
            "profile_background_image_url_https": null,
            "profile_background_tile": false,
            "profile_image_url": "http://abs.twimg.com/sticky/default_profile_images/default_profile_normal.png",
            "profile_image_url_https": "https://abs.twimg.com/sticky/default_profile_images/default_profile_normal.png",
            "profile_link_color": "1DA1F2",
            "profile_sidebar_border_color": "C0DEED",
            "profile_sidebar_fill_color": "DDEEF6",
            "profile_text_color": "333333",
            "profile_use_background_image": true,
            "has_extended_profile": true,
            "default_profile": true,
            "default_profile_image": true,
            "following": false,
            "follow_request_sent": false,
            "notifications": false,
            "translator_type": "none"
        },
        "geo": null,
        "coordinates": null,
        "place": null,
        "contributors": null,
        "is_quote_status": false,
        "retweet_count": 0,
        "favorite_count": 0,
        "favorited": false,
        "retweeted": false,
        "lang": "en"
    }
]
]]></system-out>
  </testcase>
  <testcase name="testUserCannotDeleteMessage" classname="tweettest.TweetAPIClientTest" time="0.27">
    <system-out><![CDATA[{
    "errors": [
        {
            "code": 93,
            "message": "This application is not allowed to access or delete your direct messages."
        }
    ]
}
]]></system-out>
  </testcase>
  <testcase name="testGetUserTimeLine" classname="tweettest.TweetAPIClientTest" time="0.486">
    <failure message="Tweet did not match expected [I updated my using Assured Rest API11379117354064486411] but found [I updated my using Assured Rest API21379117354064486411]" type="java.lang.AssertionError"><![CDATA[java.lang.AssertionError: Tweet did not match expected [I updated my using Assured Rest API11379117354064486411] but found [I updated my using Assured Rest API21379117354064486411]
	at tweettest.TweetAPIClientTest.testGetUserTimeLine(TweetAPIClientTest.java:223)
]]></failure>
    <system-out><![CDATA[[
    {
        "created_at": "Fri Apr 09 07:08:09 +0000 2021",
        "id": 1380417231436275713,
        "id_str": "1380417231436275713",
        "text": "I updated my using Assured Rest API21379117354064486411",
        "truncated": false,
        "entities": {
            "hashtags": [
                
            ],
            "symbols": [
                
            ],
            "user_mentions": [
                
            ],
            "urls": [
                
            ]
        },
        "source": "",
        "in_reply_to_status_id": null,
        "in_reply_to_status_id_str": null,
        "in_reply_to_user_id": null,
        "in_reply_to_user_id_str": null,
        "in_reply_to_screen_name": null,
        "user": {
            "id": 1376019233793048576,
            "id_str": "1376019233793048576",
            "name": "Lyes Khemouche",
            "screen_name": "LKhemouche",
            "location": "",
            "description": "",
            "url": null,
            "entities": {
                "description": {
                    "urls": [
                        
                    ]
                }
            },
            "protected": false,
            "followers_count": 4,
            "friends_count": 2,
            "listed_count": 2,
            "created_at": "Sun Mar 28 03:52:18 +0000 2021",
            "favourites_count": 0,
            "utc_offset": null,
            "time_zone": null,
            "geo_enabled": false,
            "verified": false,
            "statuses_count": 28,
            "lang": null,
            "contributors_enabled": false,
            "is_translator": false,
            "is_translation_enabled": false,
            "profile_background_color": "F5F8FA",
            "profile_background_image_url": null,
            "profile_background_image_url_https": null,
            "profile_background_tile": false,
            "profile_image_url": "http://abs.twimg.com/sticky/default_profile_images/default_profile_normal.png",
            "profile_image_url_https": "https://abs.twimg.com/sticky/default_profile_images/default_profile_normal.png",
            "profile_link_color": "1DA1F2",
            "profile_sidebar_border_color": "C0DEED",
            "profile_sidebar_fill_color": "DDEEF6",
            "profile_text_color": "333333",
            "profile_use_background_image": true,
            "has_extended_profile": true,
            "default_profile": true,
            "default_profile_image": true,
            "following": false,
            "follow_request_sent": false,
            "notifications": false,
            "translator_type": "none"
        },
        "geo": null,
        "coordinates": null,
        "place": null,
        "contributors": null,
        "is_quote_status": false,
        "retweet_count": 0,
        "favorite_count": 0,
        "favorited": false,
        "retweeted": false,
        "lang": "en"
    },
    {
        "created_at": "Fri Apr 09 07:08:07 +0000 2021",
        "id": 1380417221973966851,
        "id_str": "1380417221973966851",
        "text": "I am verifying property from response15a32f9d-96de-49b1-b241-9dc7c0c75323",
        "truncated": false,
        "entities": {
            "hashtags": [
                
            ],
            "symbols": [
                
            ],
            "user_mentions": [
                
            ],
            "urls": [
                
            ]
        },
        "source": "",
        "in_reply_to_status_id": null,
        "in_reply_to_status_id_str": null,
        "in_reply_to_user_id": null,
        "in_reply_to_user_id_str": null,
        "in_reply_to_screen_name": null,
        "user": {
            "id": 1376019233793048576,
            "id_str": "1376019233793048576",
            "name": "Lyes Khemouche",
            "screen_name": "LKhemouche",
            "location": "",
            "description": "",
            "url": null,
            "entities": {
                "description": {
                    "urls": [
                        
                    ]
                }
            },
            "protected": false,
            "followers_count": 4,
            "friends_count": 2,
            "listed_count": 2,
            "created_at": "Sun Mar 28 03:52:18 +0000 2021",
            "favourites_count": 0,
            "utc_offset": null,
            "time_zone": null,
            "geo_enabled": false,
            "verified": false,
            "statuses_count": 28,
            "lang": null,
            "contributors_enabled": false,
            "is_translator": false,
            "is_translation_enabled": false,
            "profile_background_color": "F5F8FA",
            "profile_background_image_url": null,
            "profile_background_image_url_https": null,
            "profile_background_tile": false,
            "profile_image_url": "http://abs.twimg.com/sticky/default_profile_images/default_profile_normal.png",
            "profile_image_url_https": "https://abs.twimg.com/sticky/default_profile_images/default_profile_normal.png",
            "profile_link_color": "1DA1F2",
            "profile_sidebar_border_color": "C0DEED",
            "profile_sidebar_fill_color": "DDEEF6",
            "profile_text_color": "333333",
            "profile_use_background_image": true,
            "has_extended_profile": true,
            "default_profile": true,
            "default_profile_image": true,
            "following": false,
            "follow_request_sent": false,
            "notifications": false,
            "translator_type": "none"
        },
        "geo": null,
        "coordinates": null,
        "place": null,
        "contributors": null,
        "is_quote_status": false,
        "retweet_count": 0,
        "favorite_count": 0,
        "favorited": false,
        "retweeted": false,
        "lang": "en"
    },
    {
        "created_at": "Fri Apr 09 07:08:05 +0000 2021",
        "id": 1380417214986117120,
        "id_str": "1380417214986117120",
        "text": "This is the first time I tweet using Assured Rest API",
        "truncated": false,
        "entities": {
            "hashtags": [
                
            ],
            "symbols": [
                
            ],
            "user_mentions": [
                
            ],
            "urls": [
                
            ]
        },
        "source": "",
        "in_reply_to_status_id": null,
        "in_reply_to_status_id_str": null,
        "in_reply_to_user_id": null,
        "in_reply_to_user_id_str": null,
        "in_reply_to_screen_name": null,
        "user": {
            "id": 1376019233793048576,
            "id_str": "1376019233793048576",
            "name": "Lyes Khemouche",
            "screen_name": "LKhemouche",
            "location": "",
            "description": "",
            "url": null,
            "entities": {
                "description": {
                    "urls": [
                        
                    ]
                }
            },
            "protected": false,
            "followers_count": 4,
            "friends_count": 2,
            "listed_count": 2,
            "created_at": "Sun Mar 28 03:52:18 +0000 2021",
            "favourites_count": 0,
            "utc_offset": null,
            "time_zone": null,
            "geo_enabled": false,
            "verified": false,
            "statuses_count": 28,
            "lang": null,
            "contributors_enabled": false,
            "is_translator": false,
            "is_translation_enabled": false,
            "profile_background_color": "F5F8FA",
            "profile_background_image_url": null,
            "profile_background_image_url_https": null,
            "profile_background_tile": false,
            "profile_image_url": "http://abs.twimg.com/sticky/default_profile_images/default_profile_normal.png",
            "profile_image_url_https": "https://abs.twimg.com/sticky/default_profile_images/default_profile_normal.png",
            "profile_link_color": "1DA1F2",
            "profile_sidebar_border_color": "C0DEED",
            "profile_sidebar_fill_color": "DDEEF6",
            "profile_text_color": "333333",
            "profile_use_background_image": true,
            "has_extended_profile": true,
            "default_profile": true,
            "default_profile_image": true,
            "following": false,
            "follow_request_sent": false,
            "notifications": false,
            "translator_type": "none"
        },
        "geo": null,
        "coordinates": null,
        "place": null,
        "contributors": null,
        "is_quote_status": false,
        "retweet_count": 0,
        "favorite_count": 0,
        "favorited": false,
        "retweeted": false,
        "lang": "en"
    },
    {
        "created_at": "Fri Apr 09 07:08:05 +0000 2021",
        "id": 1380417213375651841,
        "id_str": "1380417213375651841",
        "text": "This is for Halimb2b6d316-5155-4bd6-ad7f-b6240b395dbb",
        "truncated": false,
        "entities": {
            "hashtags": [
                
            ],
            "symbols": [
                
            ],
            "user_mentions": [
                
            ],
            "urls": [
                
            ]
        },
        "source": "",
        "in_reply_to_status_id": null,
        "in_reply_to_status_id_str": null,
        "in_reply_to_user_id": null,
        "in_reply_to_user_id_str": null,
        "in_reply_to_screen_name": null,
        "user": {
            "id": 1376019233793048576,
            "id_str": "1376019233793048576",
            "name": "Lyes Khemouche",
            "screen_name": "LKhemouche",
            "location": "",
            "description": "",
            "url": null,
            "entities": {
                "description": {
                    "urls": [
                        
                    ]
                }
            },
            "protected": false,
            "followers_count": 4,
            "friends_count": 2,
            "listed_count": 2,
            "created_at": "Sun Mar 28 03:52:18 +0000 2021",
            "favourites_count": 0,
            "utc_offset": null,
            "time_zone": null,
            "geo_enabled": false,
            "verified": false,
            "statuses_count": 28,
            "lang": null,
            "contributors_enabled": false,
            "is_translator": false,
            "is_translation_enabled": false,
            "profile_background_color": "F5F8FA",
            "profile_background_image_url": null,
            "profile_background_image_url_https": null,
            "profile_background_tile": false,
            "profile_image_url": "http://abs.twimg.com/sticky/default_profile_images/default_profile_normal.png",
            "profile_image_url_https": "https://abs.twimg.com/sticky/default_profile_images/default_profile_normal.png",
            "profile_link_color": "1DA1F2",
            "profile_sidebar_border_color": "C0DEED",
            "profile_sidebar_fill_color": "DDEEF6",
            "profile_text_color": "333333",
            "profile_use_background_image": true,
            "has_extended_profile": true,
            "default_profile": true,
            "default_profile_image": true,
            "following": false,
            "follow_request_sent": false,
            "notifications": false,
            "translator_type": "none"
        },
        "geo": null,
        "coordinates": null,
        "place": null,
        "contributors": null,
        "is_quote_status": false,
        "retweet_count": 0,
        "favorite_count": 0,
        "favorited": false,
        "retweeted": false,
        "lang": "en"
    },
    {
        "created_at": "Fri Apr 09 07:08:04 +0000 2021",
        "id": 1380417209609154565,
        "id_str": "1380417209609154565",
        "text": "This is for Halim",
        "truncated": false,
        "entities": {
            "hashtags": [
                
            ],
            "symbols": [
                
            ],
            "user_mentions": [
                
            ],
            "urls": [
                
            ]
        },
        "source": "",
        "in_reply_to_status_id": null,
        "in_reply_to_status_id_str": null,
        "in_reply_to_user_id": null,
        "in_reply_to_user_id_str": null,
        "in_reply_to_screen_name": null,
        "user": {
            "id": 1376019233793048576,
            "id_str": "1376019233793048576",
            "name": "Lyes Khemouche",
            "screen_name": "LKhemouche",
            "location": "",
            "description": "",
            "url": null,
            "entities": {
                "description": {
                    "urls": [
                        
                    ]
                }
            },
            "protected": false,
            "followers_count": 4,
            "friends_count": 2,
            "listed_count": 2,
            "created_at": "Sun Mar 28 03:52:18 +0000 2021",
            "favourites_count": 0,
            "utc_offset": null,
            "time_zone": null,
            "geo_enabled": false,
            "verified": false,
            "statuses_count": 28,
            "lang": null,
            "contributors_enabled": false,
            "is_translator": false,
            "is_translation_enabled": false,
            "profile_background_color": "F5F8FA",
            "profile_background_image_url": null,
            "profile_background_image_url_https": null,
            "profile_background_tile": false,
            "profile_image_url": "http://abs.twimg.com/sticky/default_profile_images/default_profile_normal.png",
            "profile_image_url_https": "https://abs.twimg.com/sticky/default_profile_images/default_profile_normal.png",
            "profile_link_color": "1DA1F2",
            "profile_sidebar_border_color": "C0DEED",
            "profile_sidebar_fill_color": "DDEEF6",
            "profile_text_color": "333333",
            "profile_use_background_image": true,
            "has_extended_profile": true,
            "default_profile": true,
            "default_profile_image": true,
            "following": false,
            "follow_request_sent": false,
            "notifications": false,
            "translator_type": "none"
        },
        "geo": null,
        "coordinates": null,
        "place": null,
        "contributors": null,
        "is_quote_status": false,
        "retweet_count": 0,
        "favorite_count": 0,
        "favorited": false,
        "retweeted": false,
        "lang": "en"
    },
    {
        "created_at": "Wed Apr 07 20:22:41 +0000 2021",
        "id": 1379892404501757953,
        "id_str": "1379892404501757953",
        "text": "I updated my using Assured Rest API11379117354064486411",
        "truncated": false,
        "entities": {
            "hashtags": [
                
            ],
            "symbols": [
                
            ],
            "user_mentions": [
                
            ],
            "urls": [
                
            ]
        },
        "source": "",
        "in_reply_to_status_id": null,
        "in_reply_to_status_id_str": null,
        "in_reply_to_user_id": null,
        "in_reply_to_user_id_str": null,
        "in_reply_to_screen_name": null,
        "user": {
            "id": 1376019233793048576,
            "id_str": "1376019233793048576",
            "name": "Lyes Khemouche",
            "screen_name": "LKhemouche",
            "location": "",
            "description": "",
            "url": null,
            "entities": {
                "description": {
                    "urls": [
                        
                    ]
                }
            },
            "protected": false,
            "followers_count": 4,
            "friends_count": 2,
            "listed_count": 2,
            "created_at": "Sun Mar 28 03:52:18 +0000 2021",
            "favourites_count": 0,
            "utc_offset": null,
            "time_zone": null,
            "geo_enabled": false,
            "verified": false,
            "statuses_count": 28,
            "lang": null,
            "contributors_enabled": false,
            "is_translator": false,
            "is_translation_enabled": false,
            "profile_background_color": "F5F8FA",
            "profile_background_image_url": null,
            "profile_background_image_url_https": null,
            "profile_background_tile": false,
            "profile_image_url": "http://abs.twimg.com/sticky/default_profile_images/default_profile_normal.png",
            "profile_image_url_https": "https://abs.twimg.com/sticky/default_profile_images/default_profile_normal.png",
            "profile_link_color": "1DA1F2",
            "profile_sidebar_border_color": "C0DEED",
            "profile_sidebar_fill_color": "DDEEF6",
            "profile_text_color": "333333",
            "profile_use_background_image": true,
            "has_extended_profile": true,
            "default_profile": true,
            "default_profile_image": true,
            "following": false,
            "follow_request_sent": false,
            "notifications": false,
            "translator_type": "none"
        },
        "geo": null,
        "coordinates": null,
        "place": null,
        "contributors": null,
        "is_quote_status": false,
        "retweet_count": 0,
        "favorite_count": 1,
        "favorited": false,
        "retweeted": false,
        "lang": "en"
    },
    {
        "created_at": "Wed Apr 07 20:18:19 +0000 2021",
        "id": 1379891309075386374,
        "id_str": "1379891309075386374",
        "text": "I am verifying property from responsecfe58293-1d1a-47db-ba86-a034ba5da56d",
        "truncated": false,
        "entities": {
            "hashtags": [
                
            ],
            "symbols": [
                
            ],
            "user_mentions": [
                
            ],
            "urls": [
                
            ]
        },
        "source": "",
        "in_reply_to_status_id": null,
        "in_reply_to_status_id_str": null,
        "in_reply_to_user_id": null,
        "in_reply_to_user_id_str": null,
        "in_reply_to_screen_name": null,
        "user": {
            "id": 1376019233793048576,
            "id_str": "1376019233793048576",
            "name": "Lyes Khemouche",
            "screen_name": "LKhemouche",
            "location": "",
            "description": "",
            "url": null,
            "entities": {
                "description": {
                    "urls": [
                        
                    ]
                }
            },
            "protected": false,
            "followers_count": 4,
            "friends_count": 2,
            "listed_count": 2,
            "created_at": "Sun Mar 28 03:52:18 +0000 2021",
            "favourites_count": 0,
            "utc_offset": null,
            "time_zone": null,
            "geo_enabled": false,
            "verified": false,
            "statuses_count": 28,
            "lang": null,
            "contributors_enabled": false,
            "is_translator": false,
            "is_translation_enabled": false,
            "profile_background_color": "F5F8FA",
            "profile_background_image_url": null,
            "profile_background_image_url_https": null,
            "profile_background_tile": false,
            "profile_image_url": "http://abs.twimg.com/sticky/default_profile_images/default_profile_normal.png",
            "profile_image_url_https": "https://abs.twimg.com/sticky/default_profile_images/default_profile_normal.png",
            "profile_link_color": "1DA1F2",
            "profile_sidebar_border_color": "C0DEED",
            "profile_sidebar_fill_color": "DDEEF6",
            "profile_text_color": "333333",
            "profile_use_background_image": true,
            "has_extended_profile": true,
            "default_profile": true,
            "default_profile_image": true,
            "following": false,
            "follow_request_sent": false,
            "notifications": false,
            "translator_type": "none"
        },
        "geo": null,
        "coordinates": null,
        "place": null,
        "contributors": null,
        "is_quote_status": false,
        "retweet_count": 0,
        "favorite_count": 0,
        "favorited": false,
        "retweeted": false,
        "lang": "en"
    },
    {
        "created_at": "Wed Apr 07 19:21:30 +0000 2021",
        "id": 1379877009036345355,
        "id_str": "1379877009036345355",
        "text": "This is for Halimc826358a-6ea1-4521-9b26-0ed9ad9529fd",
        "truncated": false,
        "entities": {
            "hashtags": [
                
            ],
            "symbols": [
                
            ],
            "user_mentions": [
                
            ],
            "urls": [
                
            ]
        },
        "source": "",
        "in_reply_to_status_id": null,
        "in_reply_to_status_id_str": null,
        "in_reply_to_user_id": null,
        "in_reply_to_user_id_str": null,
        "in_reply_to_screen_name": null,
        "user": {
            "id": 1376019233793048576,
            "id_str": "1376019233793048576",
            "name": "Lyes Khemouche",
            "screen_name": "LKhemouche",
            "location": "",
            "description": "",
            "url": null,
            "entities": {
                "description": {
                    "urls": [
                        
                    ]
                }
            },
            "protected": false,
            "followers_count": 4,
            "friends_count": 2,
            "listed_count": 2,
            "created_at": "Sun Mar 28 03:52:18 +0000 2021",
            "favourites_count": 0,
            "utc_offset": null,
            "time_zone": null,
            "geo_enabled": false,
            "verified": false,
            "statuses_count": 28,
            "lang": null,
            "contributors_enabled": false,
            "is_translator": false,
            "is_translation_enabled": false,
            "profile_background_color": "F5F8FA",
            "profile_background_image_url": null,
            "profile_background_image_url_https": null,
            "profile_background_tile": false,
            "profile_image_url": "http://abs.twimg.com/sticky/default_profile_images/default_profile_normal.png",
            "profile_image_url_https": "https://abs.twimg.com/sticky/default_profile_images/default_profile_normal.png",
            "profile_link_color": "1DA1F2",
            "profile_sidebar_border_color": "C0DEED",
            "profile_sidebar_fill_color": "DDEEF6",
            "profile_text_color": "333333",
            "profile_use_background_image": true,
            "has_extended_profile": true,
            "default_profile": true,
            "default_profile_image": true,
            "following": false,
            "follow_request_sent": false,
            "notifications": false,
            "translator_type": "none"
        },
        "geo": null,
        "coordinates": null,
        "place": null,
        "contributors": null,
        "is_quote_status": false,
        "retweet_count": 0,
        "favorite_count": 0,
        "favorited": false,
        "retweeted": false,
        "lang": "en"
    },
    {
        "created_at": "Wed Apr 07 19:21:30 +0000 2021",
        "id": 1379877007492800514,
        "id_str": "1379877007492800514",
        "text": "This is for Halim",
        "truncated": false,
        "entities": {
            "hashtags": [
                
            ],
            "symbols": [
                
            ],
            "user_mentions": [
                
            ],
            "urls": [
                
            ]
        },
        "source": "",
        "in_reply_to_status_id": null,
        "in_reply_to_status_id_str": null,
        "in_reply_to_user_id": null,
        "in_reply_to_user_id_str": null,
        "in_reply_to_screen_name": null,
        "user": {
            "id": 1376019233793048576,
            "id_str": "1376019233793048576",
            "name": "Lyes Khemouche",
            "screen_name": "LKhemouche",
            "location": "",
            "description": "",
            "url": null,
            "entities": {
                "description": {
                    "urls": [
                        
                    ]
                }
            },
            "protected": false,
            "followers_count": 4,
            "friends_count": 2,
            "listed_count": 2,
            "created_at": "Sun Mar 28 03:52:18 +0000 2021",
            "favourites_count": 0,
            "utc_offset": null,
            "time_zone": null,
            "geo_enabled": false,
            "verified": false,
            "statuses_count": 28,
            "lang": null,
            "contributors_enabled": false,
            "is_translator": false,
            "is_translation_enabled": false,
            "profile_background_color": "F5F8FA",
            "profile_background_image_url": null,
            "profile_background_image_url_https": null,
            "profile_background_tile": false,
            "profile_image_url": "http://abs.twimg.com/sticky/default_profile_images/default_profile_normal.png",
            "profile_image_url_https": "https://abs.twimg.com/sticky/default_profile_images/default_profile_normal.png",
            "profile_link_color": "1DA1F2",
            "profile_sidebar_border_color": "C0DEED",
            "profile_sidebar_fill_color": "DDEEF6",
            "profile_text_color": "333333",
            "profile_use_background_image": true,
            "has_extended_profile": true,
            "default_profile": true,
            "default_profile_image": true,
            "following": false,
            "follow_request_sent": false,
            "notifications": false,
            "translator_type": "none"
        },
        "geo": null,
        "coordinates": null,
        "place": null,
        "contributors": null,
        "is_quote_status": false,
        "retweet_count": 0,
        "favorite_count": 0,
        "favorited": false,
        "retweeted": false,
        "lang": "en"
    },
    {
        "created_at": "Wed Apr 07 19:21:29 +0000 2021",
        "id": 1379877006054191117,
        "id_str": "1379877006054191117",
        "text": "This is the first time I tweet using Assured Rest API",
        "truncated": false,
        "entities": {
            "hashtags": [
                
            ],
            "symbols": [
                
            ],
            "user_mentions": [
                
            ],
            "urls": [
                
            ]
        },
        "source": "",
        "in_reply_to_status_id": null,
        "in_reply_to_status_id_str": null,
        "in_reply_to_user_id": null,
        "in_reply_to_user_id_str": null,
        "in_reply_to_screen_name": null,
        "user": {
            "id": 1376019233793048576,
            "id_str": "1376019233793048576",
            "name": "Lyes Khemouche",
            "screen_name": "LKhemouche",
            "location": "",
            "description": "",
            "url": null,
            "entities": {
                "description": {
                    "urls": [
                        
                    ]
                }
            },
            "protected": false,
            "followers_count": 4,
            "friends_count": 2,
            "listed_count": 2,
            "created_at": "Sun Mar 28 03:52:18 +0000 2021",
            "favourites_count": 0,
            "utc_offset": null,
            "time_zone": null,
            "geo_enabled": false,
            "verified": false,
            "statuses_count": 28,
            "lang": null,
            "contributors_enabled": false,
            "is_translator": false,
            "is_translation_enabled": false,
            "profile_background_color": "F5F8FA",
            "profile_background_image_url": null,
            "profile_background_image_url_https": null,
            "profile_background_tile": false,
            "profile_image_url": "http://abs.twimg.com/sticky/default_profile_images/default_profile_normal.png",
            "profile_image_url_https": "https://abs.twimg.com/sticky/default_profile_images/default_profile_normal.png",
            "profile_link_color": "1DA1F2",
            "profile_sidebar_border_color": "C0DEED",
            "profile_sidebar_fill_color": "DDEEF6",
            "profile_text_color": "333333",
            "profile_use_background_image": true,
            "has_extended_profile": true,
            "default_profile": true,
            "default_profile_image": true,
            "following": false,
            "follow_request_sent": false,
            "notifications": false,
            "translator_type": "none"
        },
        "geo": null,
        "coordinates": null,
        "place": null,
        "contributors": null,
        "is_quote_status": false,
        "retweet_count": 0,
        "favorite_count": 0,
        "favorited": false,
        "retweeted": false,
        "lang": "en"
    },
    {
        "created_at": "Wed Apr 07 19:21:26 +0000 2021",
        "id": 1379876994003955714,
        "id_str": "1379876994003955714",
        "text": "I am verifying property from response5e42af6d-d9a3-4093-b82f-7fea8513eb9a",
        "truncated": false,
        "entities": {
            "hashtags": [
                
            ],
            "symbols": [
                
            ],
            "user_mentions": [
                
            ],
            "urls": [
                
            ]
        },
        "source": "",
        "in_reply_to_status_id": null,
        "in_reply_to_status_id_str": null,
        "in_reply_to_user_id": null,
        "in_reply_to_user_id_str": null,
        "in_reply_to_screen_name": null,
        "user": {
            "id": 1376019233793048576,
            "id_str": "1376019233793048576",
            "name": "Lyes Khemouche",
            "screen_name": "LKhemouche",
            "location": "",
            "description": "",
            "url": null,
            "entities": {
                "description": {
                    "urls": [
                        
                    ]
                }
            },
            "protected": false,
            "followers_count": 4,
            "friends_count": 2,
            "listed_count": 2,
            "created_at": "Sun Mar 28 03:52:18 +0000 2021",
            "favourites_count": 0,
            "utc_offset": null,
            "time_zone": null,
            "geo_enabled": false,
            "verified": false,
            "statuses_count": 28,
            "lang": null,
            "contributors_enabled": false,
            "is_translator": false,
            "is_translation_enabled": false,
            "profile_background_color": "F5F8FA",
            "profile_background_image_url": null,
            "profile_background_image_url_https": null,
            "profile_background_tile": false,
            "profile_image_url": "http://abs.twimg.com/sticky/default_profile_images/default_profile_normal.png",
            "profile_image_url_https": "https://abs.twimg.com/sticky/default_profile_images/default_profile_normal.png",
            "profile_link_color": "1DA1F2",
            "profile_sidebar_border_color": "C0DEED",
            "profile_sidebar_fill_color": "DDEEF6",
            "profile_text_color": "333333",
            "profile_use_background_image": true,
            "has_extended_profile": true,
            "default_profile": true,
            "default_profile_image": true,
            "following": false,
            "follow_request_sent": false,
            "notifications": false,
            "translator_type": "none"
        },
        "geo": null,
        "coordinates": null,
        "place": null,
        "contributors": null,
        "is_quote_status": false,
        "retweet_count": 0,
        "favorite_count": 0,
        "favorited": false,
        "retweeted": false,
        "lang": "en"
    },
    {
        "created_at": "Wed Apr 07 15:45:29 +0000 2021",
        "id": 1379822648633520129,
        "id_str": "1379822648633520129",
        "text": "https://t.co/OPPnbu0223",
        "truncated": false,
        "entities": {
            "hashtags": [
                
            ],
            "symbols": [
                
            ],
            "user_mentions": [
                
            ],
            "urls": [
                
            ],
            "media": [
                {
                    "id": 1379822642266509313,
                    "id_str": "1379822642266509313",
                    "indices": [
                        0,
                        23
                    ],
                    "media_url": "http://pbs.twimg.com/tweet_video_thumb/EyYdYe1WEAExM0n.jpg",
                    "media_url_https": "https://pbs.twimg.com/tweet_video_thumb/EyYdYe1WEAExM0n.jpg",
                    "url": "https://t.co/OPPnbu0223",
                    "display_url": "pic.twitter.com/OPPnbu0223",
                    "expanded_url": "https://twitter.com/LKhemouche/status/1379822648633520129/photo/1",
                    "type": "photo",
                    "sizes": {
                        "thumb": {
                            "w": 150,
                            "h": 150,
                            "resize": "crop"
                        },
                        "large": {
                            "w": 330,
                            "h": 312,
                            "resize": "fit"
                        },
                        "small": {
                            "w": 330,
                            "h": 312,
                            "resize": "fit"
                        },
                        "medium": {
                            "w": 330,
                            "h": 312,
                            "resize": "fit"
                        }
                    }
                }
            ]
        },
        "extended_entities": {
            "media": [
                {
                    "id": 1379822642266509313,
                    "id_str": "1379822642266509313",
                    "indices": [
                        0,
                        23
                    ],
                    "media_url": "http://pbs.twimg.com/tweet_video_thumb/EyYdYe1WEAExM0n.jpg",
                    "media_url_https": "https://pbs.twimg.com/tweet_video_thumb/EyYdYe1WEAExM0n.jpg",
                    "url": "https://t.co/OPPnbu0223",
                    "display_url": "pic.twitter.com/OPPnbu0223",
                    "expanded_url": "https://twitter.com/LKhemouche/status/1379822648633520129/photo/1",
                    "type": "animated_gif",
                    "sizes": {
                        "thumb": {
                            "w": 150,
                            "h": 150,
                            "resize": "crop"
                        },
                        "large": {
                            "w": 330,
                            "h": 312,
                            "resize": "fit"
                        },
                        "small": {
                            "w": 330,
                            "h": 312,
                            "resize": "fit"
                        },
                        "medium": {
                            "w": 330,
                            "h": 312,
                            "resize": "fit"
                        }
                    },
                    "video_info": {
                        "aspect_ratio": [
                            55,
                            52
                        ],
                        "variants": [
                            {
                                "bitrate": 0,
                                "content_type": "video/mp4",
                                "url": "https://video.twimg.com/tweet_video/EyYdYe1WEAExM0n.mp4"
                            }
                        ]
                    }
                }
            ]
        },
        "source": "<a href=\"https://mobile.twitter.com\" rel=\"nofollow\">Twitter Web App</a>",
        "in_reply_to_status_id": null,
        "in_reply_to_status_id_str": null,
        "in_reply_to_user_id": null,
        "in_reply_to_user_id_str": null,
        "in_reply_to_screen_name": null,
        "user": {
            "id": 1376019233793048576,
            "id_str": "1376019233793048576",
            "name": "Lyes Khemouche",
            "screen_name": "LKhemouche",
            "location": "",
            "description": "",
            "url": null,
            "entities": {
                "description": {
                    "urls": [
                        
                    ]
                }
            },
            "protected": false,
            "followers_count": 4,
            "friends_count": 2,
            "listed_count": 2,
            "created_at": "Sun Mar 28 03:52:18 +0000 2021",
            "favourites_count": 0,
            "utc_offset": null,
            "time_zone": null,
            "geo_enabled": false,
            "verified": false,
            "statuses_count": 28,
            "lang": null,
            "contributors_enabled": false,
            "is_translator": false,
            "is_translation_enabled": false,
            "profile_background_color": "F5F8FA",
            "profile_background_image_url": null,
            "profile_background_image_url_https": null,
            "profile_background_tile": false,
            "profile_image_url": "http://abs.twimg.com/sticky/default_profile_images/default_profile_normal.png",
            "profile_image_url_https": "https://abs.twimg.com/sticky/default_profile_images/default_profile_normal.png",
            "profile_link_color": "1DA1F2",
            "profile_sidebar_border_color": "C0DEED",
            "profile_sidebar_fill_color": "DDEEF6",
            "profile_text_color": "333333",
            "profile_use_background_image": true,
            "has_extended_profile": true,
            "default_profile": true,
            "default_profile_image": true,
            "following": false,
            "follow_request_sent": false,
            "notifications": false,
            "translator_type": "none"
        },
        "geo": null,
        "coordinates": null,
        "place": null,
        "contributors": null,
        "is_quote_status": false,
        "retweet_count": 0,
        "favorite_count": 0,
        "favorited": false,
        "retweeted": false,
        "possibly_sensitive": false,
        "lang": "und"
    },
    {
        "created_at": "Wed Apr 07 15:28:38 +0000 2021",
        "id": 1379818406485057539,
        "id_str": "1379818406485057539",
        "text": "I updated my using Assured Rest API1379117354064486411",
        "truncated": false,
        "entities": {
            "hashtags": [
                
            ],
            "symbols": [
                
            ],
            "user_mentions": [
                
            ],
            "urls": [
                
            ]
        },
        "source": "",
        "in_reply_to_status_id": null,
        "in_reply_to_status_id_str": null,
        "in_reply_to_user_id": null,
        "in_reply_to_user_id_str": null,
        "in_reply_to_screen_name": null,
        "user": {
            "id": 1376019233793048576,
            "id_str": "1376019233793048576",
            "name": "Lyes Khemouche",
            "screen_name": "LKhemouche",
            "location": "",
            "description": "",
            "url": null,
            "entities": {
                "description": {
                    "urls": [
                        
                    ]
                }
            },
            "protected": false,
            "followers_count": 4,
            "friends_count": 2,
            "listed_count": 2,
            "created_at": "Sun Mar 28 03:52:18 +0000 2021",
            "favourites_count": 0,
            "utc_offset": null,
            "time_zone": null,
            "geo_enabled": false,
            "verified": false,
            "statuses_count": 28,
            "lang": null,
            "contributors_enabled": false,
            "is_translator": false,
            "is_translation_enabled": false,
            "profile_background_color": "F5F8FA",
            "profile_background_image_url": null,
            "profile_background_image_url_https": null,
            "profile_background_tile": false,
            "profile_image_url": "http://abs.twimg.com/sticky/default_profile_images/default_profile_normal.png",
            "profile_image_url_https": "https://abs.twimg.com/sticky/default_profile_images/default_profile_normal.png",
            "profile_link_color": "1DA1F2",
            "profile_sidebar_border_color": "C0DEED",
            "profile_sidebar_fill_color": "DDEEF6",
            "profile_text_color": "333333",
            "profile_use_background_image": true,
            "has_extended_profile": true,
            "default_profile": true,
            "default_profile_image": true,
            "following": false,
            "follow_request_sent": false,
            "notifications": false,
            "translator_type": "none"
        },
        "geo": null,
        "coordinates": null,
        "place": null,
        "contributors": null,
        "is_quote_status": false,
        "retweet_count": 0,
        "favorite_count": 0,
        "favorited": false,
        "retweeted": false,
        "lang": "en"
    },
    {
        "created_at": "Wed Apr 07 15:27:41 +0000 2021",
        "id": 1379818169183961089,
        "id_str": "1379818169183961089",
        "text": "RT @LKhemouche: I am learning Rest API using Rest Assured and my First Tweet Same Tweet",
        "truncated": false,
        "entities": {
            "hashtags": [
                
            ],
            "symbols": [
                
            ],
            "user_mentions": [
                {
                    "screen_name": "LKhemouche",
                    "name": "Lyes Khemouche",
                    "id": 1376019233793048576,
                    "id_str": "1376019233793048576",
                    "indices": [
                        3,
                        14
                    ]
                }
            ],
            "urls": [
                
            ]
        },
        "source": "",
        "in_reply_to_status_id": null,
        "in_reply_to_status_id_str": null,
        "in_reply_to_user_id": null,
        "in_reply_to_user_id_str": null,
        "in_reply_to_screen_name": null,
        "user": {
            "id": 1376019233793048576,
            "id_str": "1376019233793048576",
            "name": "Lyes Khemouche",
            "screen_name": "LKhemouche",
            "location": "",
            "description": "",
            "url": null,
            "entities": {
                "description": {
                    "urls": [
                        
                    ]
                }
            },
            "protected": false,
            "followers_count": 4,
            "friends_count": 2,
            "listed_count": 2,
            "created_at": "Sun Mar 28 03:52:18 +0000 2021",
            "favourites_count": 0,
            "utc_offset": null,
            "time_zone": null,
            "geo_enabled": false,
            "verified": false,
            "statuses_count": 28,
            "lang": null,
            "contributors_enabled": false,
            "is_translator": false,
            "is_translation_enabled": false,
            "profile_background_color": "F5F8FA",
            "profile_background_image_url": null,
            "profile_background_image_url_https": null,
            "profile_background_tile": false,
            "profile_image_url": "http://abs.twimg.com/sticky/default_profile_images/default_profile_normal.png",
            "profile_image_url_https": "https://abs.twimg.com/sticky/default_profile_images/default_profile_normal.png",
            "profile_link_color": "1DA1F2",
            "profile_sidebar_border_color": "C0DEED",
            "profile_sidebar_fill_color": "DDEEF6",
            "profile_text_color": "333333",
            "profile_use_background_image": true,
            "has_extended_profile": true,
            "default_profile": true,
            "default_profile_image": true,
            "following": false,
            "follow_request_sent": false,
            "notifications": false,
            "translator_type": "none"
        },
        "geo": null,
        "coordinates": null,
        "place": null,
        "contributors": null,
        "retweeted_status": {
            "created_at": "Fri Apr 02 17:42:47 +0000 2021",
            "id": 1378040227609128963,
            "id_str": "1378040227609128963",
            "text": "I am learning Rest API using Rest Assured and my First Tweet Same Tweet",
            "truncated": false,
            "entities": {
                "hashtags": [
                    
                ],
                "symbols": [
                    
                ],
                "user_mentions": [
                    
                ],
                "urls": [
                    
                ]
            },
            "source": "",
            "in_reply_to_status_id": null,
            "in_reply_to_status_id_str": null,
            "in_reply_to_user_id": null,
            "in_reply_to_user_id_str": null,
            "in_reply_to_screen_name": null,
            "user": {
                "id": 1376019233793048576,
                "id_str": "1376019233793048576",
                "name": "Lyes Khemouche",
                "screen_name": "LKhemouche",
                "location": "",
                "description": "",
                "url": null,
                "entities": {
                    "description": {
                        "urls": [
                            
                        ]
                    }
                },
                "protected": false,
                "followers_count": 4,
                "friends_count": 2,
                "listed_count": 2,
                "created_at": "Sun Mar 28 03:52:18 +0000 2021",
                "favourites_count": 0,
                "utc_offset": null,
                "time_zone": null,
                "geo_enabled": false,
                "verified": false,
                "statuses_count": 28,
                "lang": null,
                "contributors_enabled": false,
                "is_translator": false,
                "is_translation_enabled": false,
                "profile_background_color": "F5F8FA",
                "profile_background_image_url": null,
                "profile_background_image_url_https": null,
                "profile_background_tile": false,
                "profile_image_url": "http://abs.twimg.com/sticky/default_profile_images/default_profile_normal.png",
                "profile_image_url_https": "https://abs.twimg.com/sticky/default_profile_images/default_profile_normal.png",
                "profile_link_color": "1DA1F2",
                "profile_sidebar_border_color": "C0DEED",
                "profile_sidebar_fill_color": "DDEEF6",
                "profile_text_color": "333333",
                "profile_use_background_image": true,
                "has_extended_profile": true,
                "default_profile": true,
                "default_profile_image": true,
                "following": false,
                "follow_request_sent": false,
                "notifications": false,
                "translator_type": "none"
            },
            "geo": null,
            "coordinates": null,
            "place": null,
            "contributors": null,
            "is_quote_status": false,
            "retweet_count": 1,
            "favorite_count": 0,
            "favorited": false,
            "retweeted": true,
            "lang": "en"
        },
        "is_quote_status": false,
        "retweet_count": 1,
        "favorite_count": 0,
        "favorited": false,
        "retweeted": true,
        "lang": "en"
    },
    {
        "created_at": "Tue Apr 06 06:08:43 +0000 2021",
        "id": 1379315111962292229,
        "id_str": "1379315111962292229",
        "text": "This is for Halimd49f9ac9-f6fd-4f1f-9da1-8fbd64ecf3fe",
        "truncated": false,
        "entities": {
            "hashtags": [
                
            ],
            "symbols": [
                
            ],
            "user_mentions": [
                
            ],
            "urls": [
                
            ]
        },
        "source": "",
        "in_reply_to_status_id": null,
        "in_reply_to_status_id_str": null,
        "in_reply_to_user_id": null,
        "in_reply_to_user_id_str": null,
        "in_reply_to_screen_name": null,
        "user": {
            "id": 1376019233793048576,
            "id_str": "1376019233793048576",
            "name": "Lyes Khemouche",
            "screen_name": "LKhemouche",
            "location": "",
            "description": "",
            "url": null,
            "entities": {
                "description": {
                    "urls": [
                        
                    ]
                }
            },
            "protected": false,
            "followers_count": 4,
            "friends_count": 2,
            "listed_count": 2,
            "created_at": "Sun Mar 28 03:52:18 +0000 2021",
            "favourites_count": 0,
            "utc_offset": null,
            "time_zone": null,
            "geo_enabled": false,
            "verified": false,
            "statuses_count": 28,
            "lang": null,
            "contributors_enabled": false,
            "is_translator": false,
            "is_translation_enabled": false,
            "profile_background_color": "F5F8FA",
            "profile_background_image_url": null,
            "profile_background_image_url_https": null,
            "profile_background_tile": false,
            "profile_image_url": "http://abs.twimg.com/sticky/default_profile_images/default_profile_normal.png",
            "profile_image_url_https": "https://abs.twimg.com/sticky/default_profile_images/default_profile_normal.png",
            "profile_link_color": "1DA1F2",
            "profile_sidebar_border_color": "C0DEED",
            "profile_sidebar_fill_color": "DDEEF6",
            "profile_text_color": "333333",
            "profile_use_background_image": true,
            "has_extended_profile": true,
            "default_profile": true,
            "default_profile_image": true,
            "following": false,
            "follow_request_sent": false,
            "notifications": false,
            "translator_type": "none"
        },
        "geo": null,
        "coordinates": null,
        "place": null,
        "contributors": null,
        "is_quote_status": false,
        "retweet_count": 0,
        "favorite_count": 1,
        "favorited": false,
        "retweeted": false,
        "lang": "en"
    },
    {
        "created_at": "Mon Apr 05 22:51:58 +0000 2021",
        "id": 1379205199580033024,
        "id_str": "1379205199580033024",
        "text": "This is just a reply",
        "truncated": false,
        "entities": {
            "hashtags": [
                
            ],
            "symbols": [
                
            ],
            "user_mentions": [
                
            ],
            "urls": [
                
            ]
        },
        "source": "<a href=\"https://mobile.twitter.com\" rel=\"nofollow\">Twitter Web App</a>",
        "in_reply_to_status_id": 1379117354064486411,
        "in_reply_to_status_id_str": "1379117354064486411",
        "in_reply_to_user_id": 1376019233793048576,
        "in_reply_to_user_id_str": "1376019233793048576",
        "in_reply_to_screen_name": "LKhemouche",
        "user": {
            "id": 1376019233793048576,
            "id_str": "1376019233793048576",
            "name": "Lyes Khemouche",
            "screen_name": "LKhemouche",
            "location": "",
            "description": "",
            "url": null,
            "entities": {
                "description": {
                    "urls": [
                        
                    ]
                }
            },
            "protected": false,
            "followers_count": 4,
            "friends_count": 2,
            "listed_count": 2,
            "created_at": "Sun Mar 28 03:52:18 +0000 2021",
            "favourites_count": 0,
            "utc_offset": null,
            "time_zone": null,
            "geo_enabled": false,
            "verified": false,
            "statuses_count": 28,
            "lang": null,
            "contributors_enabled": false,
            "is_translator": false,
            "is_translation_enabled": false,
            "profile_background_color": "F5F8FA",
            "profile_background_image_url": null,
            "profile_background_image_url_https": null,
            "profile_background_tile": false,
            "profile_image_url": "http://abs.twimg.com/sticky/default_profile_images/default_profile_normal.png",
            "profile_image_url_https": "https://abs.twimg.com/sticky/default_profile_images/default_profile_normal.png",
            "profile_link_color": "1DA1F2",
            "profile_sidebar_border_color": "C0DEED",
            "profile_sidebar_fill_color": "DDEEF6",
            "profile_text_color": "333333",
            "profile_use_background_image": true,
            "has_extended_profile": true,
            "default_profile": true,
            "default_profile_image": true,
            "following": false,
            "follow_request_sent": false,
            "notifications": false,
            "translator_type": "none"
        },
        "geo": null,
        "coordinates": null,
        "place": null,
        "contributors": null,
        "is_quote_status": false,
        "retweet_count": 0,
        "favorite_count": 0,
        "favorited": false,
        "retweeted": false,
        "lang": "en"
    },
    {
        "created_at": "Mon Apr 05 19:10:25 +0000 2021",
        "id": 1379149442440429572,
        "id_str": "1379149442440429572",
        "text": "I updated my using Assured Rest API1379117354064486411",
        "truncated": false,
        "entities": {
            "hashtags": [
                
            ],
            "symbols": [
                
            ],
            "user_mentions": [
                
            ],
            "urls": [
                
            ]
        },
        "source": "",
        "in_reply_to_status_id": null,
        "in_reply_to_status_id_str": null,
        "in_reply_to_user_id": null,
        "in_reply_to_user_id_str": null,
        "in_reply_to_screen_name": null,
        "user": {
            "id": 1376019233793048576,
            "id_str": "1376019233793048576",
            "name": "Lyes Khemouche",
            "screen_name": "LKhemouche",
            "location": "",
            "description": "",
            "url": null,
            "entities": {
                "description": {
                    "urls": [
                        
                    ]
                }
            },
            "protected": false,
            "followers_count": 4,
            "friends_count": 2,
            "listed_count": 2,
            "created_at": "Sun Mar 28 03:52:18 +0000 2021",
            "favourites_count": 0,
            "utc_offset": null,
            "time_zone": null,
            "geo_enabled": false,
            "verified": false,
            "statuses_count": 28,
            "lang": null,
            "contributors_enabled": false,
            "is_translator": false,
            "is_translation_enabled": false,
            "profile_background_color": "F5F8FA",
            "profile_background_image_url": null,
            "profile_background_image_url_https": null,
            "profile_background_tile": false,
            "profile_image_url": "http://abs.twimg.com/sticky/default_profile_images/default_profile_normal.png",
            "profile_image_url_https": "https://abs.twimg.com/sticky/default_profile_images/default_profile_normal.png",
            "profile_link_color": "1DA1F2",
            "profile_sidebar_border_color": "C0DEED",
            "profile_sidebar_fill_color": "DDEEF6",
            "profile_text_color": "333333",
            "profile_use_background_image": true,
            "has_extended_profile": true,
            "default_profile": true,
            "default_profile_image": true,
            "following": false,
            "follow_request_sent": false,
            "notifications": false,
            "translator_type": "none"
        },
        "geo": null,
        "coordinates": null,
        "place": null,
        "contributors": null,
        "is_quote_status": false,
        "retweet_count": 0,
        "favorite_count": 0,
        "favorited": false,
        "retweeted": false,
        "lang": "en"
    },
    {
        "created_at": "Mon Apr 05 18:46:10 +0000 2021",
        "id": 1379143340399210503,
        "id_str": "1379143340399210503",
        "text": "I m learning RestAPI and this is my first tweeta7312829-d2d6-477d-b692-3d2472319ce1",
        "truncated": false,
        "entities": {
            "hashtags": [
                
            ],
            "symbols": [
                
            ],
            "user_mentions": [
                
            ],
            "urls": [
                
            ]
        },
        "source": "",
        "in_reply_to_status_id": null,
        "in_reply_to_status_id_str": null,
        "in_reply_to_user_id": null,
        "in_reply_to_user_id_str": null,
        "in_reply_to_screen_name": null,
        "user": {
            "id": 1376019233793048576,
            "id_str": "1376019233793048576",
            "name": "Lyes Khemouche",
            "screen_name": "LKhemouche",
            "location": "",
            "description": "",
            "url": null,
            "entities": {
                "description": {
                    "urls": [
                        
                    ]
                }
            },
            "protected": false,
            "followers_count": 4,
            "friends_count": 2,
            "listed_count": 2,
            "created_at": "Sun Mar 28 03:52:18 +0000 2021",
            "favourites_count": 0,
            "utc_offset": null,
            "time_zone": null,
            "geo_enabled": false,
            "verified": false,
            "statuses_count": 28,
            "lang": null,
            "contributors_enabled": false,
            "is_translator": false,
            "is_translation_enabled": false,
            "profile_background_color": "F5F8FA",
            "profile_background_image_url": null,
            "profile_background_image_url_https": null,
            "profile_background_tile": false,
            "profile_image_url": "http://abs.twimg.com/sticky/default_profile_images/default_profile_normal.png",
            "profile_image_url_https": "https://abs.twimg.com/sticky/default_profile_images/default_profile_normal.png",
            "profile_link_color": "1DA1F2",
            "profile_sidebar_border_color": "C0DEED",
            "profile_sidebar_fill_color": "DDEEF6",
            "profile_text_color": "333333",
            "profile_use_background_image": true,
            "has_extended_profile": true,
            "default_profile": true,
            "default_profile_image": true,
            "following": false,
            "follow_request_sent": false,
            "notifications": false,
            "translator_type": "none"
        },
        "geo": null,
        "coordinates": null,
        "place": null,
        "contributors": null,
        "is_quote_status": false,
        "retweet_count": 0,
        "favorite_count": 0,
        "favorited": false,
        "retweeted": false,
        "lang": "en"
    },
    {
        "created_at": "Mon Apr 05 17:02:54 +0000 2021",
        "id": 1379117354064486411,
        "id_str": "1379117354064486411",
        "text": "This is the first time I tweet using Assured Rest API",
        "truncated": false,
        "entities": {
            "hashtags": [
                
            ],
            "symbols": [
                
            ],
            "user_mentions": [
                
            ],
            "urls": [
                
            ]
        },
        "source": "",
        "in_reply_to_status_id": null,
        "in_reply_to_status_id_str": null,
        "in_reply_to_user_id": null,
        "in_reply_to_user_id_str": null,
        "in_reply_to_screen_name": null,
        "user": {
            "id": 1376019233793048576,
            "id_str": "1376019233793048576",
            "name": "Lyes Khemouche",
            "screen_name": "LKhemouche",
            "location": "",
            "description": "",
            "url": null,
            "entities": {
                "description": {
                    "urls": [
                        
                    ]
                }
            },
            "protected": false,
            "followers_count": 4,
            "friends_count": 2,
            "listed_count": 2,
            "created_at": "Sun Mar 28 03:52:18 +0000 2021",
            "favourites_count": 0,
            "utc_offset": null,
            "time_zone": null,
            "geo_enabled": false,
            "verified": false,
            "statuses_count": 28,
            "lang": null,
            "contributors_enabled": false,
            "is_translator": false,
            "is_translation_enabled": false,
            "profile_background_color": "F5F8FA",
            "profile_background_image_url": null,
            "profile_background_image_url_https": null,
            "profile_background_tile": false,
            "profile_image_url": "http://abs.twimg.com/sticky/default_profile_images/default_profile_normal.png",
            "profile_image_url_https": "https://abs.twimg.com/sticky/default_profile_images/default_profile_normal.png",
            "profile_link_color": "1DA1F2",
            "profile_sidebar_border_color": "C0DEED",
            "profile_sidebar_fill_color": "DDEEF6",
            "profile_text_color": "333333",
            "profile_use_background_image": true,
            "has_extended_profile": true,
            "default_profile": true,
            "default_profile_image": true,
            "following": false,
            "follow_request_sent": false,
            "notifications": false,
            "translator_type": "none"
        },
        "geo": null,
        "coordinates": null,
        "place": null,
        "contributors": null,
        "is_quote_status": false,
        "retweet_count": 0,
        "favorite_count": 0,
        "favorited": false,
        "retweeted": false,
        "lang": "en"
    },
    {
        "created_at": "Sun Apr 04 06:52:08 +0000 2021",
        "id": 1378601262283898881,
        "id_str": "1378601262283898881",
        "text": "We are learning Rest API using Rest Assured and our First Tweet79a73db4-6884-43ae-95c4-8dcafdd31667",
        "truncated": false,
        "entities": {
            "hashtags": [
                
            ],
            "symbols": [
                
            ],
            "user_mentions": [
                
            ],
            "urls": [
                
            ]
        },
        "source": "",
        "in_reply_to_status_id": null,
        "in_reply_to_status_id_str": null,
        "in_reply_to_user_id": null,
        "in_reply_to_user_id_str": null,
        "in_reply_to_screen_name": null,
        "user": {
            "id": 1376019233793048576,
            "id_str": "1376019233793048576",
            "name": "Lyes Khemouche",
            "screen_name": "LKhemouche",
            "location": "",
            "description": "",
            "url": null,
            "entities": {
                "description": {
                    "urls": [
                        
                    ]
                }
            },
            "protected": false,
            "followers_count": 4,
            "friends_count": 2,
            "listed_count": 2,
            "created_at": "Sun Mar 28 03:52:18 +0000 2021",
            "favourites_count": 0,
            "utc_offset": null,
            "time_zone": null,
            "geo_enabled": false,
            "verified": false,
            "statuses_count": 28,
            "lang": null,
            "contributors_enabled": false,
            "is_translator": false,
            "is_translation_enabled": false,
            "profile_background_color": "F5F8FA",
            "profile_background_image_url": null,
            "profile_background_image_url_https": null,
            "profile_background_tile": false,
            "profile_image_url": "http://abs.twimg.com/sticky/default_profile_images/default_profile_normal.png",
            "profile_image_url_https": "https://abs.twimg.com/sticky/default_profile_images/default_profile_normal.png",
            "profile_link_color": "1DA1F2",
            "profile_sidebar_border_color": "C0DEED",
            "profile_sidebar_fill_color": "DDEEF6",
            "profile_text_color": "333333",
            "profile_use_background_image": true,
            "has_extended_profile": true,
            "default_profile": true,
            "default_profile_image": true,
            "following": false,
            "follow_request_sent": false,
            "notifications": false,
            "translator_type": "none"
        },
        "geo": null,
        "coordinates": null,
        "place": null,
        "contributors": null,
        "is_quote_status": false,
        "retweet_count": 0,
        "favorite_count": 0,
        "favorited": false,
        "retweeted": false,
        "lang": "en"
    }
]
]]></system-out>
  </testcase>
  <testcase name="testCreateList" classname="tweettest.TweetAPIClientTest" time="0.235">
    <system-out><![CDATA[{
    "id": 1380417243432026114,
    "id_str": "1380417243432026114",
    "name": "This is my first list created",
    "uri": "/LKhemouche/lists/this-is-my-first-list-created-51684",
    "subscriber_count": 0,
    "member_count": 0,
    "mode": "public",
    "description": "",
    "slug": "this-is-my-first-list-created-51684",
    "full_name": "@LKhemouche/this-is-my-first-list-created-51684",
    "created_at": "Mon Jan 19 17:25:52 +0000 1970",
    "following": false,
    "user": {
        "id": 1376019233793048576,
        "id_str": "1376019233793048576",
        "name": "Lyes Khemouche",
        "screen_name": "LKhemouche",
        "location": "",
        "description": "",
        "url": null,
        "entities": {
            "description": {
                "urls": [
                    
                ]
            }
        },
        "protected": false,
        "followers_count": 4,
        "friends_count": 2,
        "listed_count": 2,
        "created_at": "Sun Mar 28 03:52:18 +0000 2021",
        "favourites_count": 0,
        "utc_offset": null,
        "time_zone": null,
        "geo_enabled": false,
        "verified": false,
        "statuses_count": 28,
        "lang": null,
        "contributors_enabled": false,
        "is_translator": false,
        "is_translation_enabled": false,
        "profile_background_color": "F5F8FA",
        "profile_background_image_url": null,
        "profile_background_image_url_https": null,
        "profile_background_tile": false,
        "profile_image_url": "http://abs.twimg.com/sticky/default_profile_images/default_profile_normal.png",
        "profile_image_url_https": "https://abs.twimg.com/sticky/default_profile_images/default_profile_normal.png",
        "profile_link_color": "1DA1F2",
        "profile_sidebar_border_color": "C0DEED",
        "profile_sidebar_fill_color": "DDEEF6",
        "profile_text_color": "333333",
        "profile_use_background_image": true,
        "has_extended_profile": true,
        "default_profile": true,
        "default_profile_image": true,
        "following": false,
        "follow_request_sent": false,
        "notifications": false,
        "translator_type": "none"
    }
}
]]></system-out>
  </testcase>
  <testcase name="testGetLists" classname="tweettest.TweetAPIClientTest" time="0.374">
    <system-out><![CDATA[[
    {
        "id": 1380417243432026114,
        "id_str": "1380417243432026114",
        "name": "This is my first list created",
        "uri": "/LKhemouche/lists/this-is-my-first-list-created-51684",
        "subscriber_count": 0,
        "member_count": 0,
        "mode": "public",
        "description": "",
        "slug": "this-is-my-first-list-created-51684",
        "full_name": "@LKhemouche/this-is-my-first-list-created-51684",
        "created_at": "Fri Apr 09 07:08:12 +0000 2021",
        "following": true,
        "user": {
            "id": 1376019233793048576,
            "id_str": "1376019233793048576",
            "name": "Lyes Khemouche",
            "screen_name": "LKhemouche",
            "location": "",
            "description": "",
            "url": null,
            "entities": {
                "description": {
                    "urls": [
                        
                    ]
                }
            },
            "protected": false,
            "followers_count": 4,
            "friends_count": 2,
            "listed_count": 2,
            "created_at": "Sun Mar 28 03:52:18 +0000 2021",
            "favourites_count": 0,
            "utc_offset": null,
            "time_zone": null,
            "geo_enabled": false,
            "verified": false,
            "statuses_count": 28,
            "lang": null,
            "contributors_enabled": false,
            "is_translator": false,
            "is_translation_enabled": false,
            "profile_background_color": "F5F8FA",
            "profile_background_image_url": null,
            "profile_background_image_url_https": null,
            "profile_background_tile": false,
            "profile_image_url": "http://abs.twimg.com/sticky/default_profile_images/default_profile_normal.png",
            "profile_image_url_https": "https://abs.twimg.com/sticky/default_profile_images/default_profile_normal.png",
            "profile_link_color": "1DA1F2",
            "profile_sidebar_border_color": "C0DEED",
            "profile_sidebar_fill_color": "DDEEF6",
            "profile_text_color": "333333",
            "profile_use_background_image": true,
            "has_extended_profile": true,
            "default_profile": true,
            "default_profile_image": true,
            "following": false,
            "follow_request_sent": false,
            "notifications": false,
            "translator_type": "none"
        }
    },
    {
        "id": 1379876959224729600,
        "id_str": "1379876959224729600",
        "name": "This is my first list created",
        "uri": "/LKhemouche/lists/this-is-my-first-list-created-77010",
        "subscriber_count": 0,
        "member_count": 0,
        "mode": "public",
        "description": "",
        "slug": "this-is-my-first-list-created-77010",
        "full_name": "@LKhemouche/this-is-my-first-list-created-77010",
        "created_at": "Wed Apr 07 19:21:18 +0000 2021",
        "following": true,
        "user": {
            "id": 1376019233793048576,
            "id_str": "1376019233793048576",
            "name": "Lyes Khemouche",
            "screen_name": "LKhemouche",
            "location": "",
            "description": "",
            "url": null,
            "entities": {
                "description": {
                    "urls": [
                        
                    ]
                }
            },
            "protected": false,
            "followers_count": 4,
            "friends_count": 2,
            "listed_count": 2,
            "created_at": "Sun Mar 28 03:52:18 +0000 2021",
            "favourites_count": 0,
            "utc_offset": null,
            "time_zone": null,
            "geo_enabled": false,
            "verified": false,
            "statuses_count": 28,
            "lang": null,
            "contributors_enabled": false,
            "is_translator": false,
            "is_translation_enabled": false,
            "profile_background_color": "F5F8FA",
            "profile_background_image_url": null,
            "profile_background_image_url_https": null,
            "profile_background_tile": false,
            "profile_image_url": "http://abs.twimg.com/sticky/default_profile_images/default_profile_normal.png",
            "profile_image_url_https": "https://abs.twimg.com/sticky/default_profile_images/default_profile_normal.png",
            "profile_link_color": "1DA1F2",
            "profile_sidebar_border_color": "C0DEED",
            "profile_sidebar_fill_color": "DDEEF6",
            "profile_text_color": "333333",
            "profile_use_background_image": true,
            "has_extended_profile": true,
            "default_profile": true,
            "default_profile_image": true,
            "following": false,
            "follow_request_sent": false,
            "notifications": false,
            "translator_type": "none"
        }
    },
    {
        "id": 1379594200107393026,
        "id_str": "1379594200107393026",
        "name": "This is my first list created",
        "uri": "/LKhemouche/lists/this-is-my-first-list-created-10201",
        "subscriber_count": 0,
        "member_count": 1,
        "mode": "public",
        "description": "",
        "slug": "this-is-my-first-list-created-10201",
        "full_name": "@LKhemouche/this-is-my-first-list-created-10201",
        "created_at": "Wed Apr 07 00:37:43 +0000 2021",
        "following": true,
        "user": {
            "id": 1376019233793048576,
            "id_str": "1376019233793048576",
            "name": "Lyes Khemouche",
            "screen_name": "LKhemouche",
            "location": "",
            "description": "",
            "url": null,
            "entities": {
                "description": {
                    "urls": [
                        
                    ]
                }
            },
            "protected": false,
            "followers_count": 4,
            "friends_count": 2,
            "listed_count": 2,
            "created_at": "Sun Mar 28 03:52:18 +0000 2021",
            "favourites_count": 0,
            "utc_offset": null,
            "time_zone": null,
            "geo_enabled": false,
            "verified": false,
            "statuses_count": 28,
            "lang": null,
            "contributors_enabled": false,
            "is_translator": false,
            "is_translation_enabled": false,
            "profile_background_color": "F5F8FA",
            "profile_background_image_url": null,
            "profile_background_image_url_https": null,
            "profile_background_tile": false,
            "profile_image_url": "http://abs.twimg.com/sticky/default_profile_images/default_profile_normal.png",
            "profile_image_url_https": "https://abs.twimg.com/sticky/default_profile_images/default_profile_normal.png",
            "profile_link_color": "1DA1F2",
            "profile_sidebar_border_color": "C0DEED",
            "profile_sidebar_fill_color": "DDEEF6",
            "profile_text_color": "333333",
            "profile_use_background_image": true,
            "has_extended_profile": true,
            "default_profile": true,
            "default_profile_image": true,
            "following": false,
            "follow_request_sent": false,
            "notifications": false,
            "translator_type": "none"
        }
    },
    {
        "id": 1379588350206693377,
        "id_str": "1379588350206693377",
        "name": "This is my first list created",
        "uri": "/LKhemouche/lists/this-is-my-first-list-created-14855",
        "subscriber_count": 0,
        "member_count": 0,
        "mode": "public",
        "description": "",
        "slug": "this-is-my-first-list-created-14855",
        "full_name": "@LKhemouche/this-is-my-first-list-created-14855",
        "created_at": "Wed Apr 07 00:14:28 +0000 2021",
        "following": true,
        "user": {
            "id": 1376019233793048576,
            "id_str": "1376019233793048576",
            "name": "Lyes Khemouche",
            "screen_name": "LKhemouche",
            "location": "",
            "description": "",
            "url": null,
            "entities": {
                "description": {
                    "urls": [
                        
                    ]
                }
            },
            "protected": false,
            "followers_count": 4,
            "friends_count": 2,
            "listed_count": 2,
            "created_at": "Sun Mar 28 03:52:18 +0000 2021",
            "favourites_count": 0,
            "utc_offset": null,
            "time_zone": null,
            "geo_enabled": false,
            "verified": false,
            "statuses_count": 28,
            "lang": null,
            "contributors_enabled": false,
            "is_translator": false,
            "is_translation_enabled": false,
            "profile_background_color": "F5F8FA",
            "profile_background_image_url": null,
            "profile_background_image_url_https": null,
            "profile_background_tile": false,
            "profile_image_url": "http://abs.twimg.com/sticky/default_profile_images/default_profile_normal.png",
            "profile_image_url_https": "https://abs.twimg.com/sticky/default_profile_images/default_profile_normal.png",
            "profile_link_color": "1DA1F2",
            "profile_sidebar_border_color": "C0DEED",
            "profile_sidebar_fill_color": "DDEEF6",
            "profile_text_color": "333333",
            "profile_use_background_image": true,
            "has_extended_profile": true,
            "default_profile": true,
            "default_profile_image": true,
            "following": false,
            "follow_request_sent": false,
            "notifications": false,
            "translator_type": "none"
        }
    },
    {
        "id": 1379585697640804352,
        "id_str": "1379585697640804352",
        "name": "This is my first list created",
        "uri": "/LKhemouche/lists/this-is-my-first-list-created-19574",
        "subscriber_count": 0,
        "member_count": 0,
        "mode": "public",
        "description": "",
        "slug": "this-is-my-first-list-created-19574",
        "full_name": "@LKhemouche/this-is-my-first-list-created-19574",
        "created_at": "Wed Apr 07 00:03:56 +0000 2021",
        "following": true,
        "user": {
            "id": 1376019233793048576,
            "id_str": "1376019233793048576",
            "name": "Lyes Khemouche",
            "screen_name": "LKhemouche",
            "location": "",
            "description": "",
            "url": null,
            "entities": {
                "description": {
                    "urls": [
                        
                    ]
                }
            },
            "protected": false,
            "followers_count": 4,
            "friends_count": 2,
            "listed_count": 2,
            "created_at": "Sun Mar 28 03:52:18 +0000 2021",
            "favourites_count": 0,
            "utc_offset": null,
            "time_zone": null,
            "geo_enabled": false,
            "verified": false,
            "statuses_count": 28,
            "lang": null,
            "contributors_enabled": false,
            "is_translator": false,
            "is_translation_enabled": false,
            "profile_background_color": "F5F8FA",
            "profile_background_image_url": null,
            "profile_background_image_url_https": null,
            "profile_background_tile": false,
            "profile_image_url": "http://abs.twimg.com/sticky/default_profile_images/default_profile_normal.png",
            "profile_image_url_https": "https://abs.twimg.com/sticky/default_profile_images/default_profile_normal.png",
            "profile_link_color": "1DA1F2",
            "profile_sidebar_border_color": "C0DEED",
            "profile_sidebar_fill_color": "DDEEF6",
            "profile_text_color": "333333",
            "profile_use_background_image": true,
            "has_extended_profile": true,
            "default_profile": true,
            "default_profile_image": true,
            "following": false,
            "follow_request_sent": false,
            "notifications": false,
            "translator_type": "none"
        }
    },
    {
        "id": 1379585021477072901,
        "id_str": "1379585021477072901",
        "name": "This is my first list created",
        "uri": "/LKhemouche/lists/this-is-my-first-list-created-30207",
        "subscriber_count": 0,
        "member_count": 0,
        "mode": "public",
        "description": "",
        "slug": "this-is-my-first-list-created-30207",
        "full_name": "@LKhemouche/this-is-my-first-list-created-30207",
        "created_at": "Wed Apr 07 00:01:15 +0000 2021",
        "following": true,
        "user": {
            "id": 1376019233793048576,
            "id_str": "1376019233793048576",
            "name": "Lyes Khemouche",
            "screen_name": "LKhemouche",
            "location": "",
            "description": "",
            "url": null,
            "entities": {
                "description": {
                    "urls": [
                        
                    ]
                }
            },
            "protected": false,
            "followers_count": 4,
            "friends_count": 2,
            "listed_count": 2,
            "created_at": "Sun Mar 28 03:52:18 +0000 2021",
            "favourites_count": 0,
            "utc_offset": null,
            "time_zone": null,
            "geo_enabled": false,
            "verified": false,
            "statuses_count": 28,
            "lang": null,
            "contributors_enabled": false,
            "is_translator": false,
            "is_translation_enabled": false,
            "profile_background_color": "F5F8FA",
            "profile_background_image_url": null,
            "profile_background_image_url_https": null,
            "profile_background_tile": false,
            "profile_image_url": "http://abs.twimg.com/sticky/default_profile_images/default_profile_normal.png",
            "profile_image_url_https": "https://abs.twimg.com/sticky/default_profile_images/default_profile_normal.png",
            "profile_link_color": "1DA1F2",
            "profile_sidebar_border_color": "C0DEED",
            "profile_sidebar_fill_color": "DDEEF6",
            "profile_text_color": "333333",
            "profile_use_background_image": true,
            "has_extended_profile": true,
            "default_profile": true,
            "default_profile_image": true,
            "following": false,
            "follow_request_sent": false,
            "notifications": false,
            "translator_type": "none"
        }
    },
    {
        "id": 1379502769464299522,
        "id_str": "1379502769464299522",
        "name": "This is my first list created",
        "uri": "/LKhemouche/lists/this-is-my-first-list-created-10780",
        "subscriber_count": 0,
        "member_count": 0,
        "mode": "public",
        "description": "",
        "slug": "this-is-my-first-list-created-10780",
        "full_name": "@LKhemouche/this-is-my-first-list-created-10780",
        "created_at": "Tue Apr 06 18:34:24 +0000 2021",
        "following": true,
        "user": {
            "id": 1376019233793048576,
            "id_str": "1376019233793048576",
            "name": "Lyes Khemouche",
            "screen_name": "LKhemouche",
            "location": "",
            "description": "",
            "url": null,
            "entities": {
                "description": {
                    "urls": [
                        
                    ]
                }
            },
            "protected": false,
            "followers_count": 4,
            "friends_count": 2,
            "listed_count": 2,
            "created_at": "Sun Mar 28 03:52:18 +0000 2021",
            "favourites_count": 0,
            "utc_offset": null,
            "time_zone": null,
            "geo_enabled": false,
            "verified": false,
            "statuses_count": 28,
            "lang": null,
            "contributors_enabled": false,
            "is_translator": false,
            "is_translation_enabled": false,
            "profile_background_color": "F5F8FA",
            "profile_background_image_url": null,
            "profile_background_image_url_https": null,
            "profile_background_tile": false,
            "profile_image_url": "http://abs.twimg.com/sticky/default_profile_images/default_profile_normal.png",
            "profile_image_url_https": "https://abs.twimg.com/sticky/default_profile_images/default_profile_normal.png",
            "profile_link_color": "1DA1F2",
            "profile_sidebar_border_color": "C0DEED",
            "profile_sidebar_fill_color": "DDEEF6",
            "profile_text_color": "333333",
            "profile_use_background_image": true,
            "has_extended_profile": true,
            "default_profile": true,
            "default_profile_image": true,
            "following": false,
            "follow_request_sent": false,
            "notifications": false,
            "translator_type": "none"
        }
    },
    {
        "id": 1379494425441804297,
        "id_str": "1379494425441804297",
        "name": "This is my first list created",
        "uri": "/LKhemouche/lists/this-is-my-first-list-created-17552",
        "subscriber_count": 0,
        "member_count": 0,
        "mode": "public",
        "description": "",
        "slug": "this-is-my-first-list-created-17552",
        "full_name": "@LKhemouche/this-is-my-first-list-created-17552",
        "created_at": "Tue Apr 06 18:01:15 +0000 2021",
        "following": true,
        "user": {
            "id": 1376019233793048576,
            "id_str": "1376019233793048576",
            "name": "Lyes Khemouche",
            "screen_name": "LKhemouche",
            "location": "",
            "description": "",
            "url": null,
            "entities": {
                "description": {
                    "urls": [
                        
                    ]
                }
            },
            "protected": false,
            "followers_count": 4,
            "friends_count": 2,
            "listed_count": 2,
            "created_at": "Sun Mar 28 03:52:18 +0000 2021",
            "favourites_count": 0,
            "utc_offset": null,
            "time_zone": null,
            "geo_enabled": false,
            "verified": false,
            "statuses_count": 28,
            "lang": null,
            "contributors_enabled": false,
            "is_translator": false,
            "is_translation_enabled": false,
            "profile_background_color": "F5F8FA",
            "profile_background_image_url": null,
            "profile_background_image_url_https": null,
            "profile_background_tile": false,
            "profile_image_url": "http://abs.twimg.com/sticky/default_profile_images/default_profile_normal.png",
            "profile_image_url_https": "https://abs.twimg.com/sticky/default_profile_images/default_profile_normal.png",
            "profile_link_color": "1DA1F2",
            "profile_sidebar_border_color": "C0DEED",
            "profile_sidebar_fill_color": "DDEEF6",
            "profile_text_color": "333333",
            "profile_use_background_image": true,
            "has_extended_profile": true,
            "default_profile": true,
            "default_profile_image": true,
            "following": false,
            "follow_request_sent": false,
            "notifications": false,
            "translator_type": "none"
        }
    },
    {
        "id": 1379460663718862848,
        "id_str": "1379460663718862848",
        "name": "This is my first list created",
        "uri": "/LKhemouche/lists/this-is-my-first-list-created-16163",
        "subscriber_count": 0,
        "member_count": 0,
        "mode": "public",
        "description": "",
        "slug": "this-is-my-first-list-created-16163",
        "full_name": "@LKhemouche/this-is-my-first-list-created-16163",
        "created_at": "Tue Apr 06 15:47:06 +0000 2021",
        "following": true,
        "user": {
            "id": 1376019233793048576,
            "id_str": "1376019233793048576",
            "name": "Lyes Khemouche",
            "screen_name": "LKhemouche",
            "location": "",
            "description": "",
            "url": null,
            "entities": {
                "description": {
                    "urls": [
                        
                    ]
                }
            },
            "protected": false,
            "followers_count": 4,
            "friends_count": 2,
            "listed_count": 2,
            "created_at": "Sun Mar 28 03:52:18 +0000 2021",
            "favourites_count": 0,
            "utc_offset": null,
            "time_zone": null,
            "geo_enabled": false,
            "verified": false,
            "statuses_count": 28,
            "lang": null,
            "contributors_enabled": false,
            "is_translator": false,
            "is_translation_enabled": false,
            "profile_background_color": "F5F8FA",
            "profile_background_image_url": null,
            "profile_background_image_url_https": null,
            "profile_background_tile": false,
            "profile_image_url": "http://abs.twimg.com/sticky/default_profile_images/default_profile_normal.png",
            "profile_image_url_https": "https://abs.twimg.com/sticky/default_profile_images/default_profile_normal.png",
            "profile_link_color": "1DA1F2",
            "profile_sidebar_border_color": "C0DEED",
            "profile_sidebar_fill_color": "DDEEF6",
            "profile_text_color": "333333",
            "profile_use_background_image": true,
            "has_extended_profile": true,
            "default_profile": true,
            "default_profile_image": true,
            "following": false,
            "follow_request_sent": false,
            "notifications": false,
            "translator_type": "none"
        }
    },
    {
        "id": 1379460543191379973,
        "id_str": "1379460543191379973",
        "name": "This is my first list created",
        "uri": "/LKhemouche/lists/this-is-my-first-list-created-18632",
        "subscriber_count": 0,
        "member_count": 0,
        "mode": "public",
        "description": "",
        "slug": "this-is-my-first-list-created-18632",
        "full_name": "@LKhemouche/this-is-my-first-list-created-18632",
        "created_at": "Tue Apr 06 15:46:37 +0000 2021",
        "following": true,
        "user": {
            "id": 1376019233793048576,
            "id_str": "1376019233793048576",
            "name": "Lyes Khemouche",
            "screen_name": "LKhemouche",
            "location": "",
            "description": "",
            "url": null,
            "entities": {
                "description": {
                    "urls": [
                        
                    ]
                }
            },
            "protected": false,
            "followers_count": 4,
            "friends_count": 2,
            "listed_count": 2,
            "created_at": "Sun Mar 28 03:52:18 +0000 2021",
            "favourites_count": 0,
            "utc_offset": null,
            "time_zone": null,
            "geo_enabled": false,
            "verified": false,
            "statuses_count": 28,
            "lang": null,
            "contributors_enabled": false,
            "is_translator": false,
            "is_translation_enabled": false,
            "profile_background_color": "F5F8FA",
            "profile_background_image_url": null,
            "profile_background_image_url_https": null,
            "profile_background_tile": false,
            "profile_image_url": "http://abs.twimg.com/sticky/default_profile_images/default_profile_normal.png",
            "profile_image_url_https": "https://abs.twimg.com/sticky/default_profile_images/default_profile_normal.png",
            "profile_link_color": "1DA1F2",
            "profile_sidebar_border_color": "C0DEED",
            "profile_sidebar_fill_color": "DDEEF6",
            "profile_text_color": "333333",
            "profile_use_background_image": true,
            "has_extended_profile": true,
            "default_profile": true,
            "default_profile_image": true,
            "following": false,
            "follow_request_sent": false,
            "notifications": false,
            "translator_type": "none"
        }
    },
    {
        "id": 1379455977590767619,
        "id_str": "1379455977590767619",
        "name": "This is my first list created",
        "uri": "/LKhemouche/lists/this-is-my-first-list-created-55646",
        "subscriber_count": 0,
        "member_count": 0,
        "mode": "public",
        "description": "",
        "slug": "this-is-my-first-list-created-55646",
        "full_name": "@LKhemouche/this-is-my-first-list-created-55646",
        "created_at": "Tue Apr 06 15:28:28 +0000 2021",
        "following": true,
        "user": {
            "id": 1376019233793048576,
            "id_str": "1376019233793048576",
            "name": "Lyes Khemouche",
            "screen_name": "LKhemouche",
            "location": "",
            "description": "",
            "url": null,
            "entities": {
                "description": {
                    "urls": [
                        
                    ]
                }
            },
            "protected": false,
            "followers_count": 4,
            "friends_count": 2,
            "listed_count": 2,
            "created_at": "Sun Mar 28 03:52:18 +0000 2021",
            "favourites_count": 0,
            "utc_offset": null,
            "time_zone": null,
            "geo_enabled": false,
            "verified": false,
            "statuses_count": 28,
            "lang": null,
            "contributors_enabled": false,
            "is_translator": false,
            "is_translation_enabled": false,
            "profile_background_color": "F5F8FA",
            "profile_background_image_url": null,
            "profile_background_image_url_https": null,
            "profile_background_tile": false,
            "profile_image_url": "http://abs.twimg.com/sticky/default_profile_images/default_profile_normal.png",
            "profile_image_url_https": "https://abs.twimg.com/sticky/default_profile_images/default_profile_normal.png",
            "profile_link_color": "1DA1F2",
            "profile_sidebar_border_color": "C0DEED",
            "profile_sidebar_fill_color": "DDEEF6",
            "profile_text_color": "333333",
            "profile_use_background_image": true,
            "has_extended_profile": true,
            "default_profile": true,
            "default_profile_image": true,
            "following": false,
            "follow_request_sent": false,
            "notifications": false,
            "translator_type": "none"
        }
    },
    {
        "id": 1379452735771267075,
        "id_str": "1379452735771267075",
        "name": "This is my first list created",
        "uri": "/LKhemouche/lists/this-is-my-first-list-created-14649",
        "subscriber_count": 0,
        "member_count": 0,
        "mode": "public",
        "description": "",
        "slug": "this-is-my-first-list-created-14649",
        "full_name": "@LKhemouche/this-is-my-first-list-created-14649",
        "created_at": "Tue Apr 06 15:15:35 +0000 2021",
        "following": true,
        "user": {
            "id": 1376019233793048576,
            "id_str": "1376019233793048576",
            "name": "Lyes Khemouche",
            "screen_name": "LKhemouche",
            "location": "",
            "description": "",
            "url": null,
            "entities": {
                "description": {
                    "urls": [
                        
                    ]
                }
            },
            "protected": false,
            "followers_count": 4,
            "friends_count": 2,
            "listed_count": 2,
            "created_at": "Sun Mar 28 03:52:18 +0000 2021",
            "favourites_count": 0,
            "utc_offset": null,
            "time_zone": null,
            "geo_enabled": false,
            "verified": false,
            "statuses_count": 28,
            "lang": null,
            "contributors_enabled": false,
            "is_translator": false,
            "is_translation_enabled": false,
            "profile_background_color": "F5F8FA",
            "profile_background_image_url": null,
            "profile_background_image_url_https": null,
            "profile_background_tile": false,
            "profile_image_url": "http://abs.twimg.com/sticky/default_profile_images/default_profile_normal.png",
            "profile_image_url_https": "https://abs.twimg.com/sticky/default_profile_images/default_profile_normal.png",
            "profile_link_color": "1DA1F2",
            "profile_sidebar_border_color": "C0DEED",
            "profile_sidebar_fill_color": "DDEEF6",
            "profile_text_color": "333333",
            "profile_use_background_image": true,
            "has_extended_profile": true,
            "default_profile": true,
            "default_profile_image": true,
            "following": false,
            "follow_request_sent": false,
            "notifications": false,
            "translator_type": "none"
        }
    },
    {
        "id": 1379452636257214473,
        "id_str": "1379452636257214473",
        "name": "This is my first list created",
        "uri": "/LKhemouche/lists/this-is-my-first-list-created-58075",
        "subscriber_count": 0,
        "member_count": 0,
        "mode": "public",
        "description": "",
        "slug": "this-is-my-first-list-created-58075",
        "full_name": "@LKhemouche/this-is-my-first-list-created-58075",
        "created_at": "Tue Apr 06 15:15:12 +0000 2021",
        "following": true,
        "user": {
            "id": 1376019233793048576,
            "id_str": "1376019233793048576",
            "name": "Lyes Khemouche",
            "screen_name": "LKhemouche",
            "location": "",
            "description": "",
            "url": null,
            "entities": {
                "description": {
                    "urls": [
                        
                    ]
                }
            },
            "protected": false,
            "followers_count": 4,
            "friends_count": 2,
            "listed_count": 2,
            "created_at": "Sun Mar 28 03:52:18 +0000 2021",
            "favourites_count": 0,
            "utc_offset": null,
            "time_zone": null,
            "geo_enabled": false,
            "verified": false,
            "statuses_count": 28,
            "lang": null,
            "contributors_enabled": false,
            "is_translator": false,
            "is_translation_enabled": false,
            "profile_background_color": "F5F8FA",
            "profile_background_image_url": null,
            "profile_background_image_url_https": null,
            "profile_background_tile": false,
            "profile_image_url": "http://abs.twimg.com/sticky/default_profile_images/default_profile_normal.png",
            "profile_image_url_https": "https://abs.twimg.com/sticky/default_profile_images/default_profile_normal.png",
            "profile_link_color": "1DA1F2",
            "profile_sidebar_border_color": "C0DEED",
            "profile_sidebar_fill_color": "DDEEF6",
            "profile_text_color": "333333",
            "profile_use_background_image": true,
            "has_extended_profile": true,
            "default_profile": true,
            "default_profile_image": true,
            "following": false,
            "follow_request_sent": false,
            "notifications": false,
            "translator_type": "none"
        }
    },
    {
        "id": 1379452513242480640,
        "id_str": "1379452513242480640",
        "name": "This is my first list created",
        "uri": "/LKhemouche/lists/this-is-my-first-list-created-18219",
        "subscriber_count": 0,
        "member_count": 0,
        "mode": "public",
        "description": "",
        "slug": "this-is-my-first-list-created-18219",
        "full_name": "@LKhemouche/this-is-my-first-list-created-18219",
        "created_at": "Tue Apr 06 15:14:42 +0000 2021",
        "following": true,
        "user": {
            "id": 1376019233793048576,
            "id_str": "1376019233793048576",
            "name": "Lyes Khemouche",
            "screen_name": "LKhemouche",
            "location": "",
            "description": "",
            "url": null,
            "entities": {
                "description": {
                    "urls": [
                        
                    ]
                }
            },
            "protected": false,
            "followers_count": 4,
            "friends_count": 2,
            "listed_count": 2,
            "created_at": "Sun Mar 28 03:52:18 +0000 2021",
            "favourites_count": 0,
            "utc_offset": null,
            "time_zone": null,
            "geo_enabled": false,
            "verified": false,
            "statuses_count": 28,
            "lang": null,
            "contributors_enabled": false,
            "is_translator": false,
            "is_translation_enabled": false,
            "profile_background_color": "F5F8FA",
            "profile_background_image_url": null,
            "profile_background_image_url_https": null,
            "profile_background_tile": false,
            "profile_image_url": "http://abs.twimg.com/sticky/default_profile_images/default_profile_normal.png",
            "profile_image_url_https": "https://abs.twimg.com/sticky/default_profile_images/default_profile_normal.png",
            "profile_link_color": "1DA1F2",
            "profile_sidebar_border_color": "C0DEED",
            "profile_sidebar_fill_color": "DDEEF6",
            "profile_text_color": "333333",
            "profile_use_background_image": true,
            "has_extended_profile": true,
            "default_profile": true,
            "default_profile_image": true,
            "following": false,
            "follow_request_sent": false,
            "notifications": false,
            "translator_type": "none"
        }
    },
    {
        "id": 1379452446016212996,
        "id_str": "1379452446016212996",
        "name": "This is my first list created",
        "uri": "/LKhemouche/lists/this-is-my-first-list-created-16699",
        "subscriber_count": 0,
        "member_count": 0,
        "mode": "public",
        "description": "",
        "slug": "this-is-my-first-list-created-16699",
        "full_name": "@LKhemouche/this-is-my-first-list-created-16699",
        "created_at": "Tue Apr 06 15:14:26 +0000 2021",
        "following": true,
        "user": {
            "id": 1376019233793048576,
            "id_str": "1376019233793048576",
            "name": "Lyes Khemouche",
            "screen_name": "LKhemouche",
            "location": "",
            "description": "",
            "url": null,
            "entities": {
                "description": {
                    "urls": [
                        
                    ]
                }
            },
            "protected": false,
            "followers_count": 4,
            "friends_count": 2,
            "listed_count": 2,
            "created_at": "Sun Mar 28 03:52:18 +0000 2021",
            "favourites_count": 0,
            "utc_offset": null,
            "time_zone": null,
            "geo_enabled": false,
            "verified": false,
            "statuses_count": 28,
            "lang": null,
            "contributors_enabled": false,
            "is_translator": false,
            "is_translation_enabled": false,
            "profile_background_color": "F5F8FA",
            "profile_background_image_url": null,
            "profile_background_image_url_https": null,
            "profile_background_tile": false,
            "profile_image_url": "http://abs.twimg.com/sticky/default_profile_images/default_profile_normal.png",
            "profile_image_url_https": "https://abs.twimg.com/sticky/default_profile_images/default_profile_normal.png",
            "profile_link_color": "1DA1F2",
            "profile_sidebar_border_color": "C0DEED",
            "profile_sidebar_fill_color": "DDEEF6",
            "profile_text_color": "333333",
            "profile_use_background_image": true,
            "has_extended_profile": true,
            "default_profile": true,
            "default_profile_image": true,
            "following": false,
            "follow_request_sent": false,
            "notifications": false,
            "translator_type": "none"
        }
    },
    {
        "id": 1379452110002122754,
        "id_str": "1379452110002122754",
        "name": "This is my first list created",
        "uri": "/LKhemouche/lists/this-is-my-first-list-created-16087",
        "subscriber_count": 0,
        "member_count": 0,
        "mode": "public",
        "description": "",
        "slug": "this-is-my-first-list-created-16087",
        "full_name": "@LKhemouche/this-is-my-first-list-created-16087",
        "created_at": "Tue Apr 06 15:13:06 +0000 2021",
        "following": true,
        "user": {
            "id": 1376019233793048576,
            "id_str": "1376019233793048576",
            "name": "Lyes Khemouche",
            "screen_name": "LKhemouche",
            "location": "",
            "description": "",
            "url": null,
            "entities": {
                "description": {
                    "urls": [
                        
                    ]
                }
            },
            "protected": false,
            "followers_count": 4,
            "friends_count": 2,
            "listed_count": 2,
            "created_at": "Sun Mar 28 03:52:18 +0000 2021",
            "favourites_count": 0,
            "utc_offset": null,
            "time_zone": null,
            "geo_enabled": false,
            "verified": false,
            "statuses_count": 28,
            "lang": null,
            "contributors_enabled": false,
            "is_translator": false,
            "is_translation_enabled": false,
            "profile_background_color": "F5F8FA",
            "profile_background_image_url": null,
            "profile_background_image_url_https": null,
            "profile_background_tile": false,
            "profile_image_url": "http://abs.twimg.com/sticky/default_profile_images/default_profile_normal.png",
            "profile_image_url_https": "https://abs.twimg.com/sticky/default_profile_images/default_profile_normal.png",
            "profile_link_color": "1DA1F2",
            "profile_sidebar_border_color": "C0DEED",
            "profile_sidebar_fill_color": "DDEEF6",
            "profile_text_color": "333333",
            "profile_use_background_image": true,
            "has_extended_profile": true,
            "default_profile": true,
            "default_profile_image": true,
            "following": false,
            "follow_request_sent": false,
            "notifications": false,
            "translator_type": "none"
        }
    }
]
]]></system-out>
  </testcase>
  <testcase name="testCreateCollections" classname="tweettest.TweetAPIClientTest" time="0.249">
    <system-out><![CDATA[{
    "objects": {
        "users": {
            "1376019233793048576": {
                "id": 1376019233793048576,
                "id_str": "1376019233793048576",
                "name": "Lyes Khemouche",
                "screen_name": "LKhemouche",
                "location": "",
                "description": "",
                "url": null,
                "entities": {
                    "description": {
                        "urls": [
                            
                        ]
                    }
                },
                "protected": false,
                "followers_count": 4,
                "friends_count": 2,
                "listed_count": 2,
                "created_at": "Sun Mar 28 03:52:18 +0000 2021",
                "favourites_count": 0,
                "utc_offset": null,
                "time_zone": null,
                "geo_enabled": false,
                "verified": false,
                "statuses_count": 28,
                "lang": null,
                "contributors_enabled": false,
                "is_translator": false,
                "is_translation_enabled": false,
                "profile_background_color": "F5F8FA",
                "profile_background_image_url": null,
                "profile_background_image_url_https": null,
                "profile_background_tile": false,
                "profile_image_url": "http://abs.twimg.com/sticky/default_profile_images/default_profile_normal.png",
                "profile_image_url_https": "https://abs.twimg.com/sticky/default_profile_images/default_profile_normal.png",
                "profile_link_color": "1DA1F2",
                "profile_sidebar_border_color": "C0DEED",
                "profile_sidebar_fill_color": "DDEEF6",
                "profile_text_color": "333333",
                "profile_use_background_image": true,
                "has_extended_profile": true,
                "default_profile": true,
                "default_profile_image": true,
                "following": false,
                "follow_request_sent": false,
                "notifications": false,
                "translator_type": "none"
            }
        },
        "timelines": {
            "custom-1380417246116319233": {
                "name": "this is my first collection",
                "user_id": "1376019233793048576",
                "collection_url": "https://twitter.com/LKhemouche/timelines/1380417246116319233",
                "custom_timeline_url": "https://twitter.com/LKhemouche/timelines/1380417246116319233",
                "visibility": "public",
                "timeline_order": "curation_reverse_chron",
                "collection_type": "user",
                "custom_timeline_type": "user"
            }
        }
    },
    "response": {
        "timeline_id": "custom-1380417246116319233"
    }
}
]]></system-out>
  </testcase>
  <testcase name="testUserCannotGetCollections" classname="tweettest.TweetAPIClientTest" time="0.259">
    <system-out><![CDATA[{
    "error": "Forbidden from viewing this collection"
}
]]></system-out>
  </testcase>
  <testcase name="testDestroyCollections" classname="tweettest.TweetAPIClientTest" time="0.28">
    <failure type="java.lang.NullPointerException"><![CDATA[java.lang.NullPointerException
	at tweettest.TweetAPIClientTest.testDestroyCollections(TweetAPIClientTest.java:267)
]]></failure>
    <system-out><![CDATA[{
    "errors": [
        {
            "code": 34,
            "message": "Sorry, that page does not exist."
        }
    ]
}
]]></system-out>
  </testcase>
  <testcase name="testSearchTweet" classname="tweettest.TweetAPIClientTest" time="0.338">
    <system-out><![CDATA[{
    "statuses": [
        {
            "created_at": "Wed Apr 07 15:27:41 +0000 2021",
            "id": 1379818169183961089,
            "id_str": "1379818169183961089",
            "text": "RT @LKhemouche: I am learning Rest API using Rest Assured and my First Tweet Same Tweet",
            "truncated": false,
            "entities": {
                "hashtags": [
                    
                ],
                "symbols": [
                    
                ],
                "user_mentions": [
                    {
                        "screen_name": "LKhemouche",
                        "name": "Lyes Khemouche",
                        "id": 1376019233793048576,
                        "id_str": "1376019233793048576",
                        "indices": [
                            3,
                            14
                        ]
                    }
                ],
                "urls": [
                    
                ]
            },
            "metadata": {
                "iso_language_code": "en",
                "result_type": "recent"
            },
            "source": "",
            "in_reply_to_status_id": null,
            "in_reply_to_status_id_str": null,
            "in_reply_to_user_id": null,
            "in_reply_to_user_id_str": null,
            "in_reply_to_screen_name": null,
            "user": {
                "id": 1376019233793048576,
                "id_str": "1376019233793048576",
                "name": "Lyes Khemouche",
                "screen_name": "LKhemouche",
                "location": "",
                "description": "",
                "url": null,
                "entities": {
                    "description": {
                        "urls": [
                            
                        ]
                    }
                },
                "protected": false,
                "followers_count": 4,
                "friends_count": 2,
                "listed_count": 2,
                "created_at": "Sun Mar 28 03:52:18 +0000 2021",
                "favourites_count": 0,
                "utc_offset": null,
                "time_zone": null,
                "geo_enabled": false,
                "verified": false,
                "statuses_count": 28,
                "lang": null,
                "contributors_enabled": false,
                "is_translator": false,
                "is_translation_enabled": false,
                "profile_background_color": "F5F8FA",
                "profile_background_image_url": null,
                "profile_background_image_url_https": null,
                "profile_background_tile": false,
                "profile_image_url": "http://abs.twimg.com/sticky/default_profile_images/default_profile_normal.png",
                "profile_image_url_https": "https://abs.twimg.com/sticky/default_profile_images/default_profile_normal.png",
                "profile_link_color": "1DA1F2",
                "profile_sidebar_border_color": "C0DEED",
                "profile_sidebar_fill_color": "DDEEF6",
                "profile_text_color": "333333",
                "profile_use_background_image": true,
                "has_extended_profile": true,
                "default_profile": true,
                "default_profile_image": true,
                "following": false,
                "follow_request_sent": false,
                "notifications": false,
                "translator_type": "none"
            },
            "geo": null,
            "coordinates": null,
            "place": null,
            "contributors": null,
            "retweeted_status": {
                "created_at": "Fri Apr 02 17:42:47 +0000 2021",
                "id": 1378040227609128963,
                "id_str": "1378040227609128963",
                "text": "I am learning Rest API using Rest Assured and my First Tweet Same Tweet",
                "truncated": false,
                "entities": {
                    "hashtags": [
                        
                    ],
                    "symbols": [
                        
                    ],
                    "user_mentions": [
                        
                    ],
                    "urls": [
                        
                    ]
                },
                "metadata": {
                    "iso_language_code": "en",
                    "result_type": "recent"
                },
                "source": "",
                "in_reply_to_status_id": null,
                "in_reply_to_status_id_str": null,
                "in_reply_to_user_id": null,
                "in_reply_to_user_id_str": null,
                "in_reply_to_screen_name": null,
                "user": {
                    "id": 1376019233793048576,
                    "id_str": "1376019233793048576",
                    "name": "Lyes Khemouche",
                    "screen_name": "LKhemouche",
                    "location": "",
                    "description": "",
                    "url": null,
                    "entities": {
                        "description": {
                            "urls": [
                                
                            ]
                        }
                    },
                    "protected": false,
                    "followers_count": 4,
                    "friends_count": 2,
                    "listed_count": 2,
                    "created_at": "Sun Mar 28 03:52:18 +0000 2021",
                    "favourites_count": 0,
                    "utc_offset": null,
                    "time_zone": null,
                    "geo_enabled": false,
                    "verified": false,
                    "statuses_count": 28,
                    "lang": null,
                    "contributors_enabled": false,
                    "is_translator": false,
                    "is_translation_enabled": false,
                    "profile_background_color": "F5F8FA",
                    "profile_background_image_url": null,
                    "profile_background_image_url_https": null,
                    "profile_background_tile": false,
                    "profile_image_url": "http://abs.twimg.com/sticky/default_profile_images/default_profile_normal.png",
                    "profile_image_url_https": "https://abs.twimg.com/sticky/default_profile_images/default_profile_normal.png",
                    "profile_link_color": "1DA1F2",
                    "profile_sidebar_border_color": "C0DEED",
                    "profile_sidebar_fill_color": "DDEEF6",
                    "profile_text_color": "333333",
                    "profile_use_background_image": true,
                    "has_extended_profile": true,
                    "default_profile": true,
                    "default_profile_image": true,
                    "following": false,
                    "follow_request_sent": false,
                    "notifications": false,
                    "translator_type": "none"
                },
                "geo": null,
                "coordinates": null,
                "place": null,
                "contributors": null,
                "is_quote_status": false,
                "retweet_count": 1,
                "favorite_count": 0,
                "favorited": false,
                "retweeted": false,
                "lang": "en"
            },
            "is_quote_status": false,
            "retweet_count": 1,
            "favorite_count": 0,
            "favorited": false,
            "retweeted": false,
            "lang": "en"
        }
    ],
    "search_metadata": {
        "completed_in": 0.042,
        "max_id": 1379818169183961089,
        "max_id_str": "1379818169183961089",
        "next_results": "?max_id=1379818169183961088&q=%40LKhemouche&include_entities=1",
        "query": "%40LKhemouche",
        "refresh_url": "?since_id=1379818169183961089&q=%40LKhemouche&include_entities=1",
        "count": 15,
        "since_id": 0,
        "since_id_str": "0"
    }
}
]]></system-out>
  </testcase>
  <testcase name="testGetListMembers" classname="tweettest.TweetAPIClientTest" time="0.274">
    <system-out><![CDATA[{
    "users": [
        
    ],
    "next_cursor": 0,
    "next_cursor_str": "0",
    "previous_cursor": 0,
    "previous_cursor_str": "0",
    "total_count": null
}
]]></system-out>
  </testcase>
  <testcase name="testGetUserTimeTweet" classname="tweettest.TweetAPIClientTest" time="0.478">
    <failure message="Text did not not match expected [I updated my using Assured Rest API11379117354064486411] but found [I updated my using Assured Rest API21379117354064486411]" type="java.lang.AssertionError"><![CDATA[java.lang.AssertionError: Text did not not match expected [I updated my using Assured Rest API11379117354064486411] but found [I updated my using Assured Rest API21379117354064486411]
	at tweettest.TweetAPIClientTest.testGetUserTimeTweet(TweetAPIClientTest.java:297)
]]></failure>
    <system-out><![CDATA[[
    {
        "created_at": "Fri Apr 09 07:08:09 +0000 2021",
        "id": 1380417231436275713,
        "id_str": "1380417231436275713",
        "text": "I updated my using Assured Rest API21379117354064486411",
        "truncated": false,
        "entities": {
            "hashtags": [
                
            ],
            "symbols": [
                
            ],
            "user_mentions": [
                
            ],
            "urls": [
                
            ]
        },
        "source": "",
        "in_reply_to_status_id": null,
        "in_reply_to_status_id_str": null,
        "in_reply_to_user_id": null,
        "in_reply_to_user_id_str": null,
        "in_reply_to_screen_name": null,
        "user": {
            "id": 1376019233793048576,
            "id_str": "1376019233793048576",
            "name": "Lyes Khemouche",
            "screen_name": "LKhemouche",
            "location": "",
            "description": "",
            "url": null,
            "entities": {
                "description": {
                    "urls": [
                        
                    ]
                }
            },
            "protected": false,
            "followers_count": 4,
            "friends_count": 2,
            "listed_count": 2,
            "created_at": "Sun Mar 28 03:52:18 +0000 2021",
            "favourites_count": 0,
            "utc_offset": null,
            "time_zone": null,
            "geo_enabled": false,
            "verified": false,
            "statuses_count": 28,
            "lang": null,
            "contributors_enabled": false,
            "is_translator": false,
            "is_translation_enabled": false,
            "profile_background_color": "F5F8FA",
            "profile_background_image_url": null,
            "profile_background_image_url_https": null,
            "profile_background_tile": false,
            "profile_image_url": "http://abs.twimg.com/sticky/default_profile_images/default_profile_normal.png",
            "profile_image_url_https": "https://abs.twimg.com/sticky/default_profile_images/default_profile_normal.png",
            "profile_link_color": "1DA1F2",
            "profile_sidebar_border_color": "C0DEED",
            "profile_sidebar_fill_color": "DDEEF6",
            "profile_text_color": "333333",
            "profile_use_background_image": true,
            "has_extended_profile": true,
            "default_profile": true,
            "default_profile_image": true,
            "following": false,
            "follow_request_sent": false,
            "notifications": false,
            "translator_type": "none"
        },
        "geo": null,
        "coordinates": null,
        "place": null,
        "contributors": null,
        "is_quote_status": false,
        "retweet_count": 0,
        "favorite_count": 0,
        "favorited": false,
        "retweeted": false,
        "lang": "en"
    },
    {
        "created_at": "Fri Apr 09 07:08:07 +0000 2021",
        "id": 1380417221973966851,
        "id_str": "1380417221973966851",
        "text": "I am verifying property from response15a32f9d-96de-49b1-b241-9dc7c0c75323",
        "truncated": false,
        "entities": {
            "hashtags": [
                
            ],
            "symbols": [
                
            ],
            "user_mentions": [
                
            ],
            "urls": [
                
            ]
        },
        "source": "",
        "in_reply_to_status_id": null,
        "in_reply_to_status_id_str": null,
        "in_reply_to_user_id": null,
        "in_reply_to_user_id_str": null,
        "in_reply_to_screen_name": null,
        "user": {
            "id": 1376019233793048576,
            "id_str": "1376019233793048576",
            "name": "Lyes Khemouche",
            "screen_name": "LKhemouche",
            "location": "",
            "description": "",
            "url": null,
            "entities": {
                "description": {
                    "urls": [
                        
                    ]
                }
            },
            "protected": false,
            "followers_count": 4,
            "friends_count": 2,
            "listed_count": 2,
            "created_at": "Sun Mar 28 03:52:18 +0000 2021",
            "favourites_count": 0,
            "utc_offset": null,
            "time_zone": null,
            "geo_enabled": false,
            "verified": false,
            "statuses_count": 28,
            "lang": null,
            "contributors_enabled": false,
            "is_translator": false,
            "is_translation_enabled": false,
            "profile_background_color": "F5F8FA",
            "profile_background_image_url": null,
            "profile_background_image_url_https": null,
            "profile_background_tile": false,
            "profile_image_url": "http://abs.twimg.com/sticky/default_profile_images/default_profile_normal.png",
            "profile_image_url_https": "https://abs.twimg.com/sticky/default_profile_images/default_profile_normal.png",
            "profile_link_color": "1DA1F2",
            "profile_sidebar_border_color": "C0DEED",
            "profile_sidebar_fill_color": "DDEEF6",
            "profile_text_color": "333333",
            "profile_use_background_image": true,
            "has_extended_profile": true,
            "default_profile": true,
            "default_profile_image": true,
            "following": false,
            "follow_request_sent": false,
            "notifications": false,
            "translator_type": "none"
        },
        "geo": null,
        "coordinates": null,
        "place": null,
        "contributors": null,
        "is_quote_status": false,
        "retweet_count": 0,
        "favorite_count": 0,
        "favorited": false,
        "retweeted": false,
        "lang": "en"
    },
    {
        "created_at": "Fri Apr 09 07:08:05 +0000 2021",
        "id": 1380417214986117120,
        "id_str": "1380417214986117120",
        "text": "This is the first time I tweet using Assured Rest API",
        "truncated": false,
        "entities": {
            "hashtags": [
                
            ],
            "symbols": [
                
            ],
            "user_mentions": [
                
            ],
            "urls": [
                
            ]
        },
        "source": "",
        "in_reply_to_status_id": null,
        "in_reply_to_status_id_str": null,
        "in_reply_to_user_id": null,
        "in_reply_to_user_id_str": null,
        "in_reply_to_screen_name": null,
        "user": {
            "id": 1376019233793048576,
            "id_str": "1376019233793048576",
            "name": "Lyes Khemouche",
            "screen_name": "LKhemouche",
            "location": "",
            "description": "",
            "url": null,
            "entities": {
                "description": {
                    "urls": [
                        
                    ]
                }
            },
            "protected": false,
            "followers_count": 4,
            "friends_count": 2,
            "listed_count": 2,
            "created_at": "Sun Mar 28 03:52:18 +0000 2021",
            "favourites_count": 0,
            "utc_offset": null,
            "time_zone": null,
            "geo_enabled": false,
            "verified": false,
            "statuses_count": 28,
            "lang": null,
            "contributors_enabled": false,
            "is_translator": false,
            "is_translation_enabled": false,
            "profile_background_color": "F5F8FA",
            "profile_background_image_url": null,
            "profile_background_image_url_https": null,
            "profile_background_tile": false,
            "profile_image_url": "http://abs.twimg.com/sticky/default_profile_images/default_profile_normal.png",
            "profile_image_url_https": "https://abs.twimg.com/sticky/default_profile_images/default_profile_normal.png",
            "profile_link_color": "1DA1F2",
            "profile_sidebar_border_color": "C0DEED",
            "profile_sidebar_fill_color": "DDEEF6",
            "profile_text_color": "333333",
            "profile_use_background_image": true,
            "has_extended_profile": true,
            "default_profile": true,
            "default_profile_image": true,
            "following": false,
            "follow_request_sent": false,
            "notifications": false,
            "translator_type": "none"
        },
        "geo": null,
        "coordinates": null,
        "place": null,
        "contributors": null,
        "is_quote_status": false,
        "retweet_count": 0,
        "favorite_count": 0,
        "favorited": false,
        "retweeted": false,
        "lang": "en"
    },
    {
        "created_at": "Fri Apr 09 07:08:05 +0000 2021",
        "id": 1380417213375651841,
        "id_str": "1380417213375651841",
        "text": "This is for Halimb2b6d316-5155-4bd6-ad7f-b6240b395dbb",
        "truncated": false,
        "entities": {
            "hashtags": [
                
            ],
            "symbols": [
                
            ],
            "user_mentions": [
                
            ],
            "urls": [
                
            ]
        },
        "source": "",
        "in_reply_to_status_id": null,
        "in_reply_to_status_id_str": null,
        "in_reply_to_user_id": null,
        "in_reply_to_user_id_str": null,
        "in_reply_to_screen_name": null,
        "user": {
            "id": 1376019233793048576,
            "id_str": "1376019233793048576",
            "name": "Lyes Khemouche",
            "screen_name": "LKhemouche",
            "location": "",
            "description": "",
            "url": null,
            "entities": {
                "description": {
                    "urls": [
                        
                    ]
                }
            },
            "protected": false,
            "followers_count": 4,
            "friends_count": 2,
            "listed_count": 2,
            "created_at": "Sun Mar 28 03:52:18 +0000 2021",
            "favourites_count": 0,
            "utc_offset": null,
            "time_zone": null,
            "geo_enabled": false,
            "verified": false,
            "statuses_count": 28,
            "lang": null,
            "contributors_enabled": false,
            "is_translator": false,
            "is_translation_enabled": false,
            "profile_background_color": "F5F8FA",
            "profile_background_image_url": null,
            "profile_background_image_url_https": null,
            "profile_background_tile": false,
            "profile_image_url": "http://abs.twimg.com/sticky/default_profile_images/default_profile_normal.png",
            "profile_image_url_https": "https://abs.twimg.com/sticky/default_profile_images/default_profile_normal.png",
            "profile_link_color": "1DA1F2",
            "profile_sidebar_border_color": "C0DEED",
            "profile_sidebar_fill_color": "DDEEF6",
            "profile_text_color": "333333",
            "profile_use_background_image": true,
            "has_extended_profile": true,
            "default_profile": true,
            "default_profile_image": true,
            "following": false,
            "follow_request_sent": false,
            "notifications": false,
            "translator_type": "none"
        },
        "geo": null,
        "coordinates": null,
        "place": null,
        "contributors": null,
        "is_quote_status": false,
        "retweet_count": 0,
        "favorite_count": 0,
        "favorited": false,
        "retweeted": false,
        "lang": "en"
    },
    {
        "created_at": "Fri Apr 09 07:08:04 +0000 2021",
        "id": 1380417209609154565,
        "id_str": "1380417209609154565",
        "text": "This is for Halim",
        "truncated": false,
        "entities": {
            "hashtags": [
                
            ],
            "symbols": [
                
            ],
            "user_mentions": [
                
            ],
            "urls": [
                
            ]
        },
        "source": "",
        "in_reply_to_status_id": null,
        "in_reply_to_status_id_str": null,
        "in_reply_to_user_id": null,
        "in_reply_to_user_id_str": null,
        "in_reply_to_screen_name": null,
        "user": {
            "id": 1376019233793048576,
            "id_str": "1376019233793048576",
            "name": "Lyes Khemouche",
            "screen_name": "LKhemouche",
            "location": "",
            "description": "",
            "url": null,
            "entities": {
                "description": {
                    "urls": [
                        
                    ]
                }
            },
            "protected": false,
            "followers_count": 4,
            "friends_count": 2,
            "listed_count": 2,
            "created_at": "Sun Mar 28 03:52:18 +0000 2021",
            "favourites_count": 0,
            "utc_offset": null,
            "time_zone": null,
            "geo_enabled": false,
            "verified": false,
            "statuses_count": 28,
            "lang": null,
            "contributors_enabled": false,
            "is_translator": false,
            "is_translation_enabled": false,
            "profile_background_color": "F5F8FA",
            "profile_background_image_url": null,
            "profile_background_image_url_https": null,
            "profile_background_tile": false,
            "profile_image_url": "http://abs.twimg.com/sticky/default_profile_images/default_profile_normal.png",
            "profile_image_url_https": "https://abs.twimg.com/sticky/default_profile_images/default_profile_normal.png",
            "profile_link_color": "1DA1F2",
            "profile_sidebar_border_color": "C0DEED",
            "profile_sidebar_fill_color": "DDEEF6",
            "profile_text_color": "333333",
            "profile_use_background_image": true,
            "has_extended_profile": true,
            "default_profile": true,
            "default_profile_image": true,
            "following": false,
            "follow_request_sent": false,
            "notifications": false,
            "translator_type": "none"
        },
        "geo": null,
        "coordinates": null,
        "place": null,
        "contributors": null,
        "is_quote_status": false,
        "retweet_count": 0,
        "favorite_count": 0,
        "favorited": false,
        "retweeted": false,
        "lang": "en"
    },
    {
        "created_at": "Fri Apr 09 02:43:21 +0000 2021",
        "id": 1380350594037252096,
        "id_str": "1380350594037252096",
        "text": "Hello kaghim https://t.co/mLZ2RycNxt",
        "truncated": false,
        "entities": {
            "hashtags": [
                
            ],
            "symbols": [
                
            ],
            "user_mentions": [
                
            ],
            "urls": [
                
            ],
            "media": [
                {
                    "id": 1380349504352817154,
                    "id_str": "1380349504352817154",
                    "indices": [
                        13,
                        36
                    ],
                    "media_url": "http://pbs.twimg.com/media/Eyf8j5DWEAIFYXS.jpg",
                    "media_url_https": "https://pbs.twimg.com/media/Eyf8j5DWEAIFYXS.jpg",
                    "url": "https://t.co/mLZ2RycNxt",
                    "display_url": "pic.twitter.com/mLZ2RycNxt",
                    "expanded_url": "https://twitter.com/AbdelhalimHaml2/status/1380350594037252096/photo/1",
                    "type": "photo",
                    "sizes": {
                        "medium": {
                            "w": 236,
                            "h": 236,
                            "resize": "fit"
                        },
                        "thumb": {
                            "w": 150,
                            "h": 150,
                            "resize": "crop"
                        },
                        "small": {
                            "w": 236,
                            "h": 236,
                            "resize": "fit"
                        },
                        "large": {
                            "w": 236,
                            "h": 236,
                            "resize": "fit"
                        }
                    }
                }
            ]
        },
        "extended_entities": {
            "media": [
                {
                    "id": 1380349504352817154,
                    "id_str": "1380349504352817154",
                    "indices": [
                        13,
                        36
                    ],
                    "media_url": "http://pbs.twimg.com/media/Eyf8j5DWEAIFYXS.jpg",
                    "media_url_https": "https://pbs.twimg.com/media/Eyf8j5DWEAIFYXS.jpg",
                    "url": "https://t.co/mLZ2RycNxt",
                    "display_url": "pic.twitter.com/mLZ2RycNxt",
                    "expanded_url": "https://twitter.com/AbdelhalimHaml2/status/1380350594037252096/photo/1",
                    "type": "photo",
                    "sizes": {
                        "medium": {
                            "w": 236,
                            "h": 236,
                            "resize": "fit"
                        },
                        "thumb": {
                            "w": 150,
                            "h": 150,
                            "resize": "crop"
                        },
                        "small": {
                            "w": 236,
                            "h": 236,
                            "resize": "fit"
                        },
                        "large": {
                            "w": 236,
                            "h": 236,
                            "resize": "fit"
                        }
                    }
                }
            ]
        },
        "source": "",
        "in_reply_to_status_id": null,
        "in_reply_to_status_id_str": null,
        "in_reply_to_user_id": null,
        "in_reply_to_user_id_str": null,
        "in_reply_to_screen_name": null,
        "user": {
            "id": 1376004471281582083,
            "id_str": "1376004471281582083",
            "name": "Abdelhalim Hamlat",
            "screen_name": "AbdelhalimHaml2",
            "location": "Algeria",
            "description": "I am  Qa engineer",
            "url": "https://t.co/ctS8JllQZe",
            "entities": {
                "url": {
                    "urls": [
                        {
                            "url": "https://t.co/ctS8JllQZe",
                            "expanded_url": "https://pbs.twimg.com/profile_images/449750767281254400/M_ukevnA.jpeg",
                            "display_url": "pbs.twimg.com/profile_images…",
                            "indices": [
                                0,
                                23
                            ]
                        }
                    ]
                },
                "description": {
                    "urls": [
                        
                    ]
                }
            },
            "protected": false,
            "followers_count": 3,
            "friends_count": 4,
            "listed_count": 0,
            "created_at": "Sun Mar 28 02:53:32 +0000 2021",
            "favourites_count": 3,
            "utc_offset": null,
            "time_zone": null,
            "geo_enabled": false,
            "verified": false,
            "statuses_count": 11,
            "lang": null,
            "contributors_enabled": false,
            "is_translator": false,
            "is_translation_enabled": false,
            "profile_background_color": "F5F8FA",
            "profile_background_image_url": null,
            "profile_background_image_url_https": null,
            "profile_background_tile": false,
            "profile_image_url": "http://pbs.twimg.com/profile_images/1380343230915575808/I5n4Zo0B_normal.jpg",
            "profile_image_url_https": "https://pbs.twimg.com/profile_images/1380343230915575808/I5n4Zo0B_normal.jpg",
            "profile_banner_url": "https://pbs.twimg.com/profile_banners/1376004471281582083/1617946903",
            "profile_link_color": "1DA1F2",
            "profile_sidebar_border_color": "C0DEED",
            "profile_sidebar_fill_color": "DDEEF6",
            "profile_text_color": "333333",
            "profile_use_background_image": true,
            "has_extended_profile": true,
            "default_profile": true,
            "default_profile_image": false,
            "following": true,
            "follow_request_sent": false,
            "notifications": false,
            "translator_type": "none"
        },
        "geo": null,
        "coordinates": null,
        "place": null,
        "contributors": null,
        "is_quote_status": false,
        "retweet_count": 0,
        "favorite_count": 0,
        "favorited": false,
        "retweeted": false,
        "possibly_sensitive": false,
        "possibly_sensitive_appealable": false,
        "lang": "tl"
    },
    {
        "created_at": "Fri Apr 09 01:39:04 +0000 2021",
        "id": 1380334414895448067,
        "id_str": "1380334414895448067",
        "text": "I need coffeeeeee helpppp!! https://t.co/eVd3fc1FAd",
        "truncated": false,
        "entities": {
            "hashtags": [
                
            ],
            "symbols": [
                
            ],
            "user_mentions": [
                
            ],
            "urls": [
                
            ],
            "media": [
                {
                    "id": 1380333555897806851,
                    "id_str": "1380333555897806851",
                    "indices": [
                        28,
                        51
                    ],
                    "media_url": "http://pbs.twimg.com/media/EyfuDkbXMAMQnD2.jpg",
                    "media_url_https": "https://pbs.twimg.com/media/EyfuDkbXMAMQnD2.jpg",
                    "url": "https://t.co/eVd3fc1FAd",
                    "display_url": "pic.twitter.com/eVd3fc1FAd",
                    "expanded_url": "https://twitter.com/eashaarap/status/1380334414895448067/photo/1",
                    "type": "photo",
                    "sizes": {
                        "thumb": {
                            "w": 150,
                            "h": 150,
                            "resize": "crop"
                        },
                        "medium": {
                            "w": 338,
                            "h": 338,
                            "resize": "fit"
                        },
                        "small": {
                            "w": 338,
                            "h": 338,
                            "resize": "fit"
                        },
                        "large": {
                            "w": 338,
                            "h": 338,
                            "resize": "fit"
                        }
                    }
                }
            ]
        },
        "extended_entities": {
            "media": [
                {
                    "id": 1380333555897806851,
                    "id_str": "1380333555897806851",
                    "indices": [
                        28,
                        51
                    ],
                    "media_url": "http://pbs.twimg.com/media/EyfuDkbXMAMQnD2.jpg",
                    "media_url_https": "https://pbs.twimg.com/media/EyfuDkbXMAMQnD2.jpg",
                    "url": "https://t.co/eVd3fc1FAd",
                    "display_url": "pic.twitter.com/eVd3fc1FAd",
                    "expanded_url": "https://twitter.com/eashaarap/status/1380334414895448067/photo/1",
                    "type": "photo",
                    "sizes": {
                        "thumb": {
                            "w": 150,
                            "h": 150,
                            "resize": "crop"
                        },
                        "medium": {
                            "w": 338,
                            "h": 338,
                            "resize": "fit"
                        },
                        "small": {
                            "w": 338,
                            "h": 338,
                            "resize": "fit"
                        },
                        "large": {
                            "w": 338,
                            "h": 338,
                            "resize": "fit"
                        }
                    }
                }
            ]
        },
        "source": "",
        "in_reply_to_status_id": null,
        "in_reply_to_status_id_str": null,
        "in_reply_to_user_id": null,
        "in_reply_to_user_id_str": null,
        "in_reply_to_screen_name": null,
        "user": {
            "id": 1376273647225167881,
            "id_str": "1376273647225167881",
            "name": "Easha",
            "screen_name": "eashaarap",
            "location": "",
            "description": "",
            "url": null,
            "entities": {
                "description": {
                    "urls": [
                        
                    ]
                }
            },
            "protected": false,
            "followers_count": 5,
            "friends_count": 12,
            "listed_count": 0,
            "created_at": "Sun Mar 28 20:43:08 +0000 2021",
            "favourites_count": 1,
            "utc_offset": null,
            "time_zone": null,
            "geo_enabled": false,
            "verified": false,
            "statuses_count": 23,
            "lang": null,
            "contributors_enabled": false,
            "is_translator": false,
            "is_translation_enabled": false,
            "profile_background_color": "F5F8FA",
            "profile_background_image_url": null,
            "profile_background_image_url_https": null,
            "profile_background_tile": false,
            "profile_image_url": "http://pbs.twimg.com/profile_images/1380226707454627841/fUVd1NfO_normal.jpg",
            "profile_image_url_https": "https://pbs.twimg.com/profile_images/1380226707454627841/fUVd1NfO_normal.jpg",
            "profile_banner_url": "https://pbs.twimg.com/profile_banners/1376273647225167881/1617901221",
            "profile_link_color": "1DA1F2",
            "profile_sidebar_border_color": "C0DEED",
            "profile_sidebar_fill_color": "DDEEF6",
            "profile_text_color": "333333",
            "profile_use_background_image": true,
            "has_extended_profile": true,
            "default_profile": true,
            "default_profile_image": false,
            "following": true,
            "follow_request_sent": false,
            "notifications": false,
            "translator_type": "none"
        },
        "geo": null,
        "coordinates": null,
        "place": null,
        "contributors": null,
        "is_quote_status": false,
        "retweet_count": 0,
        "favorite_count": 0,
        "favorited": false,
        "retweeted": false,
        "possibly_sensitive": false,
        "possibly_sensitive_appealable": false,
        "lang": "en"
    },
    {
        "created_at": "Fri Apr 09 00:01:59 +0000 2021",
        "id": 1380309981438828547,
        "id_str": "1380309981438828547",
        "text": "Hello Titouche https://t.co/EsnnPADJxf",
        "truncated": false,
        "entities": {
            "hashtags": [
                
            ],
            "symbols": [
                
            ],
            "user_mentions": [
                
            ],
            "urls": [
                
            ],
            "media": [
                {
                    "id": 1380308528875909121,
                    "id_str": "1380308528875909121",
                    "indices": [
                        15,
                        38
                    ],
                    "media_url": "http://pbs.twimg.com/media/EyfXSzgXMAEfDKu.jpg",
                    "media_url_https": "https://pbs.twimg.com/media/EyfXSzgXMAEfDKu.jpg",
                    "url": "https://t.co/EsnnPADJxf",
                    "display_url": "pic.twitter.com/EsnnPADJxf",
                    "expanded_url": "https://twitter.com/AbdelhalimHaml2/status/1380309981438828547/photo/1",
                    "type": "photo",
                    "sizes": {
                        "thumb": {
                            "w": 150,
                            "h": 150,
                            "resize": "crop"
                        },
                        "medium": {
                            "w": 426,
                            "h": 427,
                            "resize": "fit"
                        },
                        "small": {
                            "w": 426,
                            "h": 427,
                            "resize": "fit"
                        },
                        "large": {
                            "w": 426,
                            "h": 427,
                            "resize": "fit"
                        }
                    }
                }
            ]
        },
        "extended_entities": {
            "media": [
                {
                    "id": 1380308528875909121,
                    "id_str": "1380308528875909121",
                    "indices": [
                        15,
                        38
                    ],
                    "media_url": "http://pbs.twimg.com/media/EyfXSzgXMAEfDKu.jpg",
                    "media_url_https": "https://pbs.twimg.com/media/EyfXSzgXMAEfDKu.jpg",
                    "url": "https://t.co/EsnnPADJxf",
                    "display_url": "pic.twitter.com/EsnnPADJxf",
                    "expanded_url": "https://twitter.com/AbdelhalimHaml2/status/1380309981438828547/photo/1",
                    "type": "photo",
                    "sizes": {
                        "thumb": {
                            "w": 150,
                            "h": 150,
                            "resize": "crop"
                        },
                        "medium": {
                            "w": 426,
                            "h": 427,
                            "resize": "fit"
                        },
                        "small": {
                            "w": 426,
                            "h": 427,
                            "resize": "fit"
                        },
                        "large": {
                            "w": 426,
                            "h": 427,
                            "resize": "fit"
                        }
                    }
                }
            ]
        },
        "source": "",
        "in_reply_to_status_id": null,
        "in_reply_to_status_id_str": null,
        "in_reply_to_user_id": null,
        "in_reply_to_user_id_str": null,
        "in_reply_to_screen_name": null,
        "user": {
            "id": 1376004471281582083,
            "id_str": "1376004471281582083",
            "name": "Abdelhalim Hamlat",
            "screen_name": "AbdelhalimHaml2",
            "location": "Algeria",
            "description": "I am  Qa engineer",
            "url": "https://t.co/ctS8JllQZe",
            "entities": {
                "url": {
                    "urls": [
                        {
                            "url": "https://t.co/ctS8JllQZe",
                            "expanded_url": "https://pbs.twimg.com/profile_images/449750767281254400/M_ukevnA.jpeg",
                            "display_url": "pbs.twimg.com/profile_images…",
                            "indices": [
                                0,
                                23
                            ]
                        }
                    ]
                },
                "description": {
                    "urls": [
                        
                    ]
                }
            },
            "protected": false,
            "followers_count": 3,
            "friends_count": 4,
            "listed_count": 0,
            "created_at": "Sun Mar 28 02:53:32 +0000 2021",
            "favourites_count": 3,
            "utc_offset": null,
            "time_zone": null,
            "geo_enabled": false,
            "verified": false,
            "statuses_count": 11,
            "lang": null,
            "contributors_enabled": false,
            "is_translator": false,
            "is_translation_enabled": false,
            "profile_background_color": "F5F8FA",
            "profile_background_image_url": null,
            "profile_background_image_url_https": null,
            "profile_background_tile": false,
            "profile_image_url": "http://pbs.twimg.com/profile_images/1380343230915575808/I5n4Zo0B_normal.jpg",
            "profile_image_url_https": "https://pbs.twimg.com/profile_images/1380343230915575808/I5n4Zo0B_normal.jpg",
            "profile_banner_url": "https://pbs.twimg.com/profile_banners/1376004471281582083/1617946903",
            "profile_link_color": "1DA1F2",
            "profile_sidebar_border_color": "C0DEED",
            "profile_sidebar_fill_color": "DDEEF6",
            "profile_text_color": "333333",
            "profile_use_background_image": true,
            "has_extended_profile": true,
            "default_profile": true,
            "default_profile_image": false,
            "following": true,
            "follow_request_sent": false,
            "notifications": false,
            "translator_type": "none"
        },
        "geo": null,
        "coordinates": null,
        "place": null,
        "contributors": null,
        "is_quote_status": false,
        "retweet_count": 0,
        "favorite_count": 0,
        "favorited": false,
        "retweeted": false,
        "possibly_sensitive": false,
        "possibly_sensitive_appealable": false,
        "lang": "ht"
    },
    {
        "created_at": "Thu Apr 08 20:33:12 +0000 2021",
        "id": 1380257440286044164,
        "id_str": "1380257440286044164",
        "text": "Panda Panda Panda Pandaaaaaaaaa!!!!!! https://t.co/9GkB8j0i6G",
        "truncated": false,
        "entities": {
            "hashtags": [
                
            ],
            "symbols": [
                
            ],
            "user_mentions": [
                
            ],
            "urls": [
                
            ],
            "media": [
                {
                    "id": 1380256975175450630,
                    "id_str": "1380256975175450630",
                    "indices": [
                        38,
                        61
                    ],
                    "media_url": "http://pbs.twimg.com/media/EyeoZ_AWgAYarkN.jpg",
                    "media_url_https": "https://pbs.twimg.com/media/EyeoZ_AWgAYarkN.jpg",
                    "url": "https://t.co/9GkB8j0i6G",
                    "display_url": "pic.twitter.com/9GkB8j0i6G",
                    "expanded_url": "https://twitter.com/eashaarap/status/1380257440286044164/photo/1",
                    "type": "photo",
                    "sizes": {
                        "small": {
                            "w": 680,
                            "h": 680,
                            "resize": "fit"
                        },
                        "thumb": {
                            "w": 150,
                            "h": 150,
                            "resize": "crop"
                        },
                        "medium": {
                            "w": 1200,
                            "h": 1200,
                            "resize": "fit"
                        },
                        "large": {
                            "w": 1300,
                            "h": 1300,
                            "resize": "fit"
                        }
                    }
                }
            ]
        },
        "extended_entities": {
            "media": [
                {
                    "id": 1380256975175450630,
                    "id_str": "1380256975175450630",
                    "indices": [
                        38,
                        61
                    ],
                    "media_url": "http://pbs.twimg.com/media/EyeoZ_AWgAYarkN.jpg",
                    "media_url_https": "https://pbs.twimg.com/media/EyeoZ_AWgAYarkN.jpg",
                    "url": "https://t.co/9GkB8j0i6G",
                    "display_url": "pic.twitter.com/9GkB8j0i6G",
                    "expanded_url": "https://twitter.com/eashaarap/status/1380257440286044164/photo/1",
                    "type": "photo",
                    "sizes": {
                        "small": {
                            "w": 680,
                            "h": 680,
                            "resize": "fit"
                        },
                        "thumb": {
                            "w": 150,
                            "h": 150,
                            "resize": "crop"
                        },
                        "medium": {
                            "w": 1200,
                            "h": 1200,
                            "resize": "fit"
                        },
                        "large": {
                            "w": 1300,
                            "h": 1300,
                            "resize": "fit"
                        }
                    }
                }
            ]
        },
        "source": "",
        "in_reply_to_status_id": null,
        "in_reply_to_status_id_str": null,
        "in_reply_to_user_id": null,
        "in_reply_to_user_id_str": null,
        "in_reply_to_screen_name": null,
        "user": {
            "id": 1376273647225167881,
            "id_str": "1376273647225167881",
            "name": "Easha",
            "screen_name": "eashaarap",
            "location": "",
            "description": "",
            "url": null,
            "entities": {
                "description": {
                    "urls": [
                        
                    ]
                }
            },
            "protected": false,
            "followers_count": 5,
            "friends_count": 12,
            "listed_count": 0,
            "created_at": "Sun Mar 28 20:43:08 +0000 2021",
            "favourites_count": 1,
            "utc_offset": null,
            "time_zone": null,
            "geo_enabled": false,
            "verified": false,
            "statuses_count": 23,
            "lang": null,
            "contributors_enabled": false,
            "is_translator": false,
            "is_translation_enabled": false,
            "profile_background_color": "F5F8FA",
            "profile_background_image_url": null,
            "profile_background_image_url_https": null,
            "profile_background_tile": false,
            "profile_image_url": "http://pbs.twimg.com/profile_images/1380226707454627841/fUVd1NfO_normal.jpg",
            "profile_image_url_https": "https://pbs.twimg.com/profile_images/1380226707454627841/fUVd1NfO_normal.jpg",
            "profile_banner_url": "https://pbs.twimg.com/profile_banners/1376273647225167881/1617901221",
            "profile_link_color": "1DA1F2",
            "profile_sidebar_border_color": "C0DEED",
            "profile_sidebar_fill_color": "DDEEF6",
            "profile_text_color": "333333",
            "profile_use_background_image": true,
            "has_extended_profile": true,
            "default_profile": true,
            "default_profile_image": false,
            "following": true,
            "follow_request_sent": false,
            "notifications": false,
            "translator_type": "none"
        },
        "geo": null,
        "coordinates": null,
        "place": null,
        "contributors": null,
        "is_quote_status": false,
        "retweet_count": 0,
        "favorite_count": 0,
        "favorited": false,
        "retweeted": false,
        "possibly_sensitive": false,
        "possibly_sensitive_appealable": false,
        "lang": "pt"
    },
    {
        "created_at": "Thu Apr 08 15:43:39 +0000 2021",
        "id": 1380184573804478465,
        "id_str": "1380184573804478465",
        "text": "This is me right now! https://t.co/TcirMjUCQe",
        "truncated": false,
        "entities": {
            "hashtags": [
                
            ],
            "symbols": [
                
            ],
            "user_mentions": [
                
            ],
            "urls": [
                
            ],
            "media": [
                {
                    "id": 1380184472231022592,
                    "id_str": "1380184472231022592",
                    "indices": [
                        22,
                        45
                    ],
                    "media_url": "http://pbs.twimg.com/media/EydmdwfXEAAZUA7.png",
                    "media_url_https": "https://pbs.twimg.com/media/EydmdwfXEAAZUA7.png",
                    "url": "https://t.co/TcirMjUCQe",
                    "display_url": "pic.twitter.com/TcirMjUCQe",
                    "expanded_url": "https://twitter.com/eashaarap/status/1380184573804478465/photo/1",
                    "type": "photo",
                    "sizes": {
                        "medium": {
                            "w": 225,
                            "h": 225,
                            "resize": "fit"
                        },
                        "small": {
                            "w": 225,
                            "h": 225,
                            "resize": "fit"
                        },
                        "large": {
                            "w": 225,
                            "h": 225,
                            "resize": "fit"
                        },
                        "thumb": {
                            "w": 150,
                            "h": 150,
                            "resize": "crop"
                        }
                    }
                }
            ]
        },
        "extended_entities": {
            "media": [
                {
                    "id": 1380184472231022592,
                    "id_str": "1380184472231022592",
                    "indices": [
                        22,
                        45
                    ],
                    "media_url": "http://pbs.twimg.com/media/EydmdwfXEAAZUA7.png",
                    "media_url_https": "https://pbs.twimg.com/media/EydmdwfXEAAZUA7.png",
                    "url": "https://t.co/TcirMjUCQe",
                    "display_url": "pic.twitter.com/TcirMjUCQe",
                    "expanded_url": "https://twitter.com/eashaarap/status/1380184573804478465/photo/1",
                    "type": "photo",
                    "sizes": {
                        "medium": {
                            "w": 225,
                            "h": 225,
                            "resize": "fit"
                        },
                        "small": {
                            "w": 225,
                            "h": 225,
                            "resize": "fit"
                        },
                        "large": {
                            "w": 225,
                            "h": 225,
                            "resize": "fit"
                        },
                        "thumb": {
                            "w": 150,
                            "h": 150,
                            "resize": "crop"
                        }
                    }
                }
            ]
        },
        "source": "",
        "in_reply_to_status_id": null,
        "in_reply_to_status_id_str": null,
        "in_reply_to_user_id": null,
        "in_reply_to_user_id_str": null,
        "in_reply_to_screen_name": null,
        "user": {
            "id": 1376273647225167881,
            "id_str": "1376273647225167881",
            "name": "Easha",
            "screen_name": "eashaarap",
            "location": "",
            "description": "",
            "url": null,
            "entities": {
                "description": {
                    "urls": [
                        
                    ]
                }
            },
            "protected": false,
            "followers_count": 5,
            "friends_count": 12,
            "listed_count": 0,
            "created_at": "Sun Mar 28 20:43:08 +0000 2021",
            "favourites_count": 1,
            "utc_offset": null,
            "time_zone": null,
            "geo_enabled": false,
            "verified": false,
            "statuses_count": 23,
            "lang": null,
            "contributors_enabled": false,
            "is_translator": false,
            "is_translation_enabled": false,
            "profile_background_color": "F5F8FA",
            "profile_background_image_url": null,
            "profile_background_image_url_https": null,
            "profile_background_tile": false,
            "profile_image_url": "http://pbs.twimg.com/profile_images/1380226707454627841/fUVd1NfO_normal.jpg",
            "profile_image_url_https": "https://pbs.twimg.com/profile_images/1380226707454627841/fUVd1NfO_normal.jpg",
            "profile_banner_url": "https://pbs.twimg.com/profile_banners/1376273647225167881/1617901221",
            "profile_link_color": "1DA1F2",
            "profile_sidebar_border_color": "C0DEED",
            "profile_sidebar_fill_color": "DDEEF6",
            "profile_text_color": "333333",
            "profile_use_background_image": true,
            "has_extended_profile": true,
            "default_profile": true,
            "default_profile_image": false,
            "following": true,
            "follow_request_sent": false,
            "notifications": false,
            "translator_type": "none"
        },
        "geo": null,
        "coordinates": null,
        "place": null,
        "contributors": null,
        "is_quote_status": false,
        "retweet_count": 0,
        "favorite_count": 0,
        "favorited": false,
        "retweeted": false,
        "possibly_sensitive": false,
        "possibly_sensitive_appealable": false,
        "lang": "en"
    },
    {
        "created_at": "Wed Apr 07 20:45:32 +0000 2021",
        "id": 1379898157270700033,
        "id_str": "1379898157270700033",
        "text": "This is soooo much fun....not",
        "truncated": false,
        "entities": {
            "hashtags": [
                
            ],
            "symbols": [
                
            ],
            "user_mentions": [
                
            ],
            "urls": [
                
            ]
        },
        "source": "",
        "in_reply_to_status_id": null,
        "in_reply_to_status_id_str": null,
        "in_reply_to_user_id": null,
        "in_reply_to_user_id_str": null,
        "in_reply_to_screen_name": null,
        "user": {
            "id": 1376273647225167881,
            "id_str": "1376273647225167881",
            "name": "Easha",
            "screen_name": "eashaarap",
            "location": "",
            "description": "",
            "url": null,
            "entities": {
                "description": {
                    "urls": [
                        
                    ]
                }
            },
            "protected": false,
            "followers_count": 5,
            "friends_count": 12,
            "listed_count": 0,
            "created_at": "Sun Mar 28 20:43:08 +0000 2021",
            "favourites_count": 1,
            "utc_offset": null,
            "time_zone": null,
            "geo_enabled": false,
            "verified": false,
            "statuses_count": 23,
            "lang": null,
            "contributors_enabled": false,
            "is_translator": false,
            "is_translation_enabled": false,
            "profile_background_color": "F5F8FA",
            "profile_background_image_url": null,
            "profile_background_image_url_https": null,
            "profile_background_tile": false,
            "profile_image_url": "http://pbs.twimg.com/profile_images/1380226707454627841/fUVd1NfO_normal.jpg",
            "profile_image_url_https": "https://pbs.twimg.com/profile_images/1380226707454627841/fUVd1NfO_normal.jpg",
            "profile_banner_url": "https://pbs.twimg.com/profile_banners/1376273647225167881/1617901221",
            "profile_link_color": "1DA1F2",
            "profile_sidebar_border_color": "C0DEED",
            "profile_sidebar_fill_color": "DDEEF6",
            "profile_text_color": "333333",
            "profile_use_background_image": true,
            "has_extended_profile": true,
            "default_profile": true,
            "default_profile_image": false,
            "following": true,
            "follow_request_sent": false,
            "notifications": false,
            "translator_type": "none"
        },
        "geo": null,
        "coordinates": null,
        "place": null,
        "contributors": null,
        "is_quote_status": false,
        "retweet_count": 0,
        "favorite_count": 0,
        "favorited": false,
        "retweeted": false,
        "lang": "en"
    },
    {
        "created_at": "Wed Apr 07 20:22:41 +0000 2021",
        "id": 1379892404501757953,
        "id_str": "1379892404501757953",
        "text": "I updated my using Assured Rest API11379117354064486411",
        "truncated": false,
        "entities": {
            "hashtags": [
                
            ],
            "symbols": [
                
            ],
            "user_mentions": [
                
            ],
            "urls": [
                
            ]
        },
        "source": "",
        "in_reply_to_status_id": null,
        "in_reply_to_status_id_str": null,
        "in_reply_to_user_id": null,
        "in_reply_to_user_id_str": null,
        "in_reply_to_screen_name": null,
        "user": {
            "id": 1376019233793048576,
            "id_str": "1376019233793048576",
            "name": "Lyes Khemouche",
            "screen_name": "LKhemouche",
            "location": "",
            "description": "",
            "url": null,
            "entities": {
                "description": {
                    "urls": [
                        
                    ]
                }
            },
            "protected": false,
            "followers_count": 4,
            "friends_count": 2,
            "listed_count": 2,
            "created_at": "Sun Mar 28 03:52:18 +0000 2021",
            "favourites_count": 0,
            "utc_offset": null,
            "time_zone": null,
            "geo_enabled": false,
            "verified": false,
            "statuses_count": 28,
            "lang": null,
            "contributors_enabled": false,
            "is_translator": false,
            "is_translation_enabled": false,
            "profile_background_color": "F5F8FA",
            "profile_background_image_url": null,
            "profile_background_image_url_https": null,
            "profile_background_tile": false,
            "profile_image_url": "http://abs.twimg.com/sticky/default_profile_images/default_profile_normal.png",
            "profile_image_url_https": "https://abs.twimg.com/sticky/default_profile_images/default_profile_normal.png",
            "profile_link_color": "1DA1F2",
            "profile_sidebar_border_color": "C0DEED",
            "profile_sidebar_fill_color": "DDEEF6",
            "profile_text_color": "333333",
            "profile_use_background_image": true,
            "has_extended_profile": true,
            "default_profile": true,
            "default_profile_image": true,
            "following": false,
            "follow_request_sent": false,
            "notifications": false,
            "translator_type": "none"
        },
        "geo": null,
        "coordinates": null,
        "place": null,
        "contributors": null,
        "is_quote_status": false,
        "retweet_count": 0,
        "favorite_count": 1,
        "favorited": false,
        "retweeted": false,
        "lang": "en"
    },
    {
        "created_at": "Wed Apr 07 20:18:19 +0000 2021",
        "id": 1379891309075386374,
        "id_str": "1379891309075386374",
        "text": "I am verifying property from responsecfe58293-1d1a-47db-ba86-a034ba5da56d",
        "truncated": false,
        "entities": {
            "hashtags": [
                
            ],
            "symbols": [
                
            ],
            "user_mentions": [
                
            ],
            "urls": [
                
            ]
        },
        "source": "",
        "in_reply_to_status_id": null,
        "in_reply_to_status_id_str": null,
        "in_reply_to_user_id": null,
        "in_reply_to_user_id_str": null,
        "in_reply_to_screen_name": null,
        "user": {
            "id": 1376019233793048576,
            "id_str": "1376019233793048576",
            "name": "Lyes Khemouche",
            "screen_name": "LKhemouche",
            "location": "",
            "description": "",
            "url": null,
            "entities": {
                "description": {
                    "urls": [
                        
                    ]
                }
            },
            "protected": false,
            "followers_count": 4,
            "friends_count": 2,
            "listed_count": 2,
            "created_at": "Sun Mar 28 03:52:18 +0000 2021",
            "favourites_count": 0,
            "utc_offset": null,
            "time_zone": null,
            "geo_enabled": false,
            "verified": false,
            "statuses_count": 28,
            "lang": null,
            "contributors_enabled": false,
            "is_translator": false,
            "is_translation_enabled": false,
            "profile_background_color": "F5F8FA",
            "profile_background_image_url": null,
            "profile_background_image_url_https": null,
            "profile_background_tile": false,
            "profile_image_url": "http://abs.twimg.com/sticky/default_profile_images/default_profile_normal.png",
            "profile_image_url_https": "https://abs.twimg.com/sticky/default_profile_images/default_profile_normal.png",
            "profile_link_color": "1DA1F2",
            "profile_sidebar_border_color": "C0DEED",
            "profile_sidebar_fill_color": "DDEEF6",
            "profile_text_color": "333333",
            "profile_use_background_image": true,
            "has_extended_profile": true,
            "default_profile": true,
            "default_profile_image": true,
            "following": false,
            "follow_request_sent": false,
            "notifications": false,
            "translator_type": "none"
        },
        "geo": null,
        "coordinates": null,
        "place": null,
        "contributors": null,
        "is_quote_status": false,
        "retweet_count": 0,
        "favorite_count": 0,
        "favorited": false,
        "retweeted": false,
        "lang": "en"
    }
]
]]></system-out>
  </testcase>
  <testcase name="testVerifyCredentials" classname="tweettest.TweetAPIClientTest" time="0.201">
    <system-out><![CDATA[{
    "id": 1376019233793048576,
    "id_str": "1376019233793048576",
    "name": "Lyes Khemouche",
    "screen_name": "LKhemouche",
    "location": "",
    "description": "",
    "url": null,
    "entities": {
        "description": {
            "urls": [
                
            ]
        }
    },
    "protected": false,
    "followers_count": 4,
    "friends_count": 2,
    "listed_count": 2,
    "created_at": "Sun Mar 28 03:52:18 +0000 2021",
    "favourites_count": 0,
    "utc_offset": null,
    "time_zone": null,
    "geo_enabled": false,
    "verified": false,
    "statuses_count": 28,
    "lang": null,
    "status": {
        "created_at": "Fri Apr 09 07:08:09 +0000 2021",
        "id": 1380417231436275713,
        "id_str": "1380417231436275713",
        "text": "I updated my using Assured Rest API21379117354064486411",
        "truncated": false,
        "entities": {
            "hashtags": [
                
            ],
            "symbols": [
                
            ],
            "user_mentions": [
                
            ],
            "urls": [
                
            ]
        },
        "source": "",
        "in_reply_to_status_id": null,
        "in_reply_to_status_id_str": null,
        "in_reply_to_user_id": null,
        "in_reply_to_user_id_str": null,
        "in_reply_to_screen_name": null,
        "geo": null,
        "coordinates": null,
        "place": null,
        "contributors": null,
        "is_quote_status": false,
        "retweet_count": 0,
        "favorite_count": 0,
        "favorited": false,
        "retweeted": false,
        "lang": "en"
    },
    "contributors_enabled": false,
    "is_translator": false,
    "is_translation_enabled": false,
    "profile_background_color": "F5F8FA",
    "profile_background_image_url": null,
    "profile_background_image_url_https": null,
    "profile_background_tile": false,
    "profile_image_url": "http://abs.twimg.com/sticky/default_profile_images/default_profile_normal.png",
    "profile_image_url_https": "https://abs.twimg.com/sticky/default_profile_images/default_profile_normal.png",
    "profile_link_color": "1DA1F2",
    "profile_sidebar_border_color": "C0DEED",
    "profile_sidebar_fill_color": "DDEEF6",
    "profile_text_color": "333333",
    "profile_use_background_image": true,
    "has_extended_profile": true,
    "default_profile": true,
    "default_profile_image": true,
    "following": false,
    "follow_request_sent": false,
    "notifications": false,
    "translator_type": "none",
    "suspended": false,
    "needs_phone_verification": false
}
]]></system-out>
  </testcase>
  <testcase name="testGetProfileBanner" classname="tweettest.TweetAPIClientTest" time="0.27">
    <system-out><![CDATA[{
    "errors": [
        {
            "code": 34,
            "message": "Sorry, that page does not exist."
        }
    ]
}
]]></system-out>
  </testcase>
  <testcase name="testDeleteProfileBanner" classname="tweettest.TweetAPIClientTest" time="0.287">
    <system-out><![CDATA[
]]></system-out>
  </testcase>
  <testcase name="testCreateSearch" classname="tweettest.TweetAPIClientTest" time="0.293">
    <system-out><![CDATA[{
    "id": 1380417257323520005,
    "id_str": "1380417257323520005",
    "query": "Abdelhalim pnt1234",
    "name": "Abdelhalim pnt1234",
    "position": null,
    "created_at": "Fri Apr 09 07:08:15 +0000 2021"
}
]]></system-out>
  </testcase>
  <testcase name="testDeleteSearch" classname="tweettest.TweetAPIClientTest" time="0.285">
    <system-out><![CDATA[{
    "errors": [
        {
            "code": 34,
            "message": "Sorry, that page does not exist."
        }
    ]
}
]]></system-out>
  </testcase>
  <testcase name="testCannotDeleteSearchTwice" classname="tweettest.TweetAPIClientTest" time="0.285">
    <system-out><![CDATA[{
    "errors": [
        {
            "code": 34,
            "message": "Sorry, that page does not exist."
        }
    ]
}
]]></system-out>
  </testcase>
  <testcase name="testGetSubscribers" classname="tweettest.TweetAPIClientTest" time="0.338">
    <system-out><![CDATA[{
    "errors": [
        {
            "code": 112,
            "message": "You must specify either a list ID or a slug and owner."
        }
    ]
}
]]></system-out>
  </testcase>
  <testcase name="testGetFriendsList" classname="tweettest.TweetAPIClientTest" time="0.341">
    <system-out><![CDATA[{
    "users": [
        {
            "id": 1376273647225167881,
            "id_str": "1376273647225167881",
            "name": "Easha",
            "screen_name": "eashaarap",
            "location": "",
            "description": "",
            "url": null,
            "entities": {
                "description": {
                    "urls": [
                        
                    ]
                }
            },
            "protected": false,
            "followers_count": 5,
            "friends_count": 12,
            "listed_count": 0,
            "created_at": "Sun Mar 28 20:43:08 +0000 2021",
            "favourites_count": 1,
            "utc_offset": null,
            "time_zone": null,
            "geo_enabled": false,
            "verified": false,
            "statuses_count": 23,
            "lang": null,
            "status": {
                "created_at": "Fri Apr 09 01:39:04 +0000 2021",
                "id": 1380334414895448067,
                "id_str": "1380334414895448067",
                "text": "I need coffeeeeee helpppp!! https://t.co/eVd3fc1FAd",
                "truncated": false,
                "entities": {
                    "hashtags": [
                        
                    ],
                    "symbols": [
                        
                    ],
                    "user_mentions": [
                        
                    ],
                    "urls": [
                        
                    ],
                    "media": [
                        {
                            "id": 1380333555897806851,
                            "id_str": "1380333555897806851",
                            "indices": [
                                28,
                                51
                            ],
                            "media_url": "http://pbs.twimg.com/media/EyfuDkbXMAMQnD2.jpg",
                            "media_url_https": "https://pbs.twimg.com/media/EyfuDkbXMAMQnD2.jpg",
                            "url": "https://t.co/eVd3fc1FAd",
                            "display_url": "pic.twitter.com/eVd3fc1FAd",
                            "expanded_url": "https://twitter.com/eashaarap/status/1380334414895448067/photo/1",
                            "type": "photo",
                            "sizes": {
                                "thumb": {
                                    "w": 150,
                                    "h": 150,
                                    "resize": "crop"
                                },
                                "medium": {
                                    "w": 338,
                                    "h": 338,
                                    "resize": "fit"
                                },
                                "small": {
                                    "w": 338,
                                    "h": 338,
                                    "resize": "fit"
                                },
                                "large": {
                                    "w": 338,
                                    "h": 338,
                                    "resize": "fit"
                                }
                            }
                        }
                    ]
                },
                "extended_entities": {
                    "media": [
                        {
                            "id": 1380333555897806851,
                            "id_str": "1380333555897806851",
                            "indices": [
                                28,
                                51
                            ],
                            "media_url": "http://pbs.twimg.com/media/EyfuDkbXMAMQnD2.jpg",
                            "media_url_https": "https://pbs.twimg.com/media/EyfuDkbXMAMQnD2.jpg",
                            "url": "https://t.co/eVd3fc1FAd",
                            "display_url": "pic.twitter.com/eVd3fc1FAd",
                            "expanded_url": "https://twitter.com/eashaarap/status/1380334414895448067/photo/1",
                            "type": "photo",
                            "sizes": {
                                "thumb": {
                                    "w": 150,
                                    "h": 150,
                                    "resize": "crop"
                                },
                                "medium": {
                                    "w": 338,
                                    "h": 338,
                                    "resize": "fit"
                                },
                                "small": {
                                    "w": 338,
                                    "h": 338,
                                    "resize": "fit"
                                },
                                "large": {
                                    "w": 338,
                                    "h": 338,
                                    "resize": "fit"
                                }
                            }
                        }
                    ]
                },
                "source": "",
                "in_reply_to_status_id": null,
                "in_reply_to_status_id_str": null,
                "in_reply_to_user_id": null,
                "in_reply_to_user_id_str": null,
                "in_reply_to_screen_name": null,
                "geo": null,
                "coordinates": null,
                "place": null,
                "contributors": null,
                "is_quote_status": false,
                "retweet_count": 0,
                "favorite_count": 0,
                "favorited": false,
                "retweeted": false,
                "possibly_sensitive": false,
                "lang": "en"
            },
            "contributors_enabled": false,
            "is_translator": false,
            "is_translation_enabled": false,
            "profile_background_color": "F5F8FA",
            "profile_background_image_url": null,
            "profile_background_image_url_https": null,
            "profile_background_tile": false,
            "profile_image_url": "http://pbs.twimg.com/profile_images/1380226707454627841/fUVd1NfO_normal.jpg",
            "profile_image_url_https": "https://pbs.twimg.com/profile_images/1380226707454627841/fUVd1NfO_normal.jpg",
            "profile_banner_url": "https://pbs.twimg.com/profile_banners/1376273647225167881/1617901221",
            "profile_link_color": "1DA1F2",
            "profile_sidebar_border_color": "C0DEED",
            "profile_sidebar_fill_color": "DDEEF6",
            "profile_text_color": "333333",
            "profile_use_background_image": true,
            "has_extended_profile": true,
            "default_profile": true,
            "default_profile_image": false,
            "following": true,
            "live_following": false,
            "follow_request_sent": false,
            "notifications": false,
            "muting": false,
            "blocking": false,
            "blocked_by": false,
            "translator_type": "none"
        },
        {
            "id": 1376004471281582083,
            "id_str": "1376004471281582083",
            "name": "Abdelhalim Hamlat",
            "screen_name": "AbdelhalimHaml2",
            "location": "Algeria",
            "description": "I am  Qa engineer",
            "url": "https://t.co/ctS8JllQZe",
            "entities": {
                "url": {
                    "urls": [
                        {
                            "url": "https://t.co/ctS8JllQZe",
                            "expanded_url": "https://pbs.twimg.com/profile_images/449750767281254400/M_ukevnA.jpeg",
                            "display_url": "pbs.twimg.com/profile_images…",
                            "indices": [
                                0,
                                23
                            ]
                        }
                    ]
                },
                "description": {
                    "urls": [
                        
                    ]
                }
            },
            "protected": false,
            "followers_count": 3,
            "friends_count": 4,
            "listed_count": 0,
            "created_at": "Sun Mar 28 02:53:32 +0000 2021",
            "favourites_count": 3,
            "utc_offset": null,
            "time_zone": null,
            "geo_enabled": false,
            "verified": false,
            "statuses_count": 11,
            "lang": null,
            "status": {
                "created_at": "Fri Apr 09 02:43:21 +0000 2021",
                "id": 1380350594037252096,
                "id_str": "1380350594037252096",
                "text": "Hello kaghim https://t.co/mLZ2RycNxt",
                "truncated": false,
                "entities": {
                    "hashtags": [
                        
                    ],
                    "symbols": [
                        
                    ],
                    "user_mentions": [
                        
                    ],
                    "urls": [
                        
                    ],
                    "media": [
                        {
                            "id": 1380349504352817154,
                            "id_str": "1380349504352817154",
                            "indices": [
                                13,
                                36
                            ],
                            "media_url": "http://pbs.twimg.com/media/Eyf8j5DWEAIFYXS.jpg",
                            "media_url_https": "https://pbs.twimg.com/media/Eyf8j5DWEAIFYXS.jpg",
                            "url": "https://t.co/mLZ2RycNxt",
                            "display_url": "pic.twitter.com/mLZ2RycNxt",
                            "expanded_url": "https://twitter.com/AbdelhalimHaml2/status/1380350594037252096/photo/1",
                            "type": "photo",
                            "sizes": {
                                "medium": {
                                    "w": 236,
                                    "h": 236,
                                    "resize": "fit"
                                },
                                "thumb": {
                                    "w": 150,
                                    "h": 150,
                                    "resize": "crop"
                                },
                                "small": {
                                    "w": 236,
                                    "h": 236,
                                    "resize": "fit"
                                },
                                "large": {
                                    "w": 236,
                                    "h": 236,
                                    "resize": "fit"
                                }
                            }
                        }
                    ]
                },
                "extended_entities": {
                    "media": [
                        {
                            "id": 1380349504352817154,
                            "id_str": "1380349504352817154",
                            "indices": [
                                13,
                                36
                            ],
                            "media_url": "http://pbs.twimg.com/media/Eyf8j5DWEAIFYXS.jpg",
                            "media_url_https": "https://pbs.twimg.com/media/Eyf8j5DWEAIFYXS.jpg",
                            "url": "https://t.co/mLZ2RycNxt",
                            "display_url": "pic.twitter.com/mLZ2RycNxt",
                            "expanded_url": "https://twitter.com/AbdelhalimHaml2/status/1380350594037252096/photo/1",
                            "type": "photo",
                            "sizes": {
                                "medium": {
                                    "w": 236,
                                    "h": 236,
                                    "resize": "fit"
                                },
                                "thumb": {
                                    "w": 150,
                                    "h": 150,
                                    "resize": "crop"
                                },
                                "small": {
                                    "w": 236,
                                    "h": 236,
                                    "resize": "fit"
                                },
                                "large": {
                                    "w": 236,
                                    "h": 236,
                                    "resize": "fit"
                                }
                            }
                        }
                    ]
                },
                "source": "",
                "in_reply_to_status_id": null,
                "in_reply_to_status_id_str": null,
                "in_reply_to_user_id": null,
                "in_reply_to_user_id_str": null,
                "in_reply_to_screen_name": null,
                "geo": null,
                "coordinates": null,
                "place": null,
                "contributors": null,
                "is_quote_status": false,
                "retweet_count": 0,
                "favorite_count": 0,
                "favorited": false,
                "retweeted": false,
                "possibly_sensitive": false,
                "lang": "tl"
            },
            "contributors_enabled": false,
            "is_translator": false,
            "is_translation_enabled": false,
            "profile_background_color": "F5F8FA",
            "profile_background_image_url": null,
            "profile_background_image_url_https": null,
            "profile_background_tile": false,
            "profile_image_url": "http://pbs.twimg.com/profile_images/1380343230915575808/I5n4Zo0B_normal.jpg",
            "profile_image_url_https": "https://pbs.twimg.com/profile_images/1380343230915575808/I5n4Zo0B_normal.jpg",
            "profile_banner_url": "https://pbs.twimg.com/profile_banners/1376004471281582083/1617946903",
            "profile_link_color": "1DA1F2",
            "profile_sidebar_border_color": "C0DEED",
            "profile_sidebar_fill_color": "DDEEF6",
            "profile_text_color": "333333",
            "profile_use_background_image": true,
            "has_extended_profile": true,
            "default_profile": true,
            "default_profile_image": false,
            "following": true,
            "live_following": false,
            "follow_request_sent": false,
            "notifications": false,
            "muting": false,
            "blocking": false,
            "blocked_by": false,
            "translator_type": "none"
        }
    ],
    "next_cursor": 0,
    "next_cursor_str": "0",
    "previous_cursor": 0,
    "previous_cursor_str": "0",
    "total_count": null
}
]]></system-out>
  </testcase>
  <testcase name="testDeleteMessage" classname="tweettest.TweetAPIClientTest" time="0.231">
    <system-out><![CDATA[{
    "errors": [
        {
            "code": 93,
            "message": "This application is not allowed to access or delete your direct messages."
        }
    ]
}
]]></system-out>
  </testcase>
  <testcase name="testGetCustomProfiles" classname="tweettest.TweetAPIClientTest" time="0.27">
    <system-out><![CDATA[{
    "errors": [
        {
            "message": "Sorry, that page does not exist",
            "code": 34
        }
    ]
}
]]></system-out>
  </testcase>
  <testcase name="testCannotGetCustomProfilesList" classname="tweettest.TweetAPIClientTest" time="0.285">
    <system-out><![CDATA[{
    "errors": [
        {
            "code": 87,
            "message": "Client is not permitted to perform this action."
        }
    ]
}
]]></system-out>
  </testcase>
  <testcase name="testCannotDeleteCustomProfiles" classname="tweettest.TweetAPIClientTest" time="0.285">
    <failure message="Cannot invoke the path method because no content-type was present in the response and no default parser has been set.&#10;&#10;You can specify a default parser using e.g.:&#10;RestAssured.defaultParser = Parser.JSON;&#10;" type="java.lang.IllegalStateException"><![CDATA[java.lang.IllegalStateException: 
Cannot invoke the path method because no content-type was present in the response and no default parser has been set.

You can specify a default parser using e.g.:
RestAssured.defaultParser = Parser.JSON;

	at tweettest.TweetAPIClientTest.testCannotDeleteCustomProfiles(TweetAPIClientTest.java:402)
]]></failure>
    <system-out><![CDATA[POST is not allowed on path /1.1/custom_profiles/destroy.json
]]></system-out>
  </testcase>
  <testcase name="testCreateFavoriteGif" classname="tweettest.TweetAPIClientTest" time="0.324">
    <system-out><![CDATA[{
    "created_at": "Wed Apr 07 15:45:29 +0000 2021",
    "id": 1379822648633520129,
    "id_str": "1379822648633520129",
    "text": "https://t.co/OPPnbu0223",
    "truncated": false,
    "entities": {
        "hashtags": [
            
        ],
        "symbols": [
            
        ],
        "user_mentions": [
            
        ],
        "urls": [
            
        ],
        "media": [
            {
                "id": 1379822642266509313,
                "id_str": "1379822642266509313",
                "indices": [
                    0,
                    23
                ],
                "media_url": "http://pbs.twimg.com/tweet_video_thumb/EyYdYe1WEAExM0n.jpg",
                "media_url_https": "https://pbs.twimg.com/tweet_video_thumb/EyYdYe1WEAExM0n.jpg",
                "url": "https://t.co/OPPnbu0223",
                "display_url": "pic.twitter.com/OPPnbu0223",
                "expanded_url": "https://twitter.com/LKhemouche/status/1379822648633520129/photo/1",
                "type": "photo",
                "sizes": {
                    "thumb": {
                        "w": 150,
                        "h": 150,
                        "resize": "crop"
                    },
                    "large": {
                        "w": 330,
                        "h": 312,
                        "resize": "fit"
                    },
                    "small": {
                        "w": 330,
                        "h": 312,
                        "resize": "fit"
                    },
                    "medium": {
                        "w": 330,
                        "h": 312,
                        "resize": "fit"
                    }
                }
            }
        ]
    },
    "extended_entities": {
        "media": [
            {
                "id": 1379822642266509313,
                "id_str": "1379822642266509313",
                "indices": [
                    0,
                    23
                ],
                "media_url": "http://pbs.twimg.com/tweet_video_thumb/EyYdYe1WEAExM0n.jpg",
                "media_url_https": "https://pbs.twimg.com/tweet_video_thumb/EyYdYe1WEAExM0n.jpg",
                "url": "https://t.co/OPPnbu0223",
                "display_url": "pic.twitter.com/OPPnbu0223",
                "expanded_url": "https://twitter.com/LKhemouche/status/1379822648633520129/photo/1",
                "type": "animated_gif",
                "sizes": {
                    "thumb": {
                        "w": 150,
                        "h": 150,
                        "resize": "crop"
                    },
                    "large": {
                        "w": 330,
                        "h": 312,
                        "resize": "fit"
                    },
                    "small": {
                        "w": 330,
                        "h": 312,
                        "resize": "fit"
                    },
                    "medium": {
                        "w": 330,
                        "h": 312,
                        "resize": "fit"
                    }
                },
                "video_info": {
                    "aspect_ratio": [
                        55,
                        52
                    ],
                    "variants": [
                        {
                            "bitrate": 0,
                            "content_type": "video/mp4",
                            "url": "https://video.twimg.com/tweet_video/EyYdYe1WEAExM0n.mp4"
                        }
                    ]
                }
            }
        ]
    },
    "source": "<a href=\"https://mobile.twitter.com\" rel=\"nofollow\">Twitter Web App</a>",
    "in_reply_to_status_id": null,
    "in_reply_to_status_id_str": null,
    "in_reply_to_user_id": null,
    "in_reply_to_user_id_str": null,
    "in_reply_to_screen_name": null,
    "user": {
        "id": 1376019233793048576,
        "id_str": "1376019233793048576",
        "name": "Lyes Khemouche",
        "screen_name": "LKhemouche",
        "location": "",
        "description": "",
        "url": null,
        "entities": {
            "description": {
                "urls": [
                    
                ]
            }
        },
        "protected": false,
        "followers_count": 4,
        "friends_count": 2,
        "listed_count": 2,
        "created_at": "Sun Mar 28 03:52:18 +0000 2021",
        "favourites_count": 1,
        "utc_offset": null,
        "time_zone": null,
        "geo_enabled": false,
        "verified": false,
        "statuses_count": 28,
        "lang": null,
        "contributors_enabled": false,
        "is_translator": false,
        "is_translation_enabled": false,
        "profile_background_color": "F5F8FA",
        "profile_background_image_url": null,
        "profile_background_image_url_https": null,
        "profile_background_tile": false,
        "profile_image_url": "http://abs.twimg.com/sticky/default_profile_images/default_profile_normal.png",
        "profile_image_url_https": "https://abs.twimg.com/sticky/default_profile_images/default_profile_normal.png",
        "profile_link_color": "1DA1F2",
        "profile_sidebar_border_color": "C0DEED",
        "profile_sidebar_fill_color": "DDEEF6",
        "profile_text_color": "333333",
        "profile_use_background_image": true,
        "has_extended_profile": true,
        "default_profile": true,
        "default_profile_image": true,
        "following": false,
        "follow_request_sent": false,
        "notifications": false,
        "translator_type": "none"
    },
    "geo": null,
    "coordinates": null,
    "place": null,
    "contributors": null,
    "is_quote_status": false,
    "retweet_count": 0,
    "favorite_count": 0,
    "favorited": true,
    "retweeted": false,
    "possibly_sensitive": false,
    "lang": "und"
}
]]></system-out>
  </testcase>
  <testcase name="testUserCanBlockByScreenName" classname="tweettest.TweetAPIClientTest" time="0.358">
    <system-out><![CDATA[{
    "id": 43480585,
    "id_str": "43480585",
    "name": "Martin Shkreli",
    "screen_name": "RealShkreli",
    "location": "White Deer, PA",
    "description": "America's Most Hated Man. Inmate # 87850-053.",
    "url": null,
    "entities": {
        "description": {
            "urls": [
                
            ]
        }
    },
    "protected": false,
    "followers_count": 3474,
    "friends_count": 203,
    "listed_count": 19,
    "created_at": "Sat May 30 04:31:22 +0000 2009",
    "favourites_count": 821,
    "utc_offset": null,
    "time_zone": null,
    "geo_enabled": true,
    "verified": false,
    "statuses_count": 1559,
    "lang": null,
    "status": {
        "created_at": "Mon Mar 09 01:44:55 +0000 2020",
        "id": 1236830292188565505,
        "id_str": "1236830292188565505",
        "text": "You should assume I have a conflict of interest on everything I talk about (even in sports, music and politics!) gi… https://t.co/wHyl2rryuE",
        "truncated": true,
        "entities": {
            "hashtags": [
                
            ],
            "symbols": [
                
            ],
            "user_mentions": [
                
            ],
            "urls": [
                {
                    "url": "https://t.co/wHyl2rryuE",
                    "expanded_url": "https://twitter.com/i/web/status/1236830292188565505",
                    "display_url": "twitter.com/i/web/status/1…",
                    "indices": [
                        117,
                        140
                    ]
                }
            ]
        },
        "source": "<a href=\"https://mobile.twitter.com\" rel=\"nofollow\">Twitter Web App</a>",
        "in_reply_to_status_id": null,
        "in_reply_to_status_id_str": null,
        "in_reply_to_user_id": null,
        "in_reply_to_user_id_str": null,
        "in_reply_to_screen_name": null,
        "geo": null,
        "coordinates": null,
        "place": null,
        "contributors": null,
        "is_quote_status": false,
        "retweet_count": 13,
        "favorite_count": 128,
        "favorited": false,
        "retweeted": false,
        "lang": "en"
    },
    "contributors_enabled": false,
    "is_translator": false,
    "is_translation_enabled": false,
    "profile_background_color": "9AE4E8",
    "profile_background_image_url": "http://abs.twimg.com/images/themes/theme1/bg.png",
    "profile_background_image_url_https": "https://abs.twimg.com/images/themes/theme1/bg.png",
    "profile_background_tile": false,
    "profile_image_url": "http://pbs.twimg.com/profile_images/1179077310579904512/3zfIURpY_normal.jpg",
    "profile_image_url_https": "https://pbs.twimg.com/profile_images/1179077310579904512/3zfIURpY_normal.jpg",
    "profile_banner_url": "https://pbs.twimg.com/profile_banners/43480585/1567698072",
    "profile_link_color": "0084B4",
    "profile_sidebar_border_color": "BDDCAD",
    "profile_sidebar_fill_color": "DDFFCC",
    "profile_text_color": "333333",
    "profile_use_background_image": true,
    "has_extended_profile": false,
    "default_profile": false,
    "default_profile_image": false,
    "following": false,
    "follow_request_sent": false,
    "notifications": false,
    "muting": false,
    "translator_type": "none"
}
]]></system-out>
  </testcase>
  <testcase name="testUserCanBlockById" classname="tweettest.TweetAPIClientTest" time="0.349">
    <system-out><![CDATA[{
    "id": 1192946702891790336,
    "id_str": "1192946702891790336",
    "name": "عبدالمجيد تبون - Abdelmadjid Tebboune",
    "screen_name": "TebbouneAmadjid",
    "location": "Algiers, Algeria",
    "description": "رئيس الجمهورية الجزائرية الديمقراطية الشعبية",
    "url": "https://t.co/1rKHW2EgFI",
    "entities": {
        "url": {
            "urls": [
                {
                    "url": "https://t.co/1rKHW2EgFI",
                    "expanded_url": "http://www.abdelmadjidtebboune2019.dz",
                    "display_url": "abdelmadjidtebboune2019.dz",
                    "indices": [
                        0,
                        23
                    ]
                }
            ]
        },
        "description": {
            "urls": [
                
            ]
        }
    },
    "protected": false,
    "followers_count": 653970,
    "friends_count": 27,
    "listed_count": 233,
    "created_at": "Fri Nov 08 23:27:31 +0000 2019",
    "favourites_count": 2,
    "utc_offset": null,
    "time_zone": null,
    "geo_enabled": false,
    "verified": true,
    "statuses_count": 81,
    "lang": null,
    "status": {
        "created_at": "Mon Mar 29 21:09:41 +0000 2021",
        "id": 1376642743506759683,
        "id_str": "1376642743506759683",
        "text": "شكرًا لمنتخبنا الوطني على هذا المشوار  المميز في التأهل لكأس إفريقيا، و الانجاز الباهر في تحقيق 24 مباراة متتالية ب… https://t.co/dK48cnoUy6",
        "truncated": true,
        "entities": {
            "hashtags": [
                
            ],
            "symbols": [
                
            ],
            "user_mentions": [
                
            ],
            "urls": [
                {
                    "url": "https://t.co/dK48cnoUy6",
                    "expanded_url": "https://twitter.com/i/web/status/1376642743506759683",
                    "display_url": "twitter.com/i/web/status/1…",
                    "indices": [
                        117,
                        140
                    ]
                }
            ]
        },
        "source": "<a href=\"http://twitter.com/download/iphone\" rel=\"nofollow\">Twitter for iPhone</a>",
        "in_reply_to_status_id": null,
        "in_reply_to_status_id_str": null,
        "in_reply_to_user_id": null,
        "in_reply_to_user_id_str": null,
        "in_reply_to_screen_name": null,
        "geo": null,
        "coordinates": null,
        "place": null,
        "contributors": null,
        "is_quote_status": false,
        "retweet_count": 705,
        "favorite_count": 10412,
        "favorited": false,
        "retweeted": false,
        "lang": "ar"
    },
    "contributors_enabled": false,
    "is_translator": false,
    "is_translation_enabled": false,
    "profile_background_color": "F5F8FA",
    "profile_background_image_url": null,
    "profile_background_image_url_https": null,
    "profile_background_tile": false,
    "profile_image_url": "http://pbs.twimg.com/profile_images/1226997056780296192/bWP6U4NN_normal.jpg",
    "profile_image_url_https": "https://pbs.twimg.com/profile_images/1226997056780296192/bWP6U4NN_normal.jpg",
    "profile_banner_url": "https://pbs.twimg.com/profile_banners/1192946702891790336/1581373872",
    "profile_link_color": "1DA1F2",
    "profile_sidebar_border_color": "C0DEED",
    "profile_sidebar_fill_color": "DDEEF6",
    "profile_text_color": "333333",
    "profile_use_background_image": true,
    "has_extended_profile": true,
    "default_profile": true,
    "default_profile_image": false,
    "following": false,
    "follow_request_sent": false,
    "notifications": false,
    "muting": false,
    "translator_type": "none"
}
]]></system-out>
  </testcase>
  <testcase name="testGetBlockList" classname="tweettest.TweetAPIClientTest" time="0.308">
    <system-out><![CDATA[{
    "users": [
        {
            "id": 1192946702891790336,
            "id_str": "1192946702891790336",
            "name": "عبدالمجيد تبون - Abdelmadjid Tebboune",
            "screen_name": "TebbouneAmadjid",
            "location": "Algiers, Algeria",
            "description": "رئيس الجمهورية الجزائرية الديمقراطية الشعبية",
            "url": "https://t.co/1rKHW2EgFI",
            "entities": {
                "url": {
                    "urls": [
                        {
                            "url": "https://t.co/1rKHW2EgFI",
                            "expanded_url": "http://www.abdelmadjidtebboune2019.dz",
                            "display_url": "abdelmadjidtebboune2019.dz",
                            "indices": [
                                0,
                                23
                            ]
                        }
                    ]
                },
                "description": {
                    "urls": [
                        
                    ]
                }
            },
            "protected": false,
            "followers_count": 653970,
            "friends_count": 27,
            "listed_count": 233,
            "created_at": "Fri Nov 08 23:27:31 +0000 2019",
            "favourites_count": 2,
            "utc_offset": null,
            "time_zone": null,
            "geo_enabled": false,
            "verified": true,
            "statuses_count": 81,
            "lang": null,
            "contributors_enabled": false,
            "is_translator": false,
            "is_translation_enabled": false,
            "profile_background_color": "F5F8FA",
            "profile_background_image_url": null,
            "profile_background_image_url_https": null,
            "profile_background_tile": false,
            "profile_image_url": "http://pbs.twimg.com/profile_images/1226997056780296192/bWP6U4NN_normal.jpg",
            "profile_image_url_https": "https://pbs.twimg.com/profile_images/1226997056780296192/bWP6U4NN_normal.jpg",
            "profile_banner_url": "https://pbs.twimg.com/profile_banners/1192946702891790336/1581373872",
            "profile_link_color": "1DA1F2",
            "profile_sidebar_border_color": "C0DEED",
            "profile_sidebar_fill_color": "DDEEF6",
            "profile_text_color": "333333",
            "profile_use_background_image": true,
            "has_extended_profile": true,
            "default_profile": true,
            "default_profile_image": false,
            "following": false,
            "live_following": false,
            "follow_request_sent": false,
            "notifications": false,
            "muting": false,
            "blocking": true,
            "blocked_by": false,
            "translator_type": "none"
        },
        {
            "id": 43480585,
            "id_str": "43480585",
            "name": "Martin Shkreli",
            "screen_name": "RealShkreli",
            "location": "White Deer, PA",
            "description": "America's Most Hated Man. Inmate # 87850-053.",
            "url": null,
            "entities": {
                "description": {
                    "urls": [
                        
                    ]
                }
            },
            "protected": false,
            "followers_count": 3474,
            "friends_count": 203,
            "listed_count": 19,
            "created_at": "Sat May 30 04:31:22 +0000 2009",
            "favourites_count": 821,
            "utc_offset": null,
            "time_zone": null,
            "geo_enabled": true,
            "verified": false,
            "statuses_count": 1559,
            "lang": null,
            "contributors_enabled": false,
            "is_translator": false,
            "is_translation_enabled": false,
            "profile_background_color": "9AE4E8",
            "profile_background_image_url": "http://abs.twimg.com/images/themes/theme1/bg.png",
            "profile_background_image_url_https": "https://abs.twimg.com/images/themes/theme1/bg.png",
            "profile_background_tile": false,
            "profile_image_url": "http://pbs.twimg.com/profile_images/1179077310579904512/3zfIURpY_normal.jpg",
            "profile_image_url_https": "https://pbs.twimg.com/profile_images/1179077310579904512/3zfIURpY_normal.jpg",
            "profile_banner_url": "https://pbs.twimg.com/profile_banners/43480585/1567698072",
            "profile_link_color": "0084B4",
            "profile_sidebar_border_color": "BDDCAD",
            "profile_sidebar_fill_color": "DDFFCC",
            "profile_text_color": "333333",
            "profile_use_background_image": true,
            "has_extended_profile": false,
            "default_profile": false,
            "default_profile_image": false,
            "following": false,
            "live_following": false,
            "follow_request_sent": false,
            "notifications": false,
            "muting": false,
            "blocking": true,
            "blocked_by": false,
            "translator_type": "none"
        }
    ],
    "next_cursor": 0,
    "next_cursor_str": "0",
    "previous_cursor": 0,
    "previous_cursor_str": "0",
    "total_count": null
}
]]></system-out>
  </testcase>
</testsuite>