<?xml version="1.0" encoding="UTF-8"?>
<!-- Generated by org.testng.reporters.JUnitReportReporter -->
<testsuite hostname="lyess-MBP.lan" failures="0" tests="13" name="testpost.PostAPIClientTest" time="6.527" errors="0" timestamp="2021-04-09T02:08:26 CDT" skipped="0">
  <testcase classname="testpost.PostAPIClientTest" name="testUserCanPutAPostUsingPojoSuccessfully" time="0.419"/>
  <system-out/>
  <testcase classname="testpost.PostAPIClientTest" name="testUserCanGetPostsUsingId" time="0.223"/>
  <system-out/>
  <testcase classname="testpost.PostAPIClientTest" name="testDeletePost" time="0.420"/>
  <system-out/>
  <testcase classname="testpost.PostAPIClientTest" name="testDeletePhotoUsingTitle" time="0.432"/>
  <system-out/>
  <testcase classname="testpost.PostAPIClientTest" name="testGetAlbumUsingTitle" time="0.400"/>
  <system-out/>
  <testcase classname="testpost.PostAPIClientTest" name="testGetAllPosts" time="0.292"/>
  <system-out/>
  <testcase classname="testpost.PostAPIClientTest" name="testGetUsersUsingId" time="0.221"/>
  <system-out/>
  <testcase classname="testpost.PostAPIClientTest" name="testCanGetPhotoUsingUrl" time="2.060"/>
  <system-out/>
  <testcase classname="testpost.PostAPIClientTest" name="testUserCanCreateAPostSuccessfully" time="0.615"/>
  <system-out/>
  <testcase classname="testpost.PostAPIClientTest" name="testUserCanCreateAPostUsingPojoSuccessfully" time="0.407"/>
  <system-out/>
  <testcase classname="testpost.PostAPIClientTest" name="testGetPhotoUsingUrl" time="0.237"/>
  <system-out/>
  <testcase classname="testpost.PostAPIClientTest" name="testUserCanCreateTodos" time="0.373"/>
  <system-out/>
  <testcase classname="testpost.PostAPIClientTest" name="testUserCanUploadPicture" time="0.428"/>
  <system-out/>
</testsuite> <!-- testpost.PostAPIClientTest -->
